2024-09-18 09:20:03.494  INFO 19608 --- [main] c.I.B.InternshipBackendApplication       : Starting InternshipBackendApplication using Java 1.8.0_231 on DESKTOP-LUC08EI with PID 19608 (C:\Users\itski\Desktop\New Folder\internship\Intership-main\Intership-main\backend\InternshipBack\target\classes started by itski in C:\Users\itski\Desktop\New folder\internship\Intership-main\Intership-main\backend\InternshipBack)
2024-09-18 09:20:03.592  INFO 19608 --- [main] c.I.B.InternshipBackendApplication       : No active profile set, falling back to 1 default profile: "default"
2024-09-18 09:20:03.471  INFO 15512 --- [main] c.I.B.InternshipBackendApplication       : Starting InternshipBackendApplication using Java 1.8.0_231 on DESKTOP-LUC08EI with PID 15512 (C:\Users\itski\Desktop\New Folder\internship\Intership-main\Intership-main\backend\InternshipBack\target\classes started by itski in C:\Users\itski\Desktop\New folder\internship\Intership-main\Intership-main\backend\InternshipBack)
2024-09-18 09:20:04.239  INFO 15512 --- [main] c.I.B.InternshipBackendApplication       : No active profile set, falling back to 1 default profile: "default"
2024-09-18 09:20:03.467  INFO 6640 --- [main] c.I.B.InternshipBackendApplication       : Starting InternshipBackendApplication using Java 1.8.0_231 on DESKTOP-LUC08EI with PID 6640 (C:\Users\itski\Desktop\New Folder\internship\Intership-main\Intership-main\backend\InternshipBack\target\classes started by itski in C:\Users\itski\Desktop\New folder\internship\Intership-main\Intership-main\backend\InternshipBack)
2024-09-18 09:20:04.264  INFO 6640 --- [main] c.I.B.InternshipBackendApplication       : No active profile set, falling back to 1 default profile: "default"
2024-09-18 09:20:13.030  INFO 6640 --- [main] ptablePropertiesBeanFactoryPostProcessor : Post-processing PropertySource instances
2024-09-18 09:20:13.033  INFO 6640 --- [main] c.u.j.EncryptablePropertySourceConverter : Skipping PropertySource configurationProperties [class org.springframework.boot.context.properties.source.ConfigurationPropertySourcesPropertySource
2024-09-18 09:20:13.043  INFO 6640 --- [main] c.u.j.EncryptablePropertySourceConverter : Skipping PropertySource servletConfigInitParams [class org.springframework.core.env.PropertySource$StubPropertySource
2024-09-18 09:20:13.044  INFO 6640 --- [main] c.u.j.EncryptablePropertySourceConverter : Skipping PropertySource servletContextInitParams [class org.springframework.core.env.PropertySource$StubPropertySource
2024-09-18 09:20:13.047  INFO 6640 --- [main] c.u.j.EncryptablePropertySourceConverter : Converting PropertySource systemProperties [org.springframework.core.env.PropertiesPropertySource] to EncryptableMapPropertySourceWrapper
2024-09-18 09:20:13.047  INFO 6640 --- [main] c.u.j.EncryptablePropertySourceConverter : Converting PropertySource systemEnvironment [org.springframework.boot.env.SystemEnvironmentPropertySourceEnvironmentPostProcessor$OriginAwareSystemEnvironmentPropertySource] to EncryptableSystemEnvironmentPropertySourceWrapper
2024-09-18 09:20:13.048  INFO 15512 --- [main] ptablePropertiesBeanFactoryPostProcessor : Post-processing PropertySource instances
2024-09-18 09:20:13.048  INFO 6640 --- [main] c.u.j.EncryptablePropertySourceConverter : Converting PropertySource random [org.springframework.boot.env.RandomValuePropertySource] to EncryptablePropertySourceWrapper
2024-09-18 09:20:13.049  INFO 6640 --- [main] c.u.j.EncryptablePropertySourceConverter : Converting PropertySource Config resource 'class path resource [application.properties]' via location 'optional:classpath:/' [org.springframework.boot.env.OriginTrackedMapPropertySource] to EncryptableMapPropertySourceWrapper
2024-09-18 09:20:13.062  INFO 19608 --- [main] ptablePropertiesBeanFactoryPostProcessor : Post-processing PropertySource instances
2024-09-18 09:20:13.065  INFO 15512 --- [main] c.u.j.EncryptablePropertySourceConverter : Skipping PropertySource configurationProperties [class org.springframework.boot.context.properties.source.ConfigurationPropertySourcesPropertySource
2024-09-18 09:20:13.069  INFO 15512 --- [main] c.u.j.EncryptablePropertySourceConverter : Skipping PropertySource servletConfigInitParams [class org.springframework.core.env.PropertySource$StubPropertySource
2024-09-18 09:20:13.070  INFO 15512 --- [main] c.u.j.EncryptablePropertySourceConverter : Skipping PropertySource servletContextInitParams [class org.springframework.core.env.PropertySource$StubPropertySource
2024-09-18 09:20:13.073  INFO 15512 --- [main] c.u.j.EncryptablePropertySourceConverter : Converting PropertySource systemProperties [org.springframework.core.env.PropertiesPropertySource] to EncryptableMapPropertySourceWrapper
2024-09-18 09:20:13.072  INFO 19608 --- [main] c.u.j.EncryptablePropertySourceConverter : Skipping PropertySource configurationProperties [class org.springframework.boot.context.properties.source.ConfigurationPropertySourcesPropertySource
2024-09-18 09:20:13.075  INFO 19608 --- [main] c.u.j.EncryptablePropertySourceConverter : Skipping PropertySource servletConfigInitParams [class org.springframework.core.env.PropertySource$StubPropertySource
2024-09-18 09:20:13.076  INFO 19608 --- [main] c.u.j.EncryptablePropertySourceConverter : Skipping PropertySource servletContextInitParams [class org.springframework.core.env.PropertySource$StubPropertySource
2024-09-18 09:20:13.078  INFO 19608 --- [main] c.u.j.EncryptablePropertySourceConverter : Converting PropertySource systemProperties [org.springframework.core.env.PropertiesPropertySource] to EncryptableMapPropertySourceWrapper
2024-09-18 09:20:13.079  INFO 19608 --- [main] c.u.j.EncryptablePropertySourceConverter : Converting PropertySource systemEnvironment [org.springframework.boot.env.SystemEnvironmentPropertySourceEnvironmentPostProcessor$OriginAwareSystemEnvironmentPropertySource] to EncryptableSystemEnvironmentPropertySourceWrapper
2024-09-18 09:20:13.080  INFO 19608 --- [main] c.u.j.EncryptablePropertySourceConverter : Converting PropertySource random [org.springframework.boot.env.RandomValuePropertySource] to EncryptablePropertySourceWrapper
2024-09-18 09:20:13.080  INFO 19608 --- [main] c.u.j.EncryptablePropertySourceConverter : Converting PropertySource Config resource 'class path resource [application.properties]' via location 'optional:classpath:/' [org.springframework.boot.env.OriginTrackedMapPropertySource] to EncryptableMapPropertySourceWrapper
2024-09-18 09:20:13.074  INFO 15512 --- [main] c.u.j.EncryptablePropertySourceConverter : Converting PropertySource systemEnvironment [org.springframework.boot.env.SystemEnvironmentPropertySourceEnvironmentPostProcessor$OriginAwareSystemEnvironmentPropertySource] to EncryptableSystemEnvironmentPropertySourceWrapper
2024-09-18 09:20:13.092  INFO 15512 --- [main] c.u.j.EncryptablePropertySourceConverter : Converting PropertySource random [org.springframework.boot.env.RandomValuePropertySource] to EncryptablePropertySourceWrapper
2024-09-18 09:20:13.093  INFO 15512 --- [main] c.u.j.EncryptablePropertySourceConverter : Converting PropertySource Config resource 'class path resource [application.properties]' via location 'optional:classpath:/' [org.springframework.boot.env.OriginTrackedMapPropertySource] to EncryptableMapPropertySourceWrapper
2024-09-18 09:20:14.521  INFO 15512 --- [main] c.u.j.filter.DefaultLazyPropertyFilter   : Property Filter custom Bean not found with name 'encryptablePropertyFilter'. Initializing Default Property Filter
2024-09-18 09:20:14.529  INFO 6640 --- [main] c.u.j.filter.DefaultLazyPropertyFilter   : Property Filter custom Bean not found with name 'encryptablePropertyFilter'. Initializing Default Property Filter
2024-09-18 09:20:14.534  INFO 19608 --- [main] c.u.j.filter.DefaultLazyPropertyFilter   : Property Filter custom Bean not found with name 'encryptablePropertyFilter'. Initializing Default Property Filter
2024-09-18 09:20:14.562  INFO 15512 --- [main] c.u.j.r.DefaultLazyPropertyResolver      : Property Resolver custom Bean not found with name 'encryptablePropertyResolver'. Initializing Default Property Resolver
2024-09-18 09:20:14.572  INFO 19608 --- [main] c.u.j.r.DefaultLazyPropertyResolver      : Property Resolver custom Bean not found with name 'encryptablePropertyResolver'. Initializing Default Property Resolver
2024-09-18 09:20:14.573  INFO 6640 --- [main] c.u.j.r.DefaultLazyPropertyResolver      : Property Resolver custom Bean not found with name 'encryptablePropertyResolver'. Initializing Default Property Resolver
2024-09-18 09:20:14.598  INFO 15512 --- [main] c.u.j.d.DefaultLazyPropertyDetector      : Property Detector custom Bean not found with name 'encryptablePropertyDetector'. Initializing Default Property Detector
2024-09-18 09:20:14.597  INFO 19608 --- [main] c.u.j.d.DefaultLazyPropertyDetector      : Property Detector custom Bean not found with name 'encryptablePropertyDetector'. Initializing Default Property Detector
2024-09-18 09:20:14.629  INFO 6640 --- [main] c.u.j.d.DefaultLazyPropertyDetector      : Property Detector custom Bean not found with name 'encryptablePropertyDetector'. Initializing Default Property Detector
2024-09-18 09:20:16.162  INFO 19608 --- [main] o.s.b.w.embedded.tomcat.TomcatWebServer  : Tomcat initialized with port(s): 8888 (http)
2024-09-18 09:20:16.165  INFO 15512 --- [main] o.s.b.w.embedded.tomcat.TomcatWebServer  : Tomcat initialized with port(s): 8888 (http)
2024-09-18 09:20:16.168  INFO 6640 --- [main] o.s.b.w.embedded.tomcat.TomcatWebServer  : Tomcat initialized with port(s): 8888 (http)
2024-09-18 09:20:16.324  INFO 19608 --- [main] o.apache.catalina.core.StandardService   : Starting service [Tomcat]
2024-09-18 09:20:16.332  INFO 19608 --- [main] org.apache.catalina.core.StandardEngine  : Starting Servlet engine: [Apache Tomcat/9.0.68]
2024-09-18 09:20:16.426  INFO 6640 --- [main] o.apache.catalina.core.StandardService   : Starting service [Tomcat]
2024-09-18 09:20:16.428  INFO 6640 --- [main] org.apache.catalina.core.StandardEngine  : Starting Servlet engine: [Apache Tomcat/9.0.68]
2024-09-18 09:20:16.461  INFO 15512 --- [main] o.apache.catalina.core.StandardService   : Starting service [Tomcat]
2024-09-18 09:20:16.472  INFO 15512 --- [main] org.apache.catalina.core.StandardEngine  : Starting Servlet engine: [Apache Tomcat/9.0.68]
2024-09-18 09:20:18.568  INFO 15512 --- [main] o.a.c.c.C.[Tomcat].[localhost].[/]       : Initializing Spring embedded WebApplicationContext
2024-09-18 09:20:18.568  INFO 19608 --- [main] o.a.c.c.C.[Tomcat].[localhost].[/]       : Initializing Spring embedded WebApplicationContext
2024-09-18 09:20:18.569  INFO 15512 --- [main] w.s.c.ServletWebServerApplicationContext : Root WebApplicationContext: initialization completed in 13215 ms
2024-09-18 09:20:18.569  INFO 19608 --- [main] w.s.c.ServletWebServerApplicationContext : Root WebApplicationContext: initialization completed in 13172 ms
2024-09-18 09:20:18.571  INFO 6640 --- [main] o.a.c.c.C.[Tomcat].[localhost].[/]       : Initializing Spring embedded WebApplicationContext
2024-09-18 09:20:18.572  INFO 6640 --- [main] w.s.c.ServletWebServerApplicationContext : Root WebApplicationContext: initialization completed in 13204 ms
2024-09-18 09:20:18.994  INFO 19608 --- [main] c.u.j.encryptor.DefaultLazyEncryptor     : Found Custom Encryptor Bean org.jasypt.encryption.pbe.StandardPBEStringEncryptor@16073fa8 with name: jasyptStringEncryptor
2024-09-18 09:20:19.006  INFO 6640 --- [main] c.u.j.encryptor.DefaultLazyEncryptor     : Found Custom Encryptor Bean org.jasypt.encryption.pbe.StandardPBEStringEncryptor@3bead518 with name: jasyptStringEncryptor
2024-09-18 09:20:19.023  INFO 15512 --- [main] c.u.j.encryptor.DefaultLazyEncryptor     : Found Custom Encryptor Bean org.jasypt.encryption.pbe.StandardPBEStringEncryptor@1cc9cfb2 with name: jasyptStringEncryptor
2024-09-18 09:20:22.140  INFO 19608 --- [main] o.s.l.c.support.AbstractContextSource    : Property 'userDn' not set - anonymous context will be used for read-write operations
2024-09-18 09:20:22.143  INFO 15512 --- [main] o.s.l.c.support.AbstractContextSource    : Property 'userDn' not set - anonymous context will be used for read-write operations
2024-09-18 09:20:22.144  INFO 6640 --- [main] o.s.l.c.support.AbstractContextSource    : Property 'userDn' not set - anonymous context will be used for read-write operations
2024-09-18 09:20:25.272  INFO 15512 --- [main] o.s.s.web.DefaultSecurityFilterChain     : Will secure any request with [org.springframework.security.web.session.DisableEncodeUrlFilter@9b76b60, org.springframework.security.web.context.request.async.WebAsyncManagerIntegrationFilter@3fb9a67f, org.springframework.security.web.context.SecurityContextPersistenceFilter@366d8b97, org.springframework.security.web.header.HeaderWriterFilter@440e3ce6, org.springframework.web.filter.CorsFilter@127705e4, org.springframework.security.web.authentication.logout.LogoutFilter@7f1ef916, com.Internship.Backend.security.jwt.AuthTokenFilter@2f00f851, org.springframework.security.web.savedrequest.RequestCacheAwareFilter@7654f833, org.springframework.security.web.servletapi.SecurityContextHolderAwareRequestFilter@d7109be, org.springframework.security.web.authentication.AnonymousAuthenticationFilter@5562c2c9, org.springframework.security.web.session.SessionManagementFilter@2d7a9786, org.springframework.security.web.access.ExceptionTranslationFilter@640ab13c, org.springframework.security.web.access.intercept.FilterSecurityInterceptor@625a9c5d]
2024-09-18 09:20:25.276  INFO 19608 --- [main] o.s.s.web.DefaultSecurityFilterChain     : Will secure any request with [org.springframework.security.web.session.DisableEncodeUrlFilter@551e4c6d, org.springframework.security.web.context.request.async.WebAsyncManagerIntegrationFilter@625a9c5d, org.springframework.security.web.context.SecurityContextPersistenceFilter@7bab5898, org.springframework.security.web.header.HeaderWriterFilter@2da66a44, org.springframework.web.filter.CorsFilter@5d1e0fbb, org.springframework.security.web.authentication.logout.LogoutFilter@3c78e551, com.Internship.Backend.security.jwt.AuthTokenFilter@16e7b402, org.springframework.security.web.savedrequest.RequestCacheAwareFilter@feb98ef, org.springframework.security.web.servletapi.SecurityContextHolderAwareRequestFilter@571a01f9, org.springframework.security.web.authentication.AnonymousAuthenticationFilter@2eed37f4, org.springframework.security.web.session.SessionManagementFilter@432f521f, org.springframework.security.web.access.ExceptionTranslationFilter@7132a9dc, org.springframework.security.web.access.intercept.FilterSecurityInterceptor@44be69aa]
2024-09-18 09:20:25.280  INFO 6640 --- [main] o.s.s.web.DefaultSecurityFilterChain     : Will secure any request with [org.springframework.security.web.session.DisableEncodeUrlFilter@3f36e8d1, org.springframework.security.web.context.request.async.WebAsyncManagerIntegrationFilter@7c011174, org.springframework.security.web.context.SecurityContextPersistenceFilter@178f268a, org.springframework.security.web.header.HeaderWriterFilter@fd53053, org.springframework.web.filter.CorsFilter@794366a5, org.springframework.security.web.authentication.logout.LogoutFilter@69923ac3, com.Internship.Backend.security.jwt.AuthTokenFilter@108a46d6, org.springframework.security.web.savedrequest.RequestCacheAwareFilter@5c723f2d, org.springframework.security.web.servletapi.SecurityContextHolderAwareRequestFilter@2d7a9786, org.springframework.security.web.authentication.AnonymousAuthenticationFilter@480b57e2, org.springframework.security.web.session.SessionManagementFilter@329bad59, org.springframework.security.web.access.ExceptionTranslationFilter@440e3ce6, org.springframework.security.web.access.intercept.FilterSecurityInterceptor@5562c2c9]
2024-09-18 09:20:26.886  WARN 6640 --- [main] ConfigServletWebServerApplicationContext : Exception encountered during context initialization - cancelling refresh attempt: org.springframework.context.ApplicationContextException: Failed to start bean 'webServerStartStop'; nested exception is org.springframework.boot.web.server.PortInUseException: Port 8888 is already in use
2024-09-18 09:20:26.886  WARN 19608 --- [main] ConfigServletWebServerApplicationContext : Exception encountered during context initialization - cancelling refresh attempt: org.springframework.context.ApplicationContextException: Failed to start bean 'webServerStartStop'; nested exception is org.springframework.boot.web.server.PortInUseException: Port 8888 is already in use
2024-09-18 09:20:26.915  INFO 6640 --- [main] o.apache.catalina.core.StandardService   : Stopping service [Tomcat]
2024-09-18 09:20:26.921  INFO 19608 --- [main] o.apache.catalina.core.StandardService   : Stopping service [Tomcat]
2024-09-18 09:20:27.017  INFO 6640 --- [main] ConditionEvaluationReportLoggingListener : 

Error starting ApplicationContext. To display the conditions report re-run your application with 'debug' enabled.
2024-09-18 09:20:27.049  INFO 19608 --- [main] ConditionEvaluationReportLoggingListener : 

Error starting ApplicationContext. To display the conditions report re-run your application with 'debug' enabled.
2024-09-18 09:20:27.089  INFO 15512 --- [main] o.s.b.w.embedded.tomcat.TomcatWebServer  : Tomcat started on port(s): 8888 (http) with context path ''
2024-09-18 09:20:27.095  INFO 15512 --- [main] u.j.c.RefreshScopeRefreshedEventListener : Refreshing cached encryptable property sources on ServletWebServerInitializedEvent
2024-09-18 09:20:27.129  INFO 15512 --- [main] CachingDelegateEncryptablePropertySource : Property Source systemProperties refreshed
2024-09-18 09:20:27.129  INFO 15512 --- [main] CachingDelegateEncryptablePropertySource : Property Source systemEnvironment refreshed
2024-09-18 09:20:27.130  INFO 15512 --- [main] CachingDelegateEncryptablePropertySource : Property Source random refreshed
2024-09-18 09:20:27.130  INFO 15512 --- [main] CachingDelegateEncryptablePropertySource : Property Source Config resource 'class path resource [application.properties]' via location 'optional:classpath:/' refreshed
2024-09-18 09:20:27.131  INFO 15512 --- [main] c.u.j.EncryptablePropertySourceConverter : Skipping PropertySource configurationProperties [class org.springframework.boot.context.properties.source.ConfigurationPropertySourcesPropertySource
2024-09-18 09:20:27.131  INFO 15512 --- [main] c.u.j.EncryptablePropertySourceConverter : Skipping PropertySource servletConfigInitParams [class org.springframework.core.env.PropertySource$StubPropertySource
2024-09-18 09:20:27.132  INFO 15512 --- [main] c.u.j.EncryptablePropertySourceConverter : Converting PropertySource servletContextInitParams [org.springframework.web.context.support.ServletContextPropertySource] to EncryptableEnumerablePropertySourceWrapper
2024-09-18 09:20:27.189  INFO 15512 --- [main] c.I.B.InternshipBackendApplication       : Started InternshipBackendApplication in 27.925 seconds (JVM running for 38.474)
2024-09-18 09:20:27.233 ERROR 6640 --- [main] o.s.b.d.LoggingFailureAnalysisReporter   : 

***************************
APPLICATION FAILED TO START
***************************

Description:

Web server failed to start. Port 8888 was already in use.

Action:

Identify and stop the process that's listening on port 8888 or configure this application to listen on another port.

2024-09-18 09:20:27.213 ERROR 19608 --- [main] o.s.b.d.LoggingFailureAnalysisReporter   : 

***************************
APPLICATION FAILED TO START
***************************

Description:

Web server failed to start. Port 8888 was already in use.

Action:

Identify and stop the process that's listening on port 8888 or configure this application to listen on another port.

2024-09-18 09:21:34.172  INFO 13696 --- [main] c.I.B.InternshipBackendApplication       : Starting InternshipBackendApplication using Java 1.8.0_231 on DESKTOP-LUC08EI with PID 13696 (C:\Users\itski\Desktop\New Folder\internship\Intership-main\Intership-main\backend\InternshipBack\target\classes started by itski in C:\Users\itski\Desktop\New folder\internship\Intership-main\Intership-main\backend\InternshipBack)
2024-09-18 09:21:34.179  INFO 13696 --- [main] c.I.B.InternshipBackendApplication       : No active profile set, falling back to 1 default profile: "default"
2024-09-18 09:21:37.886  INFO 13696 --- [main] ptablePropertiesBeanFactoryPostProcessor : Post-processing PropertySource instances
2024-09-18 09:21:37.889  INFO 13696 --- [main] c.u.j.EncryptablePropertySourceConverter : Skipping PropertySource configurationProperties [class org.springframework.boot.context.properties.source.ConfigurationPropertySourcesPropertySource
2024-09-18 09:21:37.899  INFO 13696 --- [main] c.u.j.EncryptablePropertySourceConverter : Converting PropertySource commandLineArgs [org.springframework.core.env.SimpleCommandLinePropertySource] to EncryptableEnumerablePropertySourceWrapper
2024-09-18 09:21:37.900  INFO 13696 --- [main] c.u.j.EncryptablePropertySourceConverter : Skipping PropertySource servletConfigInitParams [class org.springframework.core.env.PropertySource$StubPropertySource
2024-09-18 09:21:37.901  INFO 13696 --- [main] c.u.j.EncryptablePropertySourceConverter : Skipping PropertySource servletContextInitParams [class org.springframework.core.env.PropertySource$StubPropertySource
2024-09-18 09:21:37.901  INFO 13696 --- [main] c.u.j.EncryptablePropertySourceConverter : Converting PropertySource systemProperties [org.springframework.core.env.PropertiesPropertySource] to EncryptableMapPropertySourceWrapper
2024-09-18 09:21:37.902  INFO 13696 --- [main] c.u.j.EncryptablePropertySourceConverter : Converting PropertySource systemEnvironment [org.springframework.boot.env.SystemEnvironmentPropertySourceEnvironmentPostProcessor$OriginAwareSystemEnvironmentPropertySource] to EncryptableSystemEnvironmentPropertySourceWrapper
2024-09-18 09:21:37.903  INFO 13696 --- [main] c.u.j.EncryptablePropertySourceConverter : Converting PropertySource random [org.springframework.boot.env.RandomValuePropertySource] to EncryptablePropertySourceWrapper
2024-09-18 09:21:37.903  INFO 13696 --- [main] c.u.j.EncryptablePropertySourceConverter : Converting PropertySource Config resource 'class path resource [application.properties]' via location 'optional:classpath:/' [org.springframework.boot.env.OriginTrackedMapPropertySource] to EncryptableMapPropertySourceWrapper
2024-09-18 09:21:38.354  INFO 13696 --- [main] c.u.j.filter.DefaultLazyPropertyFilter   : Property Filter custom Bean not found with name 'encryptablePropertyFilter'. Initializing Default Property Filter
2024-09-18 09:21:38.379  INFO 13696 --- [main] c.u.j.r.DefaultLazyPropertyResolver      : Property Resolver custom Bean not found with name 'encryptablePropertyResolver'. Initializing Default Property Resolver
2024-09-18 09:21:38.383  INFO 13696 --- [main] c.u.j.d.DefaultLazyPropertyDetector      : Property Detector custom Bean not found with name 'encryptablePropertyDetector'. Initializing Default Property Detector
2024-09-18 09:21:38.879  INFO 13696 --- [main] o.s.b.w.embedded.tomcat.TomcatWebServer  : Tomcat initialized with port(s): 8888 (http)
2024-09-18 09:21:38.901  INFO 13696 --- [main] o.apache.catalina.core.StandardService   : Starting service [Tomcat]
2024-09-18 09:21:38.902  INFO 13696 --- [main] org.apache.catalina.core.StandardEngine  : Starting Servlet engine: [Apache Tomcat/9.0.68]
2024-09-18 09:21:39.396  INFO 13696 --- [main] o.a.c.c.C.[Tomcat].[localhost].[/]       : Initializing Spring embedded WebApplicationContext
2024-09-18 09:21:39.397  INFO 13696 --- [main] w.s.c.ServletWebServerApplicationContext : Root WebApplicationContext: initialization completed in 4965 ms
2024-09-18 09:21:39.592  INFO 13696 --- [main] c.u.j.encryptor.DefaultLazyEncryptor     : Found Custom Encryptor Bean org.jasypt.encryption.pbe.StandardPBEStringEncryptor@3cd59ef5 with name: jasyptStringEncryptor
2024-09-18 09:21:41.135  INFO 13696 --- [main] o.s.l.c.support.AbstractContextSource    : Property 'userDn' not set - anonymous context will be used for read-write operations
2024-09-18 09:21:43.329  INFO 13696 --- [main] o.s.s.web.DefaultSecurityFilterChain     : Will secure any request with [org.springframework.security.web.session.DisableEncodeUrlFilter@340d6d89, org.springframework.security.web.context.request.async.WebAsyncManagerIntegrationFilter@561953e3, org.springframework.security.web.context.SecurityContextPersistenceFilter@30f74e79, org.springframework.security.web.header.HeaderWriterFilter@feb98ef, org.springframework.web.filter.CorsFilter@443faa85, org.springframework.security.web.authentication.logout.LogoutFilter@3791f50e, com.Internship.Backend.security.jwt.AuthTokenFilter@c6c82aa, org.springframework.security.web.savedrequest.RequestCacheAwareFilter@68ac9ec5, org.springframework.security.web.servletapi.SecurityContextHolderAwareRequestFilter@5ed4bc, org.springframework.security.web.authentication.AnonymousAuthenticationFilter@1ee47d9e, org.springframework.security.web.session.SessionManagementFilter@7b27e8f4, org.springframework.security.web.access.ExceptionTranslationFilter@7bab5898, org.springframework.security.web.access.intercept.FilterSecurityInterceptor@794366a5]
2024-09-18 09:21:44.351  WARN 13696 --- [main] ConfigServletWebServerApplicationContext : Exception encountered during context initialization - cancelling refresh attempt: org.springframework.context.ApplicationContextException: Failed to start bean 'webServerStartStop'; nested exception is org.springframework.boot.web.server.PortInUseException: Port 8888 is already in use
2024-09-18 09:21:44.371  INFO 13696 --- [main] o.apache.catalina.core.StandardService   : Stopping service [Tomcat]
2024-09-18 09:21:44.406  INFO 13696 --- [main] ConditionEvaluationReportLoggingListener : 

Error starting ApplicationContext. To display the conditions report re-run your application with 'debug' enabled.
2024-09-18 09:21:44.472 ERROR 13696 --- [main] o.s.b.d.LoggingFailureAnalysisReporter   : 

***************************
APPLICATION FAILED TO START
***************************

Description:

Web server failed to start. Port 8888 was already in use.

Action:

Identify and stop the process that's listening on port 8888 or configure this application to listen on another port.

2024-09-18 09:23:01.034  INFO 15512 --- [http-nio-8888-exec-1] o.a.c.c.C.[Tomcat].[localhost].[/]       : Initializing Spring DispatcherServlet 'dispatcherServlet'
2024-09-18 09:23:01.037  INFO 15512 --- [http-nio-8888-exec-1] o.s.web.servlet.DispatcherServlet        : Initializing Servlet 'dispatcherServlet'
2024-09-18 09:23:01.043  INFO 15512 --- [http-nio-8888-exec-1] o.s.web.servlet.DispatcherServlet        : Completed initialization in 5 ms
2024-09-18 09:23:01.281 ERROR 15512 --- [http-nio-8888-exec-1] c.I.B.security.jwt.AuthEntryPointJwt     : Unauthorized error: Full authentication is required to access this resource
2024-09-18 09:23:01.394 ERROR 15512 --- [http-nio-8888-exec-2] c.I.B.security.jwt.AuthEntryPointJwt     : Unauthorized error: Full authentication is required to access this resource
2024-09-18 09:23:37.349  INFO 15512 --- [http-nio-8888-exec-3] com.zaxxer.hikari.HikariDataSource       : HikariPool-1 - Starting...
2024-09-18 09:23:38.331  INFO 15512 --- [http-nio-8888-exec-3] com.zaxxer.hikari.HikariDataSource       : HikariPool-1 - Start completed.
2024-09-18 09:23:39.321  INFO 15512 --- [http-nio-8888-exec-3] c.I.Backend.controllers.AuthController   : user with username:GaramaN is loggeding from ip address:0:0:0:0:0:0:0:1 on browser:Mozilla/5.0 (Windows NT 10.0; Win64; x64) AppleWebKit/537.36 (KHTML, like Gecko) Chrome/128.0.0.0 Safari/537.36
2024-09-18 10:13:41.806  WARN 15512 --- [HikariPool-1 housekeeper] com.zaxxer.hikari.pool.HikariPool        : HikariPool-1 - Thread starvation or clock leap detected (housekeeper delta=1m2s543ms406µs).
