#
# There is insufficient memory for the Java Runtime Environment to continue.
# Native memory allocation (malloc) failed to allocate 2097152 bytes. Error detail: AllocateHeap
# Possible reasons:
#   The system is out of physical RAM or swap space
#   This process is running with CompressedOops enabled, and the Java Heap may be blocking the growth of the native heap
# Possible solutions:
#   Reduce memory load on the system
#   Increase physical memory or swap space
#   Check if swap backing store is full
#   Decrease Java heap size (-Xmx/-Xms)
#   Decrease number of Java threads
#   Decrease Java thread stack sizes (-Xss)
#   Set larger code cache with -XX:ReservedCodeCacheSize=
#   JVM is running with Unscaled Compressed Oops mode in which the Java heap is
#     placed in the first 4GB address space. The Java Heap base address is the
#     maximum limit for the native heap growth. Please use -XX:HeapBaseMinAddress
#     to set the Java Heap base and to place the Java Heap above 4GB virtual address.
# This output file may be truncated or incomplete.
#
#  Out of Memory Error (allocation.cpp:44), pid=23024, tid=20808
#
# JRE version: OpenJDK Runtime Environment Temurin-17.0.11+9 (17.0.11+9) (build 17.0.11+9)
# Java VM: OpenJDK 64-Bit Server VM Temurin-17.0.11+9 (17.0.11+9, mixed mode, emulated-client, tiered, compressed oops, compressed class ptrs, g1 gc, windows-amd64)
# No core dump will be written. Minidumps are not enabled by default on client versions of Windows
#

---------------  S U M M A R Y ------------

Command Line: -Xmx1024m -Dsts.lsp.client=vscode -Dsts.log.file=/dev/null -XX:TieredStopAtLevel=1 -Xlog:jni+resolve=off -Dspring.config.location=file:c:\Users\Eskeal Obsa\.vscode\extensions\vmware.vscode-spring-boot-1.55.1\language-server\BOOT-INF\classes\application.properties org.springframework.ide.vscode.boot.app.BootLanguageServerBootApp

Host: Intel(R) Core(TM) i5-8265U CPU @ 1.60GHz, 8 cores, 3G,  Windows 10 , 64 bit Build 19041 (10.0.19041.2546)
Time: Sat Jul 20 18:59:40 2024 E. Africa Standard Time elapsed time: 20965.644080 seconds (0d 5h 49m 25s)

---------------  T H R E A D  ---------------

Current thread (0x00000269f01a3050):  VMThread "VM Thread" [stack: 0x0000007bcac00000,0x0000007bcad00000] [id=20808]

Stack: [0x0000007bcac00000,0x0000007bcad00000]
Native frames: (J=compiled Java code, j=interpreted, Vv=VM code, C=native code)
V  [jvm.dll+0x67d429]
V  [jvm.dll+0x834b7a]
V  [jvm.dll+0x83663e]
V  [jvm.dll+0x836ca3]
V  [jvm.dll+0x247dbf]
V  [jvm.dll+0xa6cb3]
V  [jvm.dll+0x2f8b61]
V  [jvm.dll+0x2f4750]
V  [jvm.dll+0x2dcf67]
V  [jvm.dll+0x31fb67]
V  [jvm.dll+0x83b19b]
V  [jvm.dll+0x83bed2]
V  [jvm.dll+0x83c3ed]
V  [jvm.dll+0x83c7c4]
V  [jvm.dll+0x83c890]
V  [jvm.dll+0x7e410a]
V  [jvm.dll+0x67c315]
C  [ucrtbase.dll+0x21bb2]
C  [KERNEL32.DLL+0x17614]
C  [ntdll.dll+0x526a1]

VM_Operation (0x0000007bcb5ff050): G1CollectFull, mode: safepoint, requested by thread 0x00000269f5c21880


---------------  P R O C E S S  ---------------

Threads class SMR info:
_java_thread_list=0x00000269f6d7cae0, length=20, elements={
0x00000269f01b7370, 0x00000269f01b7f00, 0x00000269f01f5010, 0x00000269f01f5ba0,
0x00000269f01f7480, 0x00000269f01f7d50, 0x00000269f01f8620, 0x00000269f01f8f30,
0x00000269f04fc590, 0x00000269f050c7b0, 0x00000269f53c0030, 0x00000269f5c21880,
0x00000269f5377830, 0x00000269e329eac0, 0x00000269f5cf9850, 0x00000269f5c00fd0,
0x00000269f5bcffb0, 0x00000269f5bcf590, 0x00000269f5bd1900, 0x00000269f6bdcf60
}

Java Threads: ( => current thread )
  0x00000269f01b7370 JavaThread "Reference Handler" daemon [_thread_blocked, id=13468, stack(0x0000007bcad00000,0x0000007bcae00000)]
  0x00000269f01b7f00 JavaThread "Finalizer" daemon [_thread_blocked, id=27948, stack(0x0000007bcae00000,0x0000007bcaf00000)]
  0x00000269f01f5010 JavaThread "Signal Dispatcher" daemon [_thread_blocked, id=25148, stack(0x0000007bcaf00000,0x0000007bcb000000)]
  0x00000269f01f5ba0 JavaThread "Attach Listener" daemon [_thread_blocked, id=9820, stack(0x0000007bcb000000,0x0000007bcb100000)]
  0x00000269f01f7480 JavaThread "Service Thread" daemon [_thread_blocked, id=19364, stack(0x0000007bcb100000,0x0000007bcb200000)]
  0x00000269f01f7d50 JavaThread "Monitor Deflation Thread" daemon [_thread_blocked, id=24020, stack(0x0000007bcb200000,0x0000007bcb300000)]
  0x00000269f01f8620 JavaThread "C1 CompilerThread0" daemon [_thread_blocked, id=16040, stack(0x0000007bcb300000,0x0000007bcb400000)]
  0x00000269f01f8f30 JavaThread "Sweeper thread" daemon [_thread_blocked, id=5784, stack(0x0000007bcb400000,0x0000007bcb500000)]
  0x00000269f04fc590 JavaThread "Notification Thread" daemon [_thread_blocked, id=29588, stack(0x0000007bcb600000,0x0000007bcb700000)]
  0x00000269f050c7b0 JavaThread "Common-Cleaner" daemon [_thread_blocked, id=17108, stack(0x0000007bcb800000,0x0000007bcb900000)]
  0x00000269f53c0030 JavaThread "boundedElastic-evictor-1" daemon [_thread_blocked, id=14620, stack(0x0000007bca400000,0x0000007bca500000)]
  0x00000269f5c21880 JavaThread "pool-13-thread-1" [_thread_blocked, id=18176, stack(0x0000007bcb500000,0x0000007bcb600000)]
  0x00000269f5377830 JavaThread "LanguageServerApp-lifecycle" [_thread_blocked, id=21136, stack(0x0000007bcc000000,0x0000007bcc100000)]
  0x00000269e329eac0 JavaThread "DestroyJavaVM" [_thread_blocked, id=26776, stack(0x0000007bca600000,0x0000007bca700000)]
  0x00000269f5cf9850 JavaThread "pool-14-thread-1" [_thread_in_native, id=27012, stack(0x0000007bcc200000,0x0000007bcc300000)]
  0x00000269f5c00fd0 JavaThread "Simple-Language-Server main thread" daemon [_thread_blocked, id=19884, stack(0x0000007bcc300000,0x0000007bcc400000)]
  0x00000269f5bcffb0 JavaThread "parallel-1" daemon [_thread_blocked, id=23228, stack(0x0000007bcc700000,0x0000007bcc800000)]
  0x00000269f5bcf590 JavaThread "pool-6-thread-1" [_thread_blocked, id=736, stack(0x0000007bcc800000,0x0000007bcc900000)]
  0x00000269f5bd1900 JavaThread "parallel-2" daemon [_thread_blocked, id=18864, stack(0x0000007bcc900000,0x0000007bcca00000)]
  0x00000269f6bdcf60 JavaThread "CompletableFutureDelayScheduler" daemon [_thread_blocked, id=5912, stack(0x0000007bca500000,0x0000007bca600000)]

Other Threads:
=>0x00000269f01a3050 VMThread "VM Thread" [stack: 0x0000007bcac00000,0x0000007bcad00000] [id=20808]
  0x00000269f0502ea0 WatcherThread [stack: 0x0000007bcb700000,0x0000007bcb800000] [id=21588]
  0x00000269e54249c0 GCTaskThread "GC Thread#0" [stack: 0x0000007bca700000,0x0000007bca800000] [id=27760]
  0x00000269f52681f0 GCTaskThread "GC Thread#1" [stack: 0x0000007bcb900000,0x0000007bcba00000] [id=5300]
  0x00000269f0675c30 GCTaskThread "GC Thread#2" [stack: 0x0000007bcba00000,0x0000007bcbb00000] [id=23752]
  0x00000269f527bc50 GCTaskThread "GC Thread#3" [stack: 0x0000007bcbb00000,0x0000007bcbc00000] [id=11224]
  0x00000269f0cfc660 GCTaskThread "GC Thread#4" [stack: 0x0000007bcbc00000,0x0000007bcbd00000] [id=21468]
  0x00000269f0f1a590 GCTaskThread "GC Thread#5" [stack: 0x0000007bcbd00000,0x0000007bcbe00000] [id=29880]
  0x00000269f53985f0 GCTaskThread "GC Thread#6" [stack: 0x0000007bcbe00000,0x0000007bcbf00000] [id=19120]
  0x00000269f53988b0 GCTaskThread "GC Thread#7" [stack: 0x0000007bcbf00000,0x0000007bcc000000] [id=29612]
  0x00000269e542d720 ConcurrentGCThread "G1 Main Marker" [stack: 0x0000007bca800000,0x0000007bca900000] [id=3244]
  0x00000269e542df50 ConcurrentGCThread "G1 Conc#0" [stack: 0x0000007bca900000,0x0000007bcaa00000] [id=28304]
  0x00000269f55d6c80 ConcurrentGCThread "G1 Conc#1" [stack: 0x0000007bcc100000,0x0000007bcc200000] [id=11000]
  0x00000269e548ec60 ConcurrentGCThread "G1 Refine#0" [stack: 0x0000007bcaa00000,0x0000007bcab00000] [id=11200]
  0x00000269e548f4a0 ConcurrentGCThread "G1 Service" [stack: 0x0000007bcab00000,0x0000007bcac00000] [id=17636]

Threads with active compile tasks:

VM state: at safepoint (normal execution)

VM Mutex/Monitor currently owned by a thread:  ([mutex/lock_event])
[0x00000269e53e35d0] Threads_lock - owner thread: 0x00000269f01a3050
[0x00000269e53e39c0] Heap_lock - owner thread: 0x00000269f5c21880

Heap address: 0x00000000c0000000, size: 1024 MB, Compressed Oops mode: 32-bit

CDS archive(s) not mapped
Compressed class space mapped at: 0x0000000100000000-0x0000000140000000, reserved size: 1073741824
Narrow klass base: 0x0000000000000000, Narrow klass shift: 3, Narrow klass range: 0x140000000

GC Precious Log:
 CPUs: 8 total, 8 available
 Memory: 3982M
 Large Page Support: Disabled
 NUMA Support: Disabled
 Compressed Oops: Enabled (32-bit)
 Heap Region Size: 1M
 Heap Min Capacity: 8M
 Heap Initial Capacity: 64M
 Heap Max Capacity: 1G
 Pre-touch: Disabled
 Parallel Workers: 8
 Concurrent Workers: 2
 Concurrent Refinement Workers: 8
 Periodic GC: Disabled

Heap:
 garbage-first heap   total 99328K, used 28712K [0x00000000c0000000, 0x0000000100000000)
  region size 1024K, 1 young (1024K), 0 survivors (0K)
 Metaspace       used 58468K, committed 59072K, reserved 1114112K
  class space    used 7219K, committed 7488K, reserved 1048576K

Heap Regions: E=young(eden), S=young(survivor), O=old, HS=humongous(starts), HC=humongous(continues), CS=collection set, F=free, OA=open archive, CA=closed archive, TAMS=top-at-mark-start (previous, next)
|   0|0x00000000c0000000, 0x00000000c0100000, 0x00000000c0100000|100%|HS|  |TAMS 0x00000000c0100000, 0x00000000c0000000| Untracked 
|   1|0x00000000c0100000, 0x00000000c0200000, 0x00000000c0200000|100%|HC|  |TAMS 0x00000000c0200000, 0x00000000c0100000| Untracked 
|   2|0x00000000c0200000, 0x00000000c0300000, 0x00000000c0300000|100%|HC|  |TAMS 0x00000000c0300000, 0x00000000c0200000| Untracked 
|   3|0x00000000c0300000, 0x00000000c0400000, 0x00000000c0400000|100%|HC|  |TAMS 0x00000000c0400000, 0x00000000c0300000| Untracked 
|   4|0x00000000c0400000, 0x00000000c0500000, 0x00000000c0500000|100%|HS|  |TAMS 0x00000000c0500000, 0x00000000c0400000| Untracked 
|   5|0x00000000c0500000, 0x00000000c0600000, 0x00000000c0600000|100%|HC|  |TAMS 0x00000000c0600000, 0x00000000c0500000| Untracked 
|   6|0x00000000c0600000, 0x00000000c0700000, 0x00000000c0700000|100%| O|  |TAMS 0x00000000c0700000, 0x00000000c0600000| Untracked 
|   7|0x00000000c0700000, 0x00000000c07fffc8, 0x00000000c0800000| 99%| O|  |TAMS 0x00000000c07fffc8, 0x00000000c0700000| Untracked 
|   8|0x00000000c0800000, 0x00000000c0900000, 0x00000000c0900000|100%| O|  |TAMS 0x00000000c0900000, 0x00000000c0800000| Untracked 
|   9|0x00000000c0900000, 0x00000000c0a00000, 0x00000000c0a00000|100%| O|  |TAMS 0x00000000c0a00000, 0x00000000c0900000| Untracked 
|  10|0x00000000c0a00000, 0x00000000c0b00000, 0x00000000c0b00000|100%| O|  |TAMS 0x00000000c0b00000, 0x00000000c0a00000| Untracked 
|  11|0x00000000c0b00000, 0x00000000c0bffff0, 0x00000000c0c00000| 99%| O|  |TAMS 0x00000000c0bffff0, 0x00000000c0b00000| Untracked 
|  12|0x00000000c0c00000, 0x00000000c0cfffd8, 0x00000000c0d00000| 99%| O|  |TAMS 0x00000000c0cfffd8, 0x00000000c0c00000| Untracked 
|  13|0x00000000c0d00000, 0x00000000c0e00000, 0x00000000c0e00000|100%| O|  |TAMS 0x00000000c0e00000, 0x00000000c0d00000| Untracked 
|  14|0x00000000c0e00000, 0x00000000c0f00000, 0x00000000c0f00000|100%| O|  |TAMS 0x00000000c0f00000, 0x00000000c0e00000| Untracked 
|  15|0x00000000c0f00000, 0x00000000c1000000, 0x00000000c1000000|100%| O|  |TAMS 0x00000000c1000000, 0x00000000c0f00000| Untracked 
|  16|0x00000000c1000000, 0x00000000c10fffc0, 0x00000000c1100000| 99%| O|  |TAMS 0x00000000c10fffc0, 0x00000000c1000000| Untracked 
|  17|0x00000000c1100000, 0x00000000c11ffa28, 0x00000000c1200000| 99%| O|  |TAMS 0x00000000c11ffa28, 0x00000000c1100000| Untracked 
|  18|0x00000000c1200000, 0x00000000c12ffff0, 0x00000000c1300000| 99%| O|  |TAMS 0x00000000c12ffff0, 0x00000000c1200000| Untracked 
|  19|0x00000000c1300000, 0x00000000c13ffff8, 0x00000000c1400000| 99%| O|  |TAMS 0x00000000c13ffff8, 0x00000000c1300000| Untracked 
|  20|0x00000000c1400000, 0x00000000c14fffd0, 0x00000000c1500000| 99%| O|  |TAMS 0x00000000c14fffd0, 0x00000000c1400000| Untracked 
|  21|0x00000000c1500000, 0x00000000c1600000, 0x00000000c1600000|100%| O|  |TAMS 0x00000000c1600000, 0x00000000c1500000| Untracked 
|  22|0x00000000c1600000, 0x00000000c16fffb8, 0x00000000c1700000| 99%| O|  |TAMS 0x00000000c16fffb8, 0x00000000c1600000| Untracked 
|  23|0x00000000c1700000, 0x00000000c17fff70, 0x00000000c1800000| 99%| O|  |TAMS 0x00000000c17fff70, 0x00000000c1700000| Untracked 
|  24|0x00000000c1800000, 0x00000000c18ffff8, 0x00000000c1900000| 99%| O|  |TAMS 0x00000000c18ffff8, 0x00000000c1800000| Untracked 
|  25|0x00000000c1900000, 0x00000000c19fc470, 0x00000000c1a00000| 98%| O|  |TAMS 0x00000000c19fc470, 0x00000000c1900000| Untracked 
|  26|0x00000000c1a00000, 0x00000000c1affff0, 0x00000000c1b00000| 99%| O|  |TAMS 0x00000000c1affff0, 0x00000000c1a00000| Untracked 
|  27|0x00000000c1b00000, 0x00000000c1bffff0, 0x00000000c1c00000| 99%| O|  |TAMS 0x00000000c1bffff0, 0x00000000c1b00000| Untracked 
|  28|0x00000000c1c00000, 0x00000000c1c0e338, 0x00000000c1d00000|  5%| O|  |TAMS 0x00000000c1c00000, 0x00000000c1c00000| Untracked 
|  29|0x00000000c1d00000, 0x00000000c1d00068, 0x00000000c1e00000|  0%| O|  |TAMS 0x00000000c1d00000, 0x00000000c1d00000| Untracked 
|  30|0x00000000c1e00000, 0x00000000c1e00000, 0x00000000c1f00000|  0%| F|  |TAMS 0x00000000c1e00000, 0x00000000c1e00000| Untracked 
|  31|0x00000000c1f00000, 0x00000000c1f00000, 0x00000000c2000000|  0%| F|  |TAMS 0x00000000c1f00000, 0x00000000c1f00000| Untracked 
|  32|0x00000000c2000000, 0x00000000c2000000, 0x00000000c2100000|  0%| F|  |TAMS 0x00000000c2000000, 0x00000000c2000000| Untracked 
|  33|0x00000000c2100000, 0x00000000c2100000, 0x00000000c2200000|  0%| F|  |TAMS 0x00000000c2100000, 0x00000000c2100000| Untracked 
|  34|0x00000000c2200000, 0x00000000c2200000, 0x00000000c2300000|  0%| F|  |TAMS 0x00000000c2200000, 0x00000000c2200000| Untracked 
|  35|0x00000000c2300000, 0x00000000c2300000, 0x00000000c2400000|  0%| F|  |TAMS 0x00000000c2300000, 0x00000000c2300000| Untracked 
|  36|0x00000000c2400000, 0x00000000c2400000, 0x00000000c2500000|  0%| F|  |TAMS 0x00000000c2400000, 0x00000000c2400000| Untracked 
|  37|0x00000000c2500000, 0x00000000c2500000, 0x00000000c2600000|  0%| F|  |TAMS 0x00000000c2500000, 0x00000000c2500000| Untracked 
|  38|0x00000000c2600000, 0x00000000c2600000, 0x00000000c2700000|  0%| F|  |TAMS 0x00000000c2600000, 0x00000000c2600000| Untracked 
|  39|0x00000000c2700000, 0x00000000c2700000, 0x00000000c2800000|  0%| F|  |TAMS 0x00000000c2700000, 0x00000000c2700000| Untracked 
|  40|0x00000000c2800000, 0x00000000c2800000, 0x00000000c2900000|  0%| F|  |TAMS 0x00000000c2800000, 0x00000000c2800000| Untracked 
|  41|0x00000000c2900000, 0x00000000c2900000, 0x00000000c2a00000|  0%| F|  |TAMS 0x00000000c2900000, 0x00000000c2900000| Untracked 
|  42|0x00000000c2a00000, 0x00000000c2a00000, 0x00000000c2b00000|  0%| F|  |TAMS 0x00000000c2a00000, 0x00000000c2a00000| Untracked 
|  43|0x00000000c2b00000, 0x00000000c2b00000, 0x00000000c2c00000|  0%| F|  |TAMS 0x00000000c2b00000, 0x00000000c2b00000| Untracked 
|  44|0x00000000c2c00000, 0x00000000c2c00000, 0x00000000c2d00000|  0%| F|  |TAMS 0x00000000c2c00000, 0x00000000c2c00000| Untracked 
|  45|0x00000000c2d00000, 0x00000000c2d00000, 0x00000000c2e00000|  0%| F|  |TAMS 0x00000000c2d00000, 0x00000000c2d00000| Untracked 
|  46|0x00000000c2e00000, 0x00000000c2e00000, 0x00000000c2f00000|  0%| F|  |TAMS 0x00000000c2e00000, 0x00000000c2e00000| Untracked 
|  47|0x00000000c2f00000, 0x00000000c2f00000, 0x00000000c3000000|  0%| F|  |TAMS 0x00000000c2f00000, 0x00000000c2f00000| Untracked 
|  48|0x00000000c3000000, 0x00000000c3000000, 0x00000000c3100000|  0%| F|  |TAMS 0x00000000c3000000, 0x00000000c3000000| Untracked 
|  49|0x00000000c3100000, 0x00000000c3100000, 0x00000000c3200000|  0%| F|  |TAMS 0x00000000c3100000, 0x00000000c3100000| Untracked 
|  50|0x00000000c3200000, 0x00000000c3200000, 0x00000000c3300000|  0%| F|  |TAMS 0x00000000c3200000, 0x00000000c3200000| Untracked 
|  51|0x00000000c3300000, 0x00000000c3300000, 0x00000000c3400000|  0%| F|  |TAMS 0x00000000c3300000, 0x00000000c3300000| Untracked 
|  52|0x00000000c3400000, 0x00000000c3400000, 0x00000000c3500000|  0%| F|  |TAMS 0x00000000c3400000, 0x00000000c3400000| Untracked 
|  53|0x00000000c3500000, 0x00000000c3500000, 0x00000000c3600000|  0%| F|  |TAMS 0x00000000c3500000, 0x00000000c3500000| Untracked 
|  54|0x00000000c3600000, 0x00000000c3600000, 0x00000000c3700000|  0%| F|  |TAMS 0x00000000c3600000, 0x00000000c3600000| Untracked 
|  55|0x00000000c3700000, 0x00000000c3700000, 0x00000000c3800000|  0%| F|  |TAMS 0x00000000c3700000, 0x00000000c3700000| Untracked 
|  56|0x00000000c3800000, 0x00000000c3800000, 0x00000000c3900000|  0%| F|  |TAMS 0x00000000c3800000, 0x00000000c3800000| Untracked 
|  57|0x00000000c3900000, 0x00000000c3900000, 0x00000000c3a00000|  0%| F|  |TAMS 0x00000000c3900000, 0x00000000c3900000| Untracked 
|  58|0x00000000c3a00000, 0x00000000c3a00000, 0x00000000c3b00000|  0%| F|  |TAMS 0x00000000c3a00000, 0x00000000c3a00000| Untracked 
|  59|0x00000000c3b00000, 0x00000000c3b00000, 0x00000000c3c00000|  0%| F|  |TAMS 0x00000000c3b00000, 0x00000000c3b00000| Untracked 
|  60|0x00000000c3c00000, 0x00000000c3c00000, 0x00000000c3d00000|  0%| F|  |TAMS 0x00000000c3c00000, 0x00000000c3c00000| Untracked 
|  61|0x00000000c3d00000, 0x00000000c3d00000, 0x00000000c3e00000|  0%| F|  |TAMS 0x00000000c3d00000, 0x00000000c3d00000| Untracked 
|  62|0x00000000c3e00000, 0x00000000c3e00000, 0x00000000c3f00000|  0%| F|  |TAMS 0x00000000c3e00000, 0x00000000c3e00000| Untracked 
|  63|0x00000000c3f00000, 0x00000000c3f00000, 0x00000000c4000000|  0%| F|  |TAMS 0x00000000c3f00000, 0x00000000c3f00000| Untracked 
|  64|0x00000000c4000000, 0x00000000c4000000, 0x00000000c4100000|  0%| F|  |TAMS 0x00000000c4000000, 0x00000000c4000000| Untracked 
|  65|0x00000000c4100000, 0x00000000c4100000, 0x00000000c4200000|  0%| F|  |TAMS 0x00000000c4100000, 0x00000000c4100000| Untracked 
|  66|0x00000000c4200000, 0x00000000c4200000, 0x00000000c4300000|  0%| F|  |TAMS 0x00000000c4200000, 0x00000000c4200000| Untracked 
|  67|0x00000000c4300000, 0x00000000c4300000, 0x00000000c4400000|  0%| F|  |TAMS 0x00000000c4300000, 0x00000000c4300000| Untracked 
|  68|0x00000000c4400000, 0x00000000c4400000, 0x00000000c4500000|  0%| F|  |TAMS 0x00000000c4400000, 0x00000000c4400000| Untracked 
|  69|0x00000000c4500000, 0x00000000c4500000, 0x00000000c4600000|  0%| F|  |TAMS 0x00000000c4500000, 0x00000000c4500000| Untracked 
|  70|0x00000000c4600000, 0x00000000c4600000, 0x00000000c4700000|  0%| F|  |TAMS 0x00000000c4600000, 0x00000000c4600000| Untracked 
|  71|0x00000000c4700000, 0x00000000c4700000, 0x00000000c4800000|  0%| F|  |TAMS 0x00000000c4700000, 0x00000000c4700000| Untracked 
|  72|0x00000000c4800000, 0x00000000c4800000, 0x00000000c4900000|  0%| F|  |TAMS 0x00000000c4800000, 0x00000000c4800000| Untracked 
|  73|0x00000000c4900000, 0x00000000c4900000, 0x00000000c4a00000|  0%| F|  |TAMS 0x00000000c4900000, 0x00000000c4900000| Untracked 
|  74|0x00000000c4a00000, 0x00000000c4a00000, 0x00000000c4b00000|  0%| F|  |TAMS 0x00000000c4a00000, 0x00000000c4a00000| Untracked 
|  75|0x00000000c4b00000, 0x00000000c4b00000, 0x00000000c4c00000|  0%| F|  |TAMS 0x00000000c4b00000, 0x00000000c4b00000| Untracked 
|  76|0x00000000c4c00000, 0x00000000c4c00000, 0x00000000c4d00000|  0%| F|  |TAMS 0x00000000c4c00000, 0x00000000c4c00000| Untracked 
|  77|0x00000000c4d00000, 0x00000000c4d00000, 0x00000000c4e00000|  0%| F|  |TAMS 0x00000000c4d00000, 0x00000000c4d00000| Untracked 
|  78|0x00000000c4e00000, 0x00000000c4e00000, 0x00000000c4f00000|  0%| F|  |TAMS 0x00000000c4e00000, 0x00000000c4e00000| Untracked 
|  79|0x00000000c4f00000, 0x00000000c4f00000, 0x00000000c5000000|  0%| F|  |TAMS 0x00000000c4f00000, 0x00000000c4f00000| Untracked 
|  80|0x00000000c5000000, 0x00000000c5000000, 0x00000000c5100000|  0%| F|  |TAMS 0x00000000c5000000, 0x00000000c5000000| Untracked 
|  81|0x00000000c5100000, 0x00000000c5100000, 0x00000000c5200000|  0%| F|  |TAMS 0x00000000c5100000, 0x00000000c5100000| Untracked 
|  82|0x00000000c5200000, 0x00000000c5200000, 0x00000000c5300000|  0%| F|  |TAMS 0x00000000c5200000, 0x00000000c5200000| Untracked 
|  83|0x00000000c5300000, 0x00000000c5300000, 0x00000000c5400000|  0%| F|  |TAMS 0x00000000c5300000, 0x00000000c5300000| Untracked 
|  84|0x00000000c5400000, 0x00000000c5400000, 0x00000000c5500000|  0%| F|  |TAMS 0x00000000c5400000, 0x00000000c5400000| Untracked 
|  85|0x00000000c5500000, 0x00000000c5500000, 0x00000000c5600000|  0%| F|  |TAMS 0x00000000c5500000, 0x00000000c5500000| Untracked 
|  86|0x00000000c5600000, 0x00000000c5600000, 0x00000000c5700000|  0%| F|  |TAMS 0x00000000c5600000, 0x00000000c5600000| Untracked 
|  87|0x00000000c5700000, 0x00000000c5700000, 0x00000000c5800000|  0%| F|  |TAMS 0x00000000c5700000, 0x00000000c5700000| Untracked 
|  88|0x00000000c5800000, 0x00000000c5800000, 0x00000000c5900000|  0%| F|  |TAMS 0x00000000c5800000, 0x00000000c5800000| Untracked 
|  89|0x00000000c5900000, 0x00000000c5900000, 0x00000000c5a00000|  0%| F|  |TAMS 0x00000000c5900000, 0x00000000c5900000| Untracked 
|  90|0x00000000c5a00000, 0x00000000c5a00000, 0x00000000c5b00000|  0%| F|  |TAMS 0x00000000c5a00000, 0x00000000c5a00000| Untracked 
|  91|0x00000000c5b00000, 0x00000000c5b00000, 0x00000000c5c00000|  0%| F|  |TAMS 0x00000000c5b00000, 0x00000000c5b00000| Untracked 
|  92|0x00000000c5c00000, 0x00000000c5c00000, 0x00000000c5d00000|  0%| F|  |TAMS 0x00000000c5c00000, 0x00000000c5c00000| Untracked 
|  93|0x00000000c5d00000, 0x00000000c5d00000, 0x00000000c5e00000|  0%| F|  |TAMS 0x00000000c5d00000, 0x00000000c5d00000| Untracked 
|  94|0x00000000c5e00000, 0x00000000c5e00000, 0x00000000c5f00000|  0%| F|  |TAMS 0x00000000c5e00000, 0x00000000c5e00000| Untracked 
|  95|0x00000000c5f00000, 0x00000000c5f00000, 0x00000000c6000000|  0%| F|  |TAMS 0x00000000c5f00000, 0x00000000c5f00000| Untracked 
|  96|0x00000000c6000000, 0x00000000c602c628, 0x00000000c6100000| 17%| E|  |TAMS 0x00000000c6000000, 0x00000000c6000000| Complete 

Card table byte_map: [0x00000269eb390000,0x00000269eb590000] _byte_map_base: 0x00000269ead90000

Marking Bits (Prev, Next): (CMBitMap*) 0x00000269e5424e30, (CMBitMap*) 0x00000269e5424df0
 Prev Bits: [0x00000269ec790000, 0x00000269ed790000)
 Next Bits: [0x00000269eb790000, 0x00000269ec790000)

Polling page: 0x00000269e3370000

Metaspace:

Usage:
  Non-class:     50.05 MB used.
      Class:      7.05 MB used.
       Both:     57.10 MB used.

Virtual space:
  Non-class space:       64.00 MB reserved,      50.38 MB ( 79%) committed,  1 nodes.
      Class space:        1.00 GB reserved,       7.31 MB ( <1%) committed,  1 nodes.
             Both:        1.06 GB reserved,      57.69 MB (  5%) committed. 

Chunk freelists:
   Non-Class:  12.91 MB
       Class:  8.74 MB
        Both:  21.65 MB

MaxMetaspaceSize: unlimited
CompressedClassSpaceSize: 1.00 GB
Initial GC threshold: 21.00 MB
Current GC threshold: 96.19 MB
CDS: off
MetaspaceReclaimPolicy: balanced
 - commit_granule_bytes: 65536.
 - commit_granule_words: 8192.
 - virtual_space_node_default_size: 8388608.
 - enlarge_chunks_in_place: 1.
 - new_chunks_are_fully_committed: 0.
 - uncommit_free_chunks: 1.
 - use_allocation_guard: 0.
 - handle_deallocations: 1.


Internal statistics:

num_allocs_failed_limit: 6.
num_arena_births: 626.
num_arena_deaths: 226.
num_vsnodes_births: 2.
num_vsnodes_deaths: 0.
num_space_committed: 923.
num_space_uncommitted: 0.
num_chunks_returned_to_freelist: 262.
num_chunks_taken_from_freelist: 2456.
num_chunk_merges: 89.
num_chunk_splits: 1720.
num_chunks_enlarged: 1336.
num_inconsistent_stats: 0.

CodeCache: size=49152Kb used=12471Kb max_used=13066Kb free=36680Kb
 bounds [0x00000269e8080000, 0x00000269e8d90000, 0x00000269eb080000]
 total_blobs=7274 nmethods=6602 adapters=599
 compilation: enabled
              stopped_count=0, restarted_count=0
 full_count=0

Compilation events (20 events):
Event: 2901.252 Thread 0x00000269f01f8620 6599   !   1       java.io.FilterOutputStream::close (183 bytes)
Event: 2901.317 Thread 0x00000269f01f8620 nmethod 6599 0x00000269e875c910 code [0x00000269e875cb20, 0x00000269e875cff8]
Event: 2901.318 Thread 0x00000269f01f8620 6600       1       java.lang.System::gc (7 bytes)
Event: 2901.318 Thread 0x00000269f01f8620 nmethod 6600 0x00000269e875c610 code [0x00000269e875c7a0, 0x00000269e875c868]
Event: 2911.712 Thread 0x00000269f01f8620 6602       1       java.lang.ProcessImpl$$Lambda$1035/0x00000001006e4810::run (8 bytes)
Event: 2911.713 Thread 0x00000269f01f8620 nmethod 6602 0x00000269e875bf10 code [0x00000269e875c0a0, 0x00000269e875c188]
Event: 2911.713 Thread 0x00000269f01f8620 6603       1       java.lang.ProcessImpl::lambda$new$0 (6 bytes)
Event: 2911.714 Thread 0x00000269f01f8620 nmethod 6603 0x00000269e875bc10 code [0x00000269e875bda0, 0x00000269e875be68]
Event: 3902.219 Thread 0x00000269f01f8620 6605       1       reactor.core.scheduler.BoundedElasticScheduler$$Lambda$687/0x00000001004d1278::run (8 bytes)
Event: 3902.229 Thread 0x00000269f01f8620 nmethod 6605 0x00000269e875b910 code [0x00000269e875baa0, 0x00000269e875bb88]
Event: 3902.230 Thread 0x00000269f01f8620 6606       1       java.util.concurrent.ConcurrentLinkedDeque::toArray (6 bytes)
Event: 3902.244 Thread 0x00000269f01f8620 nmethod 6606 0x00000269e875b610 code [0x00000269e875b7a0, 0x00000269e875b888]
Event: 4084.209 Thread 0x00000269f01f8620 6607   !   1       org.springframework.ide.vscode.commons.languageserver.util.ParentProcessWatcher::parentProcessStillRunning (413 bytes)
Event: 4084.401 Thread 0x00000269f01f8620 nmethod 6607 0x00000269e8755c10 code [0x00000269e8756440, 0x00000269e8759608]
Event: 4229.509 Thread 0x00000269f01f8620 6608   !   1       java.lang.ProcessImpl::<init> (327 bytes)
Event: 4229.585 Thread 0x00000269f01f8620 nmethod 6608 0x00000269e8752c90 code [0x00000269e87530e0, 0x00000269e8754498]
Event: 5559.026 Thread 0x00000269f01f8620 6619       1       java.lang.ProcessImpl$2::run (242 bytes)
Event: 5559.087 Thread 0x00000269f01f8620 nmethod 6619 0x00000269e8751610 code [0x00000269e87518c0, 0x00000269e8752658]
Event: 6888.473 Thread 0x00000269f01f8620 6622       1       java.lang.ProcessImpl::waitFor (136 bytes)
Event: 6888.495 Thread 0x00000269f01f8620 nmethod 6622 0x00000269e8750d90 code [0x00000269e8750fa0, 0x00000269e87513b8]

GC Heap History (20 events):
Event: 20858.862 GC heap before
{Heap before GC invocations=1478 (full 1456):
 garbage-first heap   total 99328K, used 28712K [0x00000000c0000000, 0x0000000100000000)
  region size 1024K, 1 young (1024K), 0 survivors (0K)
 Metaspace       used 58468K, committed 59072K, reserved 1114112K
  class space    used 7219K, committed 7488K, reserved 1048576K
}
Event: 20858.943 GC heap after
{Heap after GC invocations=1479 (full 1457):
 garbage-first heap   total 99328K, used 28712K [0x00000000c0000000, 0x0000000100000000)
  region size 1024K, 0 young (0K), 0 survivors (0K)
 Metaspace       used 58468K, committed 59072K, reserved 1114112K
  class space    used 7219K, committed 7488K, reserved 1048576K
}
Event: 20869.279 GC heap before
{Heap before GC invocations=1479 (full 1457):
 garbage-first heap   total 99328K, used 28712K [0x00000000c0000000, 0x0000000100000000)
  region size 1024K, 1 young (1024K), 0 survivors (0K)
 Metaspace       used 58468K, committed 59072K, reserved 1114112K
  class space    used 7219K, committed 7488K, reserved 1048576K
}
Event: 20869.355 GC heap after
{Heap after GC invocations=1480 (full 1458):
 garbage-first heap   total 99328K, used 28712K [0x00000000c0000000, 0x0000000100000000)
  region size 1024K, 0 young (0K), 0 survivors (0K)
 Metaspace       used 58468K, committed 59072K, reserved 1114112K
  class space    used 7219K, committed 7488K, reserved 1048576K
}
Event: 20879.758 GC heap before
{Heap before GC invocations=1480 (full 1458):
 garbage-first heap   total 99328K, used 28712K [0x00000000c0000000, 0x0000000100000000)
  region size 1024K, 1 young (1024K), 0 survivors (0K)
 Metaspace       used 58468K, committed 59072K, reserved 1114112K
  class space    used 7219K, committed 7488K, reserved 1048576K
}
Event: 20879.844 GC heap after
{Heap after GC invocations=1481 (full 1459):
 garbage-first heap   total 99328K, used 28712K [0x00000000c0000000, 0x0000000100000000)
  region size 1024K, 0 young (0K), 0 survivors (0K)
 Metaspace       used 58468K, committed 59072K, reserved 1114112K
  class space    used 7219K, committed 7488K, reserved 1048576K
}
Event: 20890.196 GC heap before
{Heap before GC invocations=1481 (full 1459):
 garbage-first heap   total 99328K, used 28712K [0x00000000c0000000, 0x0000000100000000)
  region size 1024K, 1 young (1024K), 0 survivors (0K)
 Metaspace       used 58468K, committed 59072K, reserved 1114112K
  class space    used 7219K, committed 7488K, reserved 1048576K
}
Event: 20890.267 GC heap after
{Heap after GC invocations=1482 (full 1460):
 garbage-first heap   total 99328K, used 28712K [0x00000000c0000000, 0x0000000100000000)
  region size 1024K, 0 young (0K), 0 survivors (0K)
 Metaspace       used 58468K, committed 59072K, reserved 1114112K
  class space    used 7219K, committed 7488K, reserved 1048576K
}
Event: 20900.615 GC heap before
{Heap before GC invocations=1482 (full 1460):
 garbage-first heap   total 99328K, used 28712K [0x00000000c0000000, 0x0000000100000000)
  region size 1024K, 1 young (1024K), 0 survivors (0K)
 Metaspace       used 58468K, committed 59072K, reserved 1114112K
  class space    used 7219K, committed 7488K, reserved 1048576K
}
Event: 20900.679 GC heap after
{Heap after GC invocations=1483 (full 1461):
 garbage-first heap   total 99328K, used 28712K [0x00000000c0000000, 0x0000000100000000)
  region size 1024K, 0 young (0K), 0 survivors (0K)
 Metaspace       used 58468K, committed 59072K, reserved 1114112K
  class space    used 7219K, committed 7488K, reserved 1048576K
}
Event: 20910.992 GC heap before
{Heap before GC invocations=1483 (full 1461):
 garbage-first heap   total 99328K, used 28712K [0x00000000c0000000, 0x0000000100000000)
  region size 1024K, 1 young (1024K), 0 survivors (0K)
 Metaspace       used 58468K, committed 59072K, reserved 1114112K
  class space    used 7219K, committed 7488K, reserved 1048576K
}
Event: 20911.081 GC heap after
{Heap after GC invocations=1484 (full 1462):
 garbage-first heap   total 99328K, used 28712K [0x00000000c0000000, 0x0000000100000000)
  region size 1024K, 0 young (0K), 0 survivors (0K)
 Metaspace       used 58468K, committed 59072K, reserved 1114112K
  class space    used 7219K, committed 7488K, reserved 1048576K
}
Event: 20922.709 GC heap before
{Heap before GC invocations=1484 (full 1462):
 garbage-first heap   total 99328K, used 28712K [0x00000000c0000000, 0x0000000100000000)
  region size 1024K, 1 young (1024K), 0 survivors (0K)
 Metaspace       used 58468K, committed 59072K, reserved 1114112K
  class space    used 7219K, committed 7488K, reserved 1048576K
}
Event: 20922.802 GC heap after
{Heap after GC invocations=1485 (full 1463):
 garbage-first heap   total 99328K, used 28712K [0x00000000c0000000, 0x0000000100000000)
  region size 1024K, 0 young (0K), 0 survivors (0K)
 Metaspace       used 58468K, committed 59072K, reserved 1114112K
  class space    used 7219K, committed 7488K, reserved 1048576K
}
Event: 20933.280 GC heap before
{Heap before GC invocations=1485 (full 1463):
 garbage-first heap   total 99328K, used 28712K [0x00000000c0000000, 0x0000000100000000)
  region size 1024K, 1 young (1024K), 0 survivors (0K)
 Metaspace       used 58468K, committed 59072K, reserved 1114112K
  class space    used 7219K, committed 7488K, reserved 1048576K
}
Event: 20933.367 GC heap after
{Heap after GC invocations=1486 (full 1464):
 garbage-first heap   total 99328K, used 28712K [0x00000000c0000000, 0x0000000100000000)
  region size 1024K, 0 young (0K), 0 survivors (0K)
 Metaspace       used 58468K, committed 59072K, reserved 1114112K
  class space    used 7219K, committed 7488K, reserved 1048576K
}
Event: 20944.083 GC heap before
{Heap before GC invocations=1486 (full 1464):
 garbage-first heap   total 99328K, used 28712K [0x00000000c0000000, 0x0000000100000000)
  region size 1024K, 1 young (1024K), 0 survivors (0K)
 Metaspace       used 58468K, committed 59072K, reserved 1114112K
  class space    used 7219K, committed 7488K, reserved 1048576K
}
Event: 20944.176 GC heap after
{Heap after GC invocations=1487 (full 1465):
 garbage-first heap   total 99328K, used 28712K [0x00000000c0000000, 0x0000000100000000)
  region size 1024K, 0 young (0K), 0 survivors (0K)
 Metaspace       used 58468K, committed 59072K, reserved 1114112K
  class space    used 7219K, committed 7488K, reserved 1048576K
}
Event: 20955.352 GC heap before
{Heap before GC invocations=1487 (full 1465):
 garbage-first heap   total 99328K, used 28712K [0x00000000c0000000, 0x0000000100000000)
  region size 1024K, 1 young (1024K), 0 survivors (0K)
 Metaspace       used 58468K, committed 59072K, reserved 1114112K
  class space    used 7219K, committed 7488K, reserved 1048576K
}
Event: 20955.412 GC heap after
{Heap after GC invocations=1488 (full 1466):
 garbage-first heap   total 99328K, used 28712K [0x00000000c0000000, 0x0000000100000000)
  region size 1024K, 0 young (0K), 0 survivors (0K)
 Metaspace       used 58468K, committed 59072K, reserved 1114112K
  class space    used 7219K, committed 7488K, reserved 1048576K
}

Dll operation events (10 events):
Event: 0.028 Loaded shared library c:\Users\Eskeal Obsa\.vscode\extensions\redhat.java-1.32.0-win32-x64\jre\17.0.11-win32-x86_64\bin\java.dll
Event: 0.869 Loaded shared library C:\Users\Eskeal Obsa\.vscode\extensions\redhat.java-1.32.0-win32-x64\jre\17.0.11-win32-x86_64\bin\net.dll
Event: 0.873 Loaded shared library C:\Users\Eskeal Obsa\.vscode\extensions\redhat.java-1.32.0-win32-x64\jre\17.0.11-win32-x86_64\bin\nio.dll
Event: 2.494 Loaded shared library C:\Users\Eskeal Obsa\.vscode\extensions\redhat.java-1.32.0-win32-x64\jre\17.0.11-win32-x86_64\bin\zip.dll
Event: 28.602 Loaded shared library C:\Users\Eskeal Obsa\.vscode\extensions\redhat.java-1.32.0-win32-x64\jre\17.0.11-win32-x86_64\bin\jimage.dll
Event: 34.177 Loaded shared library c:\Users\Eskeal Obsa\.vscode\extensions\redhat.java-1.32.0-win32-x64\jre\17.0.11-win32-x86_64\bin\verify.dll
Event: 62.645 Loaded shared library C:\Users\Eskeal Obsa\.vscode\extensions\redhat.java-1.32.0-win32-x64\jre\17.0.11-win32-x86_64\bin\management.dll
Event: 62.654 Loaded shared library C:\Users\Eskeal Obsa\.vscode\extensions\redhat.java-1.32.0-win32-x64\jre\17.0.11-win32-x86_64\bin\management_ext.dll
Event: 64.634 Loaded shared library C:\Users\Eskeal Obsa\.vscode\extensions\redhat.java-1.32.0-win32-x64\jre\17.0.11-win32-x86_64\bin\sunmscapi.dll
Event: 68.312 Loaded shared library C:\Users\Eskeal Obsa\.vscode\extensions\redhat.java-1.32.0-win32-x64\jre\17.0.11-win32-x86_64\bin\extnet.dll

Deoptimization events (16 events):
Event: 63.676 Thread 0x00000269f5cf9850 DEOPT PACKING pc=0x00000269e853b901 sp=0x0000007bcc2fde30
Event: 63.676 Thread 0x00000269f5cf9850 DEOPT UNPACKING pc=0x00000269e80d7143 sp=0x0000007bcc2fd2c0 mode 3
Event: 63.741 Thread 0x00000269f5bcf590 DEOPT PACKING pc=0x00000269e851d417 sp=0x0000007bcc8ff440
Event: 63.741 Thread 0x00000269f5bcf590 DEOPT UNPACKING pc=0x00000269e80d7143 sp=0x0000007bcc8fe898 mode 3
Event: 65.007 Thread 0x00000269f5bd13f0 DEOPT PACKING pc=0x00000269e81f2b0c sp=0x0000007bccafaec0
Event: 65.007 Thread 0x00000269f5bd13f0 DEOPT UNPACKING pc=0x00000269e80d7143 sp=0x0000007bccafa388 mode 0
Event: 68.593 Thread 0x00000269f5bcf590 DEOPT PACKING pc=0x00000269e85161d2 sp=0x0000007bcc8fe2e0
Event: 68.593 Thread 0x00000269f5bcf590 DEOPT UNPACKING pc=0x00000269e80d7143 sp=0x0000007bcc8fd7e8 mode 3
Event: 70.627 Thread 0x00000269f5bcf590 DEOPT PACKING pc=0x00000269e8b41b0c sp=0x0000007bcc8fe7d0
Event: 70.627 Thread 0x00000269f5bcf590 DEOPT UNPACKING pc=0x00000269e80d7143 sp=0x0000007bcc8fdd50 mode 0
Event: 70.627 Thread 0x00000269f5bcf590 DEOPT PACKING pc=0x00000269e8b41b0c sp=0x0000007bcc8fea30
Event: 70.627 Thread 0x00000269f5bcf590 DEOPT UNPACKING pc=0x00000269e80d7143 sp=0x0000007bcc8fdfb0 mode 0
Event: 70.642 Thread 0x00000269f5bcf590 DEOPT PACKING pc=0x00000269e8b41b0c sp=0x0000007bcc8feeb0
Event: 70.642 Thread 0x00000269f5bcf590 DEOPT UNPACKING pc=0x00000269e80d7143 sp=0x0000007bcc8fe430 mode 0
Event: 187.068 Thread 0x00000269f5cf9850 DEOPT PACKING pc=0x00000269e82a16d4 sp=0x0000007bcc2ff330
Event: 187.070 Thread 0x00000269f5cf9850 DEOPT UNPACKING pc=0x00000269e80d7143 sp=0x0000007bcc2fe7d8 mode 0

Classes unloaded (20 events):
Event: 164.388 Thread 0x00000269f01a3050 Unloading class 0x00000001003ad400 'java/lang/invoke/LambdaForm$MH+0x00000001003ad400'
Event: 164.388 Thread 0x00000269f01a3050 Unloading class 0x00000001003ad000 'java/lang/invoke/LambdaForm$MH+0x00000001003ad000'
Event: 164.388 Thread 0x00000269f01a3050 Unloading class 0x0000000100096000 'java/lang/invoke/LambdaForm$MH+0x0000000100096000'
Event: 164.388 Thread 0x00000269f01a3050 Unloading class 0x0000000100095c00 'java/lang/invoke/LambdaForm$MH+0x0000000100095c00'
Event: 164.388 Thread 0x00000269f01a3050 Unloading class 0x0000000100095800 'java/lang/invoke/LambdaForm$MH+0x0000000100095800'
Event: 164.388 Thread 0x00000269f01a3050 Unloading class 0x0000000100095400 'java/lang/invoke/LambdaForm$MH+0x0000000100095400'
Event: 164.388 Thread 0x00000269f01a3050 Unloading class 0x0000000100095000 'java/lang/invoke/LambdaForm$MH+0x0000000100095000'
Event: 164.388 Thread 0x00000269f01a3050 Unloading class 0x0000000100094c00 'java/lang/invoke/LambdaForm$MH+0x0000000100094c00'
Event: 164.388 Thread 0x00000269f01a3050 Unloading class 0x0000000100094800 'java/lang/invoke/LambdaForm$MH+0x0000000100094800'
Event: 164.388 Thread 0x00000269f01a3050 Unloading class 0x0000000100094400 'java/lang/invoke/LambdaForm$MH+0x0000000100094400'
Event: 164.388 Thread 0x00000269f01a3050 Unloading class 0x000000010008e800 'java/lang/invoke/LambdaForm$MH+0x000000010008e800'
Event: 164.388 Thread 0x00000269f01a3050 Unloading class 0x000000010008e400 'java/lang/invoke/LambdaForm$MH+0x000000010008e400'
Event: 164.388 Thread 0x00000269f01a3050 Unloading class 0x000000010008e000 'java/lang/invoke/LambdaForm$MH+0x000000010008e000'
Event: 164.388 Thread 0x00000269f01a3050 Unloading class 0x000000010008dc00 'java/lang/invoke/LambdaForm$MH+0x000000010008dc00'
Event: 164.388 Thread 0x00000269f01a3050 Unloading class 0x000000010008d800 'java/lang/invoke/LambdaForm$MH+0x000000010008d800'
Event: 164.388 Thread 0x00000269f01a3050 Unloading class 0x000000010008d400 'java/lang/invoke/LambdaForm$MH+0x000000010008d400'
Event: 164.388 Thread 0x00000269f01a3050 Unloading class 0x000000010008cc00 'java/lang/invoke/LambdaForm$MH+0x000000010008cc00'
Event: 164.388 Thread 0x00000269f01a3050 Unloading class 0x000000010008c800 'java/lang/invoke/LambdaForm$MH+0x000000010008c800'
Event: 164.388 Thread 0x00000269f01a3050 Unloading class 0x000000010008c000 'java/lang/invoke/LambdaForm$MH+0x000000010008c000'
Event: 164.388 Thread 0x00000269f01a3050 Unloading class 0x000000010008bc00 'java/lang/invoke/LambdaForm$MH+0x000000010008bc00'

Classes redefined (0 events):
No events

Internal exceptions (20 events):
Event: 70.767 Thread 0x00000269f5bcf590 Exception <a 'sun/nio/fs/WindowsException'{0x00000000c5a18798}> (0x00000000c5a18798) 
thrown [s\src\hotspot\share\prims\jni.cpp, line 516]
Event: 70.767 Thread 0x00000269f5bcf590 Exception <a 'sun/nio/fs/WindowsException'{0x00000000c5a192b8}> (0x00000000c5a192b8) 
thrown [s\src\hotspot\share\prims\jni.cpp, line 516]
Event: 70.767 Thread 0x00000269f5bcf590 Exception <a 'sun/nio/fs/WindowsException'{0x00000000c5a19dd8}> (0x00000000c5a19dd8) 
thrown [s\src\hotspot\share\prims\jni.cpp, line 516]
Event: 70.767 Thread 0x00000269f5bcf590 Exception <a 'sun/nio/fs/WindowsException'{0x00000000c5a1aa00}> (0x00000000c5a1aa00) 
thrown [s\src\hotspot\share\prims\jni.cpp, line 516]
Event: 70.768 Thread 0x00000269f5bcf590 Exception <a 'sun/nio/fs/WindowsException'{0x00000000c5a1b6c8}> (0x00000000c5a1b6c8) 
thrown [s\src\hotspot\share\prims\jni.cpp, line 516]
Event: 70.772 Thread 0x00000269f5bcf590 Exception <a 'sun/nio/fs/WindowsException'{0x00000000c5a22c00}> (0x00000000c5a22c00) 
thrown [s\src\hotspot\share\prims\jni.cpp, line 516]
Event: 70.772 Thread 0x00000269f5bcf590 Exception <a 'sun/nio/fs/WindowsException'{0x00000000c5a23760}> (0x00000000c5a23760) 
thrown [s\src\hotspot\share\prims\jni.cpp, line 516]
Event: 70.772 Thread 0x00000269f5bcf590 Exception <a 'sun/nio/fs/WindowsException'{0x00000000c5a242a8}> (0x00000000c5a242a8) 
thrown [s\src\hotspot\share\prims\jni.cpp, line 516]
Event: 70.773 Thread 0x00000269f5bcf590 Exception <a 'sun/nio/fs/WindowsException'{0x00000000c5a24e10}> (0x00000000c5a24e10) 
thrown [s\src\hotspot\share\prims\jni.cpp, line 516]
Event: 70.773 Thread 0x00000269f5bcf590 Exception <a 'sun/nio/fs/WindowsException'{0x00000000c5a25930}> (0x00000000c5a25930) 
thrown [s\src\hotspot\share\prims\jni.cpp, line 516]
Event: 70.773 Thread 0x00000269f5bcf590 Exception <a 'sun/nio/fs/WindowsException'{0x00000000c5a26450}> (0x00000000c5a26450) 
thrown [s\src\hotspot\share\prims\jni.cpp, line 516]
Event: 70.773 Thread 0x00000269f5bcf590 Exception <a 'sun/nio/fs/WindowsException'{0x00000000c5a27078}> (0x00000000c5a27078) 
thrown [s\src\hotspot\share\prims\jni.cpp, line 516]
Event: 70.774 Thread 0x00000269f5bcf590 Exception <a 'sun/nio/fs/WindowsException'{0x00000000c5a27d40}> (0x00000000c5a27d40) 
thrown [s\src\hotspot\share\prims\jni.cpp, line 516]
Event: 92.258 Thread 0x00000269f5bd13f0 Exception <a 'sun/net/ConnectionResetException'{0x00000000c512c6c0}: Connection reset> (0x00000000c512c6c0) 
thrown [s\src\hotspot\share\prims\jni.cpp, line 535]
Event: 92.260 Thread 0x00000269f5bd13f0 Exception <a 'java/io/IOException'{0x00000000c512f388}: Connection reset by peer> (0x00000000c512f388) 
thrown [s\src\hotspot\share\prims\jni.cpp, line 535]
Event: 132.642 Thread 0x00000269f5c21880 Exception <a 'java/lang/NoSuchMethodError'{0x00000000c5902ae8}: 'void java.lang.invoke.DirectMethodHandle$Holder.invokeStatic(java.lang.Object, long)'> (0x00000000c5902ae8) 
thrown [s\src\hotspot\share\interpreter\linkResolver.cpp, line 759]
Event: 132.645 Thread 0x00000269f5c21880 Exception <a 'java/lang/NoSuchMethodError'{0x00000000c5907e98}: 'java.lang.Object java.lang.invoke.DirectMethodHandle$Holder.newInvokeSpecial(java.lang.Object, long)'> (0x00000000c5907e98) 
thrown [s\src\hotspot\share\interpreter\linkResolver.cpp, line 759]
Event: 372.931 Thread 0x00000269f5bd2830 Exception <a 'java/io/IOException'{0x00000000c63913e0}> (0x00000000c63913e0) 
thrown [s\src\hotspot\share\prims\jni.cpp, line 516]
Event: 383.631 Thread 0x00000269f5bd2320 Exception <a 'java/io/IOException'{0x00000000c6391be8}> (0x00000000c6391be8) 
thrown [s\src\hotspot\share\prims\jni.cpp, line 516]
Event: 393.984 Thread 0x00000269f5bd0ee0 Exception <a 'java/io/IOException'{0x00000000c63b9a20}> (0x00000000c63b9a20) 
thrown [s\src\hotspot\share\prims\jni.cpp, line 516]

VM Operations (20 events):
Event: 20858.943 Executing VM operation: G1CollectFull done
Event: 20869.279 Executing VM operation: G1CollectFull
Event: 20869.355 Executing VM operation: G1CollectFull done
Event: 20879.758 Executing VM operation: G1CollectFull
Event: 20879.845 Executing VM operation: G1CollectFull done
Event: 20890.195 Executing VM operation: G1CollectFull
Event: 20890.267 Executing VM operation: G1CollectFull done
Event: 20900.615 Executing VM operation: G1CollectFull
Event: 20900.679 Executing VM operation: G1CollectFull done
Event: 20910.991 Executing VM operation: G1CollectFull
Event: 20911.081 Executing VM operation: G1CollectFull done
Event: 20922.708 Executing VM operation: G1CollectFull
Event: 20922.803 Executing VM operation: G1CollectFull done
Event: 20933.280 Executing VM operation: G1CollectFull
Event: 20933.367 Executing VM operation: G1CollectFull done
Event: 20944.083 Executing VM operation: G1CollectFull
Event: 20944.177 Executing VM operation: G1CollectFull done
Event: 20955.348 Executing VM operation: G1CollectFull
Event: 20955.413 Executing VM operation: G1CollectFull done
Event: 20965.596 Executing VM operation: G1CollectFull

Events (20 events):
Event: 153.261 Thread 0x00000269f5bcfaa0 Thread exited: 0x00000269f5bcfaa0
Event: 188.382 loading class java/util/concurrent/CompletableFuture$DelayedExecutor
Event: 188.385 loading class java/util/concurrent/CompletableFuture$DelayedExecutor done
Event: 188.386 loading class java/util/concurrent/CompletableFuture$TaskSubmitter
Event: 188.387 loading class java/util/concurrent/CompletableFuture$TaskSubmitter done
Event: 188.387 loading class java/util/concurrent/CompletableFuture$Delayer
Event: 188.388 loading class java/util/concurrent/CompletableFuture$Delayer done
Event: 188.388 loading class java/util/concurrent/CompletableFuture$Delayer$DaemonThreadFactory
Event: 188.390 loading class java/util/concurrent/CompletableFuture$Delayer$DaemonThreadFactory done
Event: 188.392 Thread 0x00000269f6bdcf60 Thread added: 0x00000269f6bdcf60
Event: 188.502 Thread 0x00000269f6bde3a0 Thread added: 0x00000269f6bde3a0
Event: 249.057 Thread 0x00000269f6bde3a0 Thread exited: 0x00000269f6bde3a0
Event: 372.844 Thread 0x00000269f6bde3a0 Thread added: 0x00000269f6bde3a0
Event: 432.910 Thread 0x00000269f6be2570 Thread exited: 0x00000269f6be2570
Event: 443.630 Thread 0x00000269f6bde3a0 Thread exited: 0x00000269f6bde3a0
Event: 443.646 Thread 0x00000269f5bd2320 Thread exited: 0x00000269f5bd2320
Event: 453.950 Thread 0x00000269f5bd2830 Thread exited: 0x00000269f5bd2830
Event: 454.027 Thread 0x00000269f5bd0ee0 Thread exited: 0x00000269f5bd0ee0
Event: 4229.592 Thread 0x00000269f6c005a0 Thread added: 0x00000269f6c005a0
Event: 4234.632 Thread 0x00000269f6c005a0 Thread exited: 0x00000269f6c005a0


Dynamic libraries:
0x00007ff61d260000 - 0x00007ff61d26e000 	c:\Users\Eskeal Obsa\.vscode\extensions\redhat.java-1.32.0-win32-x64\jre\17.0.11-win32-x86_64\bin\java.exe
0x00007ffec8cd0000 - 0x00007ffec8ec8000 	C:\WINDOWS\SYSTEM32\ntdll.dll
0x00007ffec7600000 - 0x00007ffec76bf000 	C:\WINDOWS\System32\KERNEL32.DLL
0x00007ffec65b0000 - 0x00007ffec6882000 	C:\WINDOWS\System32\KERNELBASE.dll
0x00007ffec6400000 - 0x00007ffec6500000 	C:\WINDOWS\System32\ucrtbase.dll
0x00007ffeb0540000 - 0x00007ffeb0557000 	c:\Users\Eskeal Obsa\.vscode\extensions\redhat.java-1.32.0-win32-x64\jre\17.0.11-win32-x86_64\bin\jli.dll
0x00007ffec8a80000 - 0x00007ffec8c21000 	C:\WINDOWS\System32\USER32.dll
0x00007ffec6ca0000 - 0x00007ffec6cc2000 	C:\WINDOWS\System32\win32u.dll
0x00007ffec7990000 - 0x00007ffec79bb000 	C:\WINDOWS\System32\GDI32.dll
0x00007ffec6930000 - 0x00007ffec6a3f000 	C:\WINDOWS\System32\gdi32full.dll
0x00007ffec6890000 - 0x00007ffec692d000 	C:\WINDOWS\System32\msvcp_win.dll
0x00007ffeb0560000 - 0x00007ffeb057b000 	c:\Users\Eskeal Obsa\.vscode\extensions\redhat.java-1.32.0-win32-x64\jre\17.0.11-win32-x86_64\bin\VCRUNTIME140.dll
0x00007ffea2150000 - 0x00007ffea23ea000 	C:\WINDOWS\WinSxS\amd64_microsoft.windows.common-controls_6595b64144ccf1df_6.0.19041.1110_none_60b5254171f9507e\COMCTL32.dll
0x00007ffec8820000 - 0x00007ffec88be000 	C:\WINDOWS\System32\msvcrt.dll
0x00007ffec8240000 - 0x00007ffec8270000 	C:\WINDOWS\System32\IMM32.DLL
0x00007ffebe4c0000 - 0x00007ffebe4cc000 	c:\Users\Eskeal Obsa\.vscode\extensions\redhat.java-1.32.0-win32-x64\jre\17.0.11-win32-x86_64\bin\vcruntime140_1.dll
0x00007ffeb04b0000 - 0x00007ffeb053d000 	c:\Users\Eskeal Obsa\.vscode\extensions\redhat.java-1.32.0-win32-x64\jre\17.0.11-win32-x86_64\bin\msvcp140.dll
0x00007ffe69a60000 - 0x00007ffe6a6c2000 	c:\Users\Eskeal Obsa\.vscode\extensions\redhat.java-1.32.0-win32-x64\jre\17.0.11-win32-x86_64\bin\server\jvm.dll
0x00007ffec7790000 - 0x00007ffec783e000 	C:\WINDOWS\System32\ADVAPI32.dll
0x00007ffec89e0000 - 0x00007ffec8a7c000 	C:\WINDOWS\System32\sechost.dll
0x00007ffec79c0000 - 0x00007ffec7ae4000 	C:\WINDOWS\System32\RPCRT4.dll
0x00007ffec6240000 - 0x00007ffec628b000 	C:\WINDOWS\SYSTEM32\POWRPROF.dll
0x00007ffeb3f70000 - 0x00007ffeb3f79000 	C:\WINDOWS\SYSTEM32\WSOCK32.dll
0x00007ffec8970000 - 0x00007ffec89db000 	C:\WINDOWS\System32\WS2_32.dll
0x00007ffeae290000 - 0x00007ffeae2b7000 	C:\WINDOWS\SYSTEM32\WINMM.dll
0x00007ffebecd0000 - 0x00007ffebecda000 	C:\WINDOWS\SYSTEM32\VERSION.dll
0x00007ffec6220000 - 0x00007ffec6232000 	C:\WINDOWS\SYSTEM32\UMPDC.dll
0x00007ffec4c20000 - 0x00007ffec4c32000 	C:\WINDOWS\SYSTEM32\kernel.appcore.dll
0x00007ffeb3760000 - 0x00007ffeb376a000 	c:\Users\Eskeal Obsa\.vscode\extensions\redhat.java-1.32.0-win32-x64\jre\17.0.11-win32-x86_64\bin\jimage.dll
0x00007ffec4190000 - 0x00007ffec4374000 	C:\WINDOWS\SYSTEM32\DBGHELP.DLL
0x00007ffebd4e0000 - 0x00007ffebd515000 	C:\WINDOWS\SYSTEM32\dbgcore.DLL
0x00007ffec6a40000 - 0x00007ffec6ac2000 	C:\WINDOWS\System32\bcryptPrimitives.dll
0x00007ffeb0480000 - 0x00007ffeb04a5000 	c:\Users\Eskeal Obsa\.vscode\extensions\redhat.java-1.32.0-win32-x64\jre\17.0.11-win32-x86_64\bin\java.dll
0x00007ffeb0460000 - 0x00007ffeb0478000 	c:\Users\Eskeal Obsa\.vscode\extensions\redhat.java-1.32.0-win32-x64\jre\17.0.11-win32-x86_64\bin\zip.dll
0x00007ffec7af0000 - 0x00007ffec8235000 	C:\WINDOWS\System32\SHELL32.dll
0x00007ffec4470000 - 0x00007ffec4c02000 	C:\WINDOWS\SYSTEM32\windows.storage.dll
0x00007ffec82f0000 - 0x00007ffec8645000 	C:\WINDOWS\System32\combase.dll
0x00007ffec5d50000 - 0x00007ffec5d80000 	C:\WINDOWS\SYSTEM32\Wldp.dll
0x00007ffec6d20000 - 0x00007ffec6dcd000 	C:\WINDOWS\System32\SHCORE.dll
0x00007ffec8c30000 - 0x00007ffec8c85000 	C:\WINDOWS\System32\shlwapi.dll
0x00007ffec6310000 - 0x00007ffec632f000 	C:\WINDOWS\SYSTEM32\profapi.dll
0x00007ffe9d640000 - 0x00007ffe9d659000 	C:\Users\Eskeal Obsa\.vscode\extensions\redhat.java-1.32.0-win32-x64\jre\17.0.11-win32-x86_64\bin\net.dll
0x00007ffeb9990000 - 0x00007ffeb9a9a000 	C:\WINDOWS\SYSTEM32\WINHTTP.dll
0x00007ffec5ab0000 - 0x00007ffec5b1a000 	C:\WINDOWS\system32\mswsock.dll
0x00007ffe9d0e0000 - 0x00007ffe9d0f6000 	C:\Users\Eskeal Obsa\.vscode\extensions\redhat.java-1.32.0-win32-x64\jre\17.0.11-win32-x86_64\bin\nio.dll
0x00007ffeb1ca0000 - 0x00007ffeb1cb0000 	c:\Users\Eskeal Obsa\.vscode\extensions\redhat.java-1.32.0-win32-x64\jre\17.0.11-win32-x86_64\bin\verify.dll
0x00007ffec5cb0000 - 0x00007ffec5cc8000 	C:\WINDOWS\SYSTEM32\CRYPTSP.dll
0x00007ffec53d0000 - 0x00007ffec5404000 	C:\WINDOWS\system32\rsaenh.dll
0x00007ffec63d0000 - 0x00007ffec63f7000 	C:\WINDOWS\System32\bcrypt.dll
0x00007ffec6290000 - 0x00007ffec62be000 	C:\WINDOWS\SYSTEM32\USERENV.dll
0x00007ffec5ca0000 - 0x00007ffec5cac000 	C:\WINDOWS\SYSTEM32\CRYPTBASE.dll
0x00007ffec57a0000 - 0x00007ffec57db000 	C:\WINDOWS\SYSTEM32\IPHLPAPI.DLL
0x00007ffec7840000 - 0x00007ffec7848000 	C:\WINDOWS\System32\NSI.dll
0x00007ffeb3f40000 - 0x00007ffeb3f57000 	C:\WINDOWS\SYSTEM32\dhcpcsvc6.DLL
0x00007ffebc4e0000 - 0x00007ffebc4fd000 	C:\WINDOWS\SYSTEM32\dhcpcsvc.DLL
0x00007ffec57e0000 - 0x00007ffec58ab000 	C:\WINDOWS\SYSTEM32\DNSAPI.dll
0x00007ffea2d00000 - 0x00007ffea2d09000 	C:\Users\Eskeal Obsa\.vscode\extensions\redhat.java-1.32.0-win32-x64\jre\17.0.11-win32-x86_64\bin\management.dll
0x00007ffea2a50000 - 0x00007ffea2a5b000 	C:\Users\Eskeal Obsa\.vscode\extensions\redhat.java-1.32.0-win32-x64\jre\17.0.11-win32-x86_64\bin\management_ext.dll
0x00007ffec7850000 - 0x00007ffec7858000 	C:\WINDOWS\System32\PSAPI.DLL
0x00007ffebf350000 - 0x00007ffebf35e000 	C:\Users\Eskeal Obsa\.vscode\extensions\redhat.java-1.32.0-win32-x64\jre\17.0.11-win32-x86_64\bin\sunmscapi.dll
0x00007ffec6ad0000 - 0x00007ffec6c26000 	C:\WINDOWS\System32\CRYPT32.dll
0x00007ffec5dc0000 - 0x00007ffec5de7000 	C:\WINDOWS\SYSTEM32\ncrypt.dll
0x00007ffec5d80000 - 0x00007ffec5dbb000 	C:\WINDOWS\SYSTEM32\NTASN1.dll
0x00007ffebdac0000 - 0x00007ffebdaca000 	C:\Windows\System32\rasadhlp.dll
0x00007ffead3e0000 - 0x00007ffead460000 	C:\WINDOWS\System32\fwpuclnt.dll
0x00007ffeaf6a0000 - 0x00007ffeaf6a9000 	C:\Users\Eskeal Obsa\.vscode\extensions\redhat.java-1.32.0-win32-x64\jre\17.0.11-win32-x86_64\bin\extnet.dll

dbghelp: loaded successfully - version: 4.0.5 - missing functions: none
symbol engine: initialized successfully - sym options: 0x614 - pdb path: .;c:\Users\Eskeal Obsa\.vscode\extensions\redhat.java-1.32.0-win32-x64\jre\17.0.11-win32-x86_64\bin;C:\WINDOWS\SYSTEM32;C:\WINDOWS\WinSxS\amd64_microsoft.windows.common-controls_6595b64144ccf1df_6.0.19041.1110_none_60b5254171f9507e;c:\Users\Eskeal Obsa\.vscode\extensions\redhat.java-1.32.0-win32-x64\jre\17.0.11-win32-x86_64\bin\server

VM Arguments:
jvm_args: -Xmx1024m -Dsts.lsp.client=vscode -Dsts.log.file=/dev/null -XX:TieredStopAtLevel=1 -Xlog:jni+resolve=off -Dspring.config.location=file:c:\Users\Eskeal Obsa\.vscode\extensions\vmware.vscode-spring-boot-1.55.1\language-server\BOOT-INF\classes\application.properties 
java_command: org.springframework.ide.vscode.boot.app.BootLanguageServerBootApp
java_class_path (initial): c:\Users\Eskeal Obsa\.vscode\extensions\vmware.vscode-spring-boot-1.55.1\language-server\BOOT-INF\classes;c:\Users\Eskeal Obsa\.vscode\extensions\vmware.vscode-spring-boot-1.55.1\language-server\BOOT-INF\lib\annotations-24.1.0.jar;c:\Users\Eskeal Obsa\.vscode\extensions\vmware.vscode-spring-boot-1.55.1\language-server\BOOT-INF\lib\antlr4-runtime-4.13.1.jar;c:\Users\Eskeal Obsa\.vscode\extensions\vmware.vscode-spring-boot-1.55.1\language-server\BOOT-INF\lib\asm-9.7.jar;c:\Users\Eskeal Obsa\.vscode\extensions\vmware.vscode-spring-boot-1.55.1\language-server\BOOT-INF\lib\asm-analysis-9.7.jar;c:\Users\Eskeal Obsa\.vscode\extensions\vmware.vscode-spring-boot-1.55.1\language-server\BOOT-INF\lib\asm-tree-9.7.jar;c:\Users\Eskeal Obsa\.vscode\extensions\vmware.vscode-spring-boot-1.55.1\language-server\BOOT-INF\lib\asm-util-9.7.jar;c:\Users\Eskeal Obsa\.vscode\extensions\vmware.vscode-spring-boot-1.55.1\language-server\BOOT-INF\lib\caffeine-3.1.8.jar;c:\Users\Eskeal Obsa\.vscode\extensions\vmware.vscode-spring-boot-1.55.1\language-server\BOOT-INF\lib\checker-qual-3.12.0.jar;c:\Users\Eskeal Obsa\.vscode\extensions\vmware.vscode-spring-boot-1.55.1\language-server\BOOT-INF\lib\classgraph-4.8.149.jar;c:\Users\Eskeal Obsa\.vscode\extensions\vmware.vscode-spring-boot-1.55.1\language-server\BOOT-INF\lib\commons-codec-1.16.1.jar;c:\Users\Eskeal Obsa\.vscode\extensions\vmware.vscode-spring-boot-1.55.1\language-server\BOOT-INF\lib\commons-compress-1.26.1.jar;c:\Users\Eskeal Obsa\.vscode\extensions\vmware.vscode-spring-boot-1.55.1\language-server\BOOT-INF\lib\commons-io-2.16.1.jar;c:\Users\Eskeal Obsa\.vscode\extensions\vmware.vscode-spring-boot-1.55.1\language-server\BOOT-INF\lib\commons-java-1.55.1-SNAPSHOT.jar;c:\Users\Eskeal Obsa\.vscode\extensions\vmware.vscode-spring-boot-1.55.1\language-server\BOOT-INF\lib\commons-lang3-3.14.0.jar;c:\Users\Eskeal Obsa\.vscode\extensions\vmware.vscode-spring-boot-1.55.1\language-server\BOOT-INF\lib\commons-language-ser
Launcher Type: SUN_STANDARD

[Global flags]
     intx CICompilerCount                          = 4                                         {product} {ergonomic}
     uint ConcGCThreads                            = 2                                         {product} {ergonomic}
     uint G1ConcRefinementThreads                  = 8                                         {product} {ergonomic}
   size_t G1HeapRegionSize                         = 1048576                                   {product} {ergonomic}
    uintx GCDrainStackTargetSize                   = 64                                        {product} {ergonomic}
   size_t InitialHeapSize                          = 67108864                                  {product} {ergonomic}
   size_t MarkStackSize                            = 4194304                                   {product} {ergonomic}
   size_t MaxHeapSize                              = 1073741824                                {product} {command line}
   size_t MaxNewSize                               = 643825664                                 {product} {ergonomic}
   size_t MinHeapDeltaBytes                        = 1048576                                   {product} {ergonomic}
   size_t MinHeapSize                              = 8388608                                   {product} {ergonomic}
    uintx NonProfiledCodeHeapSize                  = 0                                      {pd product} {ergonomic}
     bool ProfileInterpreter                       = false                                  {pd product} {command line}
    uintx ProfiledCodeHeapSize                     = 0                                      {pd product} {ergonomic}
   size_t SoftMaxHeapSize                          = 1073741824                             {manageable} {ergonomic}
     intx TieredStopAtLevel                        = 1                                         {product} {command line}
     bool UseCompressedClassPointers               = true                           {product lp64_product} {ergonomic}
     bool UseCompressedOops                        = true                           {product lp64_product} {ergonomic}
     bool UseG1GC                                  = true                                      {product} {ergonomic}
     bool UseLargePagesIndividualAllocation        = false                                  {pd product} {ergonomic}

Logging:
Log output configuration:
 #0: stdout all=warning,jni+resolve=off uptime,level,tags
 #1: stderr all=off uptime,level,tags

Environment Variables:
JAVA_HOME=C:\Program Files\Java\jdk1.8.0_231
PATH=C:\Program Files\Java\jdk1.8.0_231\bin;C:\Program Files (x86)\Common Files\Oracle\Java\java8path;C:\Program Files (x86)\Common Files\Oracle\Java\javapath;C:\Program Files\Python312\Scripts\;C:\Program Files\Python312\;C:\WINDOWS\system32;C:\WINDOWS;C:\WINDOWS\System32\Wbem;C:\WINDOWS\System32\WindowsPowerShell\v1.0\;C:\WINDOWS\System32\OpenSSH\;C:\Program Files (x86)\Microsoft SQL Server\160\Tools\Binn\;C:\Program Files\Microsoft SQL Server\160\Tools\Binn\;C:\Program Files\Microsoft SQL Server\Client SDK\ODBC\170\Tools\Binn\;C:\Program Files\Microsoft SQL Server\160\DTS\Binn\;C:\Program Files (x86)\Microsoft SQL Server\160\DTS\Binn\;C:\Program Files\Java\jdk-21\bin;C:\Program Files\Git\cmd;C:\Program Files\HP\HP One Agent;C:\Program Files\nodejs\;C:\Users\Eskeal Obsa\AppData\Roaming\npm;C:\Users\Eskeal Obsa\Downloads\apache-maven-3.8.8-bin\apache-maven-3.8.8\bin;C:\Users\Eskeal Obsa\AppData\Local\Microsoft\WindowsApps;C:\Program Files\Azure Data Studio\bin;C:\Users\Eskeal Obsa\AppData\Local\Programs\Microsoft VS Code\bin;C:\Users\Eskeal Obsa\AppData\Roaming\npm;C:\Users\Eskeal Obsa\AppData\Local\GitHubDesktop\bin
USERNAME=Eskeal Obsa
OS=Windows_NT
PROCESSOR_IDENTIFIER=Intel64 Family 6 Model 142 Stepping 12, GenuineIntel
TMP=C:\Users\ESKEAL~1\AppData\Local\Temp
TEMP=C:\Users\ESKEAL~1\AppData\Local\Temp



Periodic native trim disabled


---------------  S Y S T E M  ---------------

OS:
 Windows 10 , 64 bit Build 19041 (10.0.19041.2546)
OS uptime: 8 days 4:24 hours

CPU: total 8 (initial active 8) (4 cores per cpu, 2 threads per core) family 6 model 142 stepping 12 microcode 0xea, cx8, cmov, fxsr, ht, mmx, 3dnowpref, sse, sse2, sse3, ssse3, sse4.1, sse4.2, popcnt, lzcnt, tsc, tscinvbit, avx, avx2, aes, erms, clmul, bmi1, bmi2, adx, fma, vzeroupper, clflush, clflushopt
Processor Information for all 8 processors :
  Max Mhz: 1800, Current Mhz: 1300, Mhz Limit: 1584

Memory: 4k page, system-wide physical 3982M (285M free)
TotalPageFile size 11880M (AvailPageFile size 8M)
current process WorkingSet (physical memory assigned to process): 59M, peak: 242M
current process commit charge ("private bytes"): 269M, peak: 298M

vm_info: OpenJDK 64-Bit Server VM (17.0.11+9) for windows-amd64 JRE (17.0.11+9), built on Apr 17 2024 06:07:48 by "admin" with MS VC++ 16.10 / 16.11 (VS2019)

END.
