#
# There is insufficient memory for the Java Runtime Environment to continue.
# Native memory allocation (malloc) failed to allocate 2097152 bytes. Error detail: AllocateHeap
# Possible reasons:
#   The system is out of physical RAM or swap space
#   This process is running with CompressedOops enabled, and the Java Heap may be blocking the growth of the native heap
# Possible solutions:
#   Reduce memory load on the system
#   Increase physical memory or swap space
#   Check if swap backing store is full
#   Decrease Java heap size (-Xmx/-Xms)
#   Decrease number of Java threads
#   Decrease Java thread stack sizes (-Xss)
#   Set larger code cache with -XX:ReservedCodeCacheSize=
#   JVM is running with Unscaled Compressed Oops mode in which the Java heap is
#     placed in the first 4GB address space. The Java Heap base address is the
#     maximum limit for the native heap growth. Please use -XX:HeapBaseMinAddress
#     to set the Java Heap base and to place the Java Heap above 4GB virtual address.
# This output file may be truncated or incomplete.
#
#  Out of Memory Error (allocation.cpp:44), pid=5956, tid=4344
#
# JRE version: OpenJDK Runtime Environment Temurin-17.0.11+9 (17.0.11+9) (build 17.0.11+9)
# Java VM: OpenJDK 64-Bit Server VM Temurin-17.0.11+9 (17.0.11+9, mixed mode, emulated-client, tiered, compressed oops, compressed class ptrs, g1 gc, windows-amd64)
# No core dump will be written. Minidumps are not enabled by default on client versions of Windows
#

---------------  S U M M A R Y ------------

Command Line: -Xmx1024m -Dsts.lsp.client=vscode -Dsts.log.file=/dev/null -XX:TieredStopAtLevel=1 -Xlog:jni+resolve=off -Dspring.config.location=file:c:\Users\Eskeal Obsa\.vscode\extensions\vmware.vscode-spring-boot-1.55.1\language-server\BOOT-INF\classes\application.properties org.springframework.ide.vscode.boot.app.BootLanguageServerBootApp

Host: Intel(R) Core(TM) i5-8265U CPU @ 1.60GHz, 8 cores, 3G,  Windows 10 , 64 bit Build 19041 (10.0.19041.2546)
Time: Sat Jul 20 20:41:18 2024 E. Africa Standard Time elapsed time: 6092.860719 seconds (0d 1h 41m 32s)

---------------  T H R E A D  ---------------

Current thread (0x000001da88d66f60):  VMThread "VM Thread" [stack: 0x00000005f1300000,0x00000005f1400000] [id=4344]

Stack: [0x00000005f1300000,0x00000005f1400000]
Native frames: (J=compiled Java code, j=interpreted, Vv=VM code, C=native code)
V  [jvm.dll+0x67d429]
V  [jvm.dll+0x834b7a]
V  [jvm.dll+0x83663e]
V  [jvm.dll+0x836ca3]
V  [jvm.dll+0x247dbf]
V  [jvm.dll+0xa6cb3]
V  [jvm.dll+0x2f8b61]
V  [jvm.dll+0x2f4750]
V  [jvm.dll+0x2dcf67]
V  [jvm.dll+0x31fb67]
V  [jvm.dll+0x83b19b]
V  [jvm.dll+0x83bed2]
V  [jvm.dll+0x83c3ed]
V  [jvm.dll+0x83c7c4]
V  [jvm.dll+0x83c890]
V  [jvm.dll+0x7e410a]
V  [jvm.dll+0x67c315]
C  [ucrtbase.dll+0x21bb2]
C  [KERNEL32.DLL+0x17614]
C  [ntdll.dll+0x526a1]

VM_Operation (0x00000005f28fe900): G1CollectFull, mode: safepoint, requested by thread 0x000001da8e596020


---------------  P R O C E S S  ---------------

Threads class SMR info:
_java_thread_list=0x000001da8e31bf20, length=17, elements={
0x000001da88d7eb50, 0x000001da88d802b0, 0x000001da88dad810, 0x000001da88dae490,
0x000001da88dafe60, 0x000001da88db0fc0, 0x000001da88db57f0, 0x000001da88db9600,
0x000001da8d1df1c0, 0x000001da8d1e9b60, 0x000001da8e8172a0, 0x000001da8e596020,
0x000001da8e596900, 0x000001dafde8def0, 0x000001da8e8ae460, 0x000001da8e4a8040,
0x000001da8e0be580
}

Java Threads: ( => current thread )
  0x000001da88d7eb50 JavaThread "Reference Handler" daemon [_thread_blocked, id=16936, stack(0x00000005f1400000,0x00000005f1500000)]
  0x000001da88d802b0 JavaThread "Finalizer" daemon [_thread_blocked, id=15716, stack(0x00000005f1500000,0x00000005f1600000)]
  0x000001da88dad810 JavaThread "Signal Dispatcher" daemon [_thread_blocked, id=2016, stack(0x00000005f1600000,0x00000005f1700000)]
  0x000001da88dae490 JavaThread "Attach Listener" daemon [_thread_blocked, id=25068, stack(0x00000005f1700000,0x00000005f1800000)]
  0x000001da88dafe60 JavaThread "Service Thread" daemon [_thread_blocked, id=21556, stack(0x00000005f1800000,0x00000005f1900000)]
  0x000001da88db0fc0 JavaThread "Monitor Deflation Thread" daemon [_thread_blocked, id=26512, stack(0x00000005f1900000,0x00000005f1a00000)]
  0x000001da88db57f0 JavaThread "C1 CompilerThread0" daemon [_thread_blocked, id=24480, stack(0x00000005f1a00000,0x00000005f1b00000)]
  0x000001da88db9600 JavaThread "Sweeper thread" daemon [_thread_blocked, id=6324, stack(0x00000005f1b00000,0x00000005f1c00000)]
  0x000001da8d1df1c0 JavaThread "Notification Thread" daemon [_thread_blocked, id=25176, stack(0x00000005f1d00000,0x00000005f1e00000)]
  0x000001da8d1e9b60 JavaThread "Common-Cleaner" daemon [_thread_blocked, id=25428, stack(0x00000005f1f00000,0x00000005f2000000)]
  0x000001da8e8172a0 JavaThread "boundedElastic-evictor-1" daemon [_thread_blocked, id=12092, stack(0x00000005f2700000,0x00000005f2800000)]
  0x000001da8e596020 JavaThread "pool-13-thread-1" [_thread_blocked, id=5828, stack(0x00000005f2800000,0x00000005f2900000)]
  0x000001da8e596900 JavaThread "LanguageServerApp-lifecycle" [_thread_blocked, id=25824, stack(0x00000005f2a00000,0x00000005f2b00000)]
  0x000001dafde8def0 JavaThread "DestroyJavaVM" [_thread_blocked, id=30280, stack(0x00000005f0d00000,0x00000005f0e00000)]
  0x000001da8e8ae460 JavaThread "pool-14-thread-1" [_thread_in_native, id=10500, stack(0x00000005f2b00000,0x00000005f2c00000)]
  0x000001da8e4a8040 JavaThread "Simple-Language-Server main thread" daemon [_thread_blocked, id=23536, stack(0x00000005f2c00000,0x00000005f2d00000)]
  0x000001da8e0be580 JavaThread "pool-6-thread-1" [_thread_blocked, id=15148, stack(0x00000005f2d00000,0x00000005f2e00000)]

Other Threads:
=>0x000001da88d66f60 VMThread "VM Thread" [stack: 0x00000005f1300000,0x00000005f1400000] [id=4344]
  0x000001da8d1e5ac0 WatcherThread [stack: 0x00000005f1e00000,0x00000005f1f00000] [id=29900]
  0x000001dafdecc6e0 GCTaskThread "GC Thread#0" [stack: 0x00000005f0e00000,0x00000005f0f00000] [id=7600]
  0x000001da8ddb59e0 GCTaskThread "GC Thread#1" [stack: 0x00000005f2000000,0x00000005f2100000] [id=18372]
  0x000001da8ddeb9e0 GCTaskThread "GC Thread#2" [stack: 0x00000005f2100000,0x00000005f2200000] [id=17552]
  0x000001da8ddebca0 GCTaskThread "GC Thread#3" [stack: 0x00000005f2200000,0x00000005f2300000] [id=18300]
  0x000001da8d081400 GCTaskThread "GC Thread#4" [stack: 0x00000005f2300000,0x00000005f2400000] [id=8760]
  0x000001da8de999b0 GCTaskThread "GC Thread#5" [stack: 0x00000005f2400000,0x00000005f2500000] [id=11412]
  0x000001da8dfd7dc0 GCTaskThread "GC Thread#6" [stack: 0x00000005f2500000,0x00000005f2600000] [id=10196]
  0x000001da8dff32e0 GCTaskThread "GC Thread#7" [stack: 0x00000005f2600000,0x00000005f2700000] [id=18412]
  0x000001dafded5630 ConcurrentGCThread "G1 Main Marker" [stack: 0x00000005f0f00000,0x00000005f1000000] [id=16576]
  0x000001dafded67f0 ConcurrentGCThread "G1 Conc#0" [stack: 0x00000005f1000000,0x00000005f1100000] [id=17776]
  0x000001da8d199970 ConcurrentGCThread "G1 Conc#1" [stack: 0x00000005f2900000,0x00000005f2a00000] [id=1852]
  0x000001dafdf377b0 ConcurrentGCThread "G1 Refine#0" [stack: 0x00000005f1100000,0x00000005f1200000] [id=21264]
  0x000001dafdf381e0 ConcurrentGCThread "G1 Service" [stack: 0x00000005f1200000,0x00000005f1300000] [id=13432]

Threads with active compile tasks:

VM state: at safepoint (normal execution)

VM Mutex/Monitor currently owned by a thread:  ([mutex/lock_event])
[0x000001dafbcd6110] Threads_lock - owner thread: 0x000001da88d66f60
[0x000001dafde8bc70] Heap_lock - owner thread: 0x000001da8e596020

Heap address: 0x00000000c0000000, size: 1024 MB, Compressed Oops mode: 32-bit

CDS archive(s) not mapped
Compressed class space mapped at: 0x0000000100000000-0x0000000140000000, reserved size: 1073741824
Narrow klass base: 0x0000000000000000, Narrow klass shift: 3, Narrow klass range: 0x140000000

GC Precious Log:
 CPUs: 8 total, 8 available
 Memory: 3982M
 Large Page Support: Disabled
 NUMA Support: Disabled
 Compressed Oops: Enabled (32-bit)
 Heap Region Size: 1M
 Heap Min Capacity: 8M
 Heap Initial Capacity: 64M
 Heap Max Capacity: 1G
 Pre-touch: Disabled
 Parallel Workers: 8
 Concurrent Workers: 2
 Concurrent Refinement Workers: 8
 Periodic GC: Disabled

Heap:
 garbage-first heap   total 78848K, used 24385K [0x00000000c0000000, 0x0000000100000000)
  region size 1024K, 1 young (1024K), 0 survivors (0K)
 Metaspace       used 38261K, committed 38848K, reserved 1114112K
  class space    used 4995K, committed 5248K, reserved 1048576K

Heap Regions: E=young(eden), S=young(survivor), O=old, HS=humongous(starts), HC=humongous(continues), CS=collection set, F=free, OA=open archive, CA=closed archive, TAMS=top-at-mark-start (previous, next)
|   0|0x00000000c0000000, 0x00000000c0100000, 0x00000000c0100000|100%|HS|  |TAMS 0x00000000c0100000, 0x00000000c0000000| Untracked 
|   1|0x00000000c0100000, 0x00000000c0200000, 0x00000000c0200000|100%|HC|  |TAMS 0x00000000c0200000, 0x00000000c0100000| Untracked 
|   2|0x00000000c0200000, 0x00000000c0300000, 0x00000000c0300000|100%|HC|  |TAMS 0x00000000c0300000, 0x00000000c0200000| Untracked 
|   3|0x00000000c0300000, 0x00000000c0400000, 0x00000000c0400000|100%|HC|  |TAMS 0x00000000c0400000, 0x00000000c0300000| Untracked 
|   4|0x00000000c0400000, 0x00000000c0500000, 0x00000000c0500000|100%|HS|  |TAMS 0x00000000c0500000, 0x00000000c0400000| Untracked 
|   5|0x00000000c0500000, 0x00000000c0600000, 0x00000000c0600000|100%|HC|  |TAMS 0x00000000c0600000, 0x00000000c0500000| Untracked 
|   6|0x00000000c0600000, 0x00000000c0700000, 0x00000000c0700000|100%| O|  |TAMS 0x00000000c0700000, 0x00000000c0600000| Untracked 
|   7|0x00000000c0700000, 0x00000000c0800000, 0x00000000c0800000|100%| O|  |TAMS 0x00000000c0800000, 0x00000000c0700000| Untracked 
|   8|0x00000000c0800000, 0x00000000c08fde00, 0x00000000c0900000| 99%| O|  |TAMS 0x00000000c08fde00, 0x00000000c0800000| Untracked 
|   9|0x00000000c0900000, 0x00000000c0a00000, 0x00000000c0a00000|100%| O|  |TAMS 0x00000000c0a00000, 0x00000000c0900000| Untracked 
|  10|0x00000000c0a00000, 0x00000000c0b00000, 0x00000000c0b00000|100%| O|  |TAMS 0x00000000c0b00000, 0x00000000c0a00000| Untracked 
|  11|0x00000000c0b00000, 0x00000000c0c00000, 0x00000000c0c00000|100%| O|  |TAMS 0x00000000c0c00000, 0x00000000c0b00000| Untracked 
|  12|0x00000000c0c00000, 0x00000000c0cffff8, 0x00000000c0d00000| 99%| O|  |TAMS 0x00000000c0cffff8, 0x00000000c0c00000| Untracked 
|  13|0x00000000c0d00000, 0x00000000c0e00000, 0x00000000c0e00000|100%| O|  |TAMS 0x00000000c0e00000, 0x00000000c0d00000| Untracked 
|  14|0x00000000c0e00000, 0x00000000c0f00000, 0x00000000c0f00000|100%| O|  |TAMS 0x00000000c0f00000, 0x00000000c0e00000| Untracked 
|  15|0x00000000c0f00000, 0x00000000c0fffff0, 0x00000000c1000000| 99%| O|  |TAMS 0x00000000c0fffff0, 0x00000000c0f00000| Untracked 
|  16|0x00000000c1000000, 0x00000000c10fffc0, 0x00000000c1100000| 99%| O|  |TAMS 0x00000000c10fffc0, 0x00000000c1000000| Untracked 
|  17|0x00000000c1100000, 0x00000000c1200000, 0x00000000c1200000|100%| O|  |TAMS 0x00000000c1200000, 0x00000000c1100000| Untracked 
|  18|0x00000000c1200000, 0x00000000c12fffd0, 0x00000000c1300000| 99%| O|  |TAMS 0x00000000c12fffd0, 0x00000000c1200000| Untracked 
|  19|0x00000000c1300000, 0x00000000c1400000, 0x00000000c1400000|100%| O|  |TAMS 0x00000000c1400000, 0x00000000c1300000| Untracked 
|  20|0x00000000c1400000, 0x00000000c1500000, 0x00000000c1500000|100%| O|  |TAMS 0x00000000c1500000, 0x00000000c1400000| Untracked 
|  21|0x00000000c1500000, 0x00000000c1600000, 0x00000000c1600000|100%| O|  |TAMS 0x00000000c1600000, 0x00000000c1500000| Untracked 
|  22|0x00000000c1600000, 0x00000000c16d4028, 0x00000000c1700000| 82%| O|  |TAMS 0x00000000c1600000, 0x00000000c1600000| Untracked 
|  23|0x00000000c1700000, 0x00000000c17fdb10, 0x00000000c1800000| 99%| O|  |TAMS 0x00000000c17fdb10, 0x00000000c1700000| Untracked 
|  24|0x00000000c1800000, 0x00000000c1800eb8, 0x00000000c1900000|  0%| O|  |TAMS 0x00000000c1800000, 0x00000000c1800000| Untracked 
|  25|0x00000000c1900000, 0x00000000c1900000, 0x00000000c1a00000|  0%| F|  |TAMS 0x00000000c1900000, 0x00000000c1900000| Untracked 
|  26|0x00000000c1a00000, 0x00000000c1a00000, 0x00000000c1b00000|  0%| F|  |TAMS 0x00000000c1a00000, 0x00000000c1a00000| Untracked 
|  27|0x00000000c1b00000, 0x00000000c1b00000, 0x00000000c1c00000|  0%| F|  |TAMS 0x00000000c1b00000, 0x00000000c1b00000| Untracked 
|  28|0x00000000c1c00000, 0x00000000c1c00000, 0x00000000c1d00000|  0%| F|  |TAMS 0x00000000c1c00000, 0x00000000c1c00000| Untracked 
|  29|0x00000000c1d00000, 0x00000000c1d00000, 0x00000000c1e00000|  0%| F|  |TAMS 0x00000000c1d00000, 0x00000000c1d00000| Untracked 
|  30|0x00000000c1e00000, 0x00000000c1e00000, 0x00000000c1f00000|  0%| F|  |TAMS 0x00000000c1e00000, 0x00000000c1e00000| Untracked 
|  31|0x00000000c1f00000, 0x00000000c1f00000, 0x00000000c2000000|  0%| F|  |TAMS 0x00000000c1f00000, 0x00000000c1f00000| Untracked 
|  32|0x00000000c2000000, 0x00000000c2000000, 0x00000000c2100000|  0%| F|  |TAMS 0x00000000c2000000, 0x00000000c2000000| Untracked 
|  33|0x00000000c2100000, 0x00000000c2100000, 0x00000000c2200000|  0%| F|  |TAMS 0x00000000c2100000, 0x00000000c2100000| Untracked 
|  34|0x00000000c2200000, 0x00000000c2200000, 0x00000000c2300000|  0%| F|  |TAMS 0x00000000c2200000, 0x00000000c2200000| Untracked 
|  35|0x00000000c2300000, 0x00000000c2300000, 0x00000000c2400000|  0%| F|  |TAMS 0x00000000c2300000, 0x00000000c2300000| Untracked 
|  36|0x00000000c2400000, 0x00000000c2400000, 0x00000000c2500000|  0%| F|  |TAMS 0x00000000c2400000, 0x00000000c2400000| Untracked 
|  37|0x00000000c2500000, 0x00000000c2500000, 0x00000000c2600000|  0%| F|  |TAMS 0x00000000c2500000, 0x00000000c2500000| Untracked 
|  38|0x00000000c2600000, 0x00000000c2600000, 0x00000000c2700000|  0%| F|  |TAMS 0x00000000c2600000, 0x00000000c2600000| Untracked 
|  39|0x00000000c2700000, 0x00000000c2700000, 0x00000000c2800000|  0%| F|  |TAMS 0x00000000c2700000, 0x00000000c2700000| Untracked 
|  40|0x00000000c2800000, 0x00000000c2800000, 0x00000000c2900000|  0%| F|  |TAMS 0x00000000c2800000, 0x00000000c2800000| Untracked 
|  41|0x00000000c2900000, 0x00000000c2900000, 0x00000000c2a00000|  0%| F|  |TAMS 0x00000000c2900000, 0x00000000c2900000| Untracked 
|  42|0x00000000c2a00000, 0x00000000c2a00000, 0x00000000c2b00000|  0%| F|  |TAMS 0x00000000c2a00000, 0x00000000c2a00000| Untracked 
|  43|0x00000000c2b00000, 0x00000000c2b00000, 0x00000000c2c00000|  0%| F|  |TAMS 0x00000000c2b00000, 0x00000000c2b00000| Untracked 
|  44|0x00000000c2c00000, 0x00000000c2c00000, 0x00000000c2d00000|  0%| F|  |TAMS 0x00000000c2c00000, 0x00000000c2c00000| Untracked 
|  45|0x00000000c2d00000, 0x00000000c2d00000, 0x00000000c2e00000|  0%| F|  |TAMS 0x00000000c2d00000, 0x00000000c2d00000| Untracked 
|  46|0x00000000c2e00000, 0x00000000c2e00000, 0x00000000c2f00000|  0%| F|  |TAMS 0x00000000c2e00000, 0x00000000c2e00000| Untracked 
|  47|0x00000000c2f00000, 0x00000000c2f00000, 0x00000000c3000000|  0%| F|  |TAMS 0x00000000c2f00000, 0x00000000c2f00000| Untracked 
|  48|0x00000000c3000000, 0x00000000c3000000, 0x00000000c3100000|  0%| F|  |TAMS 0x00000000c3000000, 0x00000000c3000000| Untracked 
|  49|0x00000000c3100000, 0x00000000c3100000, 0x00000000c3200000|  0%| F|  |TAMS 0x00000000c3100000, 0x00000000c3100000| Untracked 
|  50|0x00000000c3200000, 0x00000000c3200000, 0x00000000c3300000|  0%| F|  |TAMS 0x00000000c3200000, 0x00000000c3200000| Untracked 
|  51|0x00000000c3300000, 0x00000000c3300000, 0x00000000c3400000|  0%| F|  |TAMS 0x00000000c3300000, 0x00000000c3300000| Untracked 
|  52|0x00000000c3400000, 0x00000000c3400000, 0x00000000c3500000|  0%| F|  |TAMS 0x00000000c3400000, 0x00000000c3400000| Untracked 
|  53|0x00000000c3500000, 0x00000000c3500000, 0x00000000c3600000|  0%| F|  |TAMS 0x00000000c3500000, 0x00000000c3500000| Untracked 
|  54|0x00000000c3600000, 0x00000000c3600000, 0x00000000c3700000|  0%| F|  |TAMS 0x00000000c3600000, 0x00000000c3600000| Untracked 
|  55|0x00000000c3700000, 0x00000000c3700000, 0x00000000c3800000|  0%| F|  |TAMS 0x00000000c3700000, 0x00000000c3700000| Untracked 
|  56|0x00000000c3800000, 0x00000000c3800000, 0x00000000c3900000|  0%| F|  |TAMS 0x00000000c3800000, 0x00000000c3800000| Untracked 
|  57|0x00000000c3900000, 0x00000000c3900000, 0x00000000c3a00000|  0%| F|  |TAMS 0x00000000c3900000, 0x00000000c3900000| Untracked 
|  58|0x00000000c3a00000, 0x00000000c3a00000, 0x00000000c3b00000|  0%| F|  |TAMS 0x00000000c3a00000, 0x00000000c3a00000| Untracked 
|  59|0x00000000c3b00000, 0x00000000c3b00000, 0x00000000c3c00000|  0%| F|  |TAMS 0x00000000c3b00000, 0x00000000c3b00000| Untracked 
|  60|0x00000000c3c00000, 0x00000000c3c00000, 0x00000000c3d00000|  0%| F|  |TAMS 0x00000000c3c00000, 0x00000000c3c00000| Untracked 
|  61|0x00000000c3d00000, 0x00000000c3d00000, 0x00000000c3e00000|  0%| F|  |TAMS 0x00000000c3d00000, 0x00000000c3d00000| Untracked 
|  62|0x00000000c3e00000, 0x00000000c3e00000, 0x00000000c3f00000|  0%| F|  |TAMS 0x00000000c3e00000, 0x00000000c3e00000| Untracked 
|  63|0x00000000c3f00000, 0x00000000c3f00000, 0x00000000c4000000|  0%| F|  |TAMS 0x00000000c3f00000, 0x00000000c3f00000| Untracked 
|  64|0x00000000c4000000, 0x00000000c4000000, 0x00000000c4100000|  0%| F|  |TAMS 0x00000000c4000000, 0x00000000c4000000| Untracked 
|  65|0x00000000c4100000, 0x00000000c4100000, 0x00000000c4200000|  0%| F|  |TAMS 0x00000000c4100000, 0x00000000c4100000| Untracked 
|  66|0x00000000c4200000, 0x00000000c4200000, 0x00000000c4300000|  0%| F|  |TAMS 0x00000000c4200000, 0x00000000c4200000| Untracked 
|  67|0x00000000c4300000, 0x00000000c4300000, 0x00000000c4400000|  0%| F|  |TAMS 0x00000000c4300000, 0x00000000c4300000| Untracked 
|  68|0x00000000c4400000, 0x00000000c4400000, 0x00000000c4500000|  0%| F|  |TAMS 0x00000000c4400000, 0x00000000c4400000| Untracked 
|  69|0x00000000c4500000, 0x00000000c4500000, 0x00000000c4600000|  0%| F|  |TAMS 0x00000000c4500000, 0x00000000c4500000| Untracked 
|  70|0x00000000c4600000, 0x00000000c4600000, 0x00000000c4700000|  0%| F|  |TAMS 0x00000000c4600000, 0x00000000c4600000| Untracked 
|  71|0x00000000c4700000, 0x00000000c4700000, 0x00000000c4800000|  0%| F|  |TAMS 0x00000000c4700000, 0x00000000c4700000| Untracked 
|  72|0x00000000c4800000, 0x00000000c4800000, 0x00000000c4900000|  0%| F|  |TAMS 0x00000000c4800000, 0x00000000c4800000| Untracked 
|  73|0x00000000c4900000, 0x00000000c4900000, 0x00000000c4a00000|  0%| F|  |TAMS 0x00000000c4900000, 0x00000000c4900000| Untracked 
|  74|0x00000000c4a00000, 0x00000000c4a00000, 0x00000000c4b00000|  0%| F|  |TAMS 0x00000000c4a00000, 0x00000000c4a00000| Untracked 
|  75|0x00000000c4b00000, 0x00000000c4b00000, 0x00000000c4c00000|  0%| F|  |TAMS 0x00000000c4b00000, 0x00000000c4b00000| Untracked 
|  76|0x00000000c4c00000, 0x00000000c4c38828, 0x00000000c4d00000| 22%| E|  |TAMS 0x00000000c4c00000, 0x00000000c4c00000| Complete 

Card table byte_map: [0x000001dafe250000,0x000001dafe450000] _byte_map_base: 0x000001dafdc50000

Marking Bits (Prev, Next): (CMBitMap*) 0x000001dafdeccd40, (CMBitMap*) 0x000001dafdeccd00
 Prev Bits: [0x000001da85be0000, 0x000001da86be0000)
 Next Bits: [0x000001dafe650000, 0x000001daff650000)

Polling page: 0x000001dafbdc0000

Metaspace:

Usage:
  Non-class:     32.49 MB used.
      Class:      4.88 MB used.
       Both:     37.36 MB used.

Virtual space:
  Non-class space:       64.00 MB reserved,      32.81 MB ( 51%) committed,  1 nodes.
      Class space:        1.00 GB reserved,       5.12 MB ( <1%) committed,  1 nodes.
             Both:        1.06 GB reserved,      37.94 MB (  3%) committed. 

Chunk freelists:
   Non-Class:  15.02 MB
       Class:  10.92 MB
        Both:  25.94 MB

MaxMetaspaceSize: unlimited
CompressedClassSpaceSize: 1.00 GB
Initial GC threshold: 21.00 MB
Current GC threshold: 63.25 MB
CDS: off
MetaspaceReclaimPolicy: balanced
 - commit_granule_bytes: 65536.
 - commit_granule_words: 8192.
 - virtual_space_node_default_size: 8388608.
 - enlarge_chunks_in_place: 1.
 - new_chunks_are_fully_committed: 0.
 - uncommit_free_chunks: 1.
 - use_allocation_guard: 0.
 - handle_deallocations: 1.


Internal statistics:

num_allocs_failed_limit: 6.
num_arena_births: 484.
num_arena_deaths: 138.
num_vsnodes_births: 2.
num_vsnodes_deaths: 0.
num_space_committed: 607.
num_space_uncommitted: 0.
num_chunks_returned_to_freelist: 155.
num_chunks_taken_from_freelist: 1621.
num_chunk_merges: 46.
num_chunk_splits: 1120.
num_chunks_enlarged: 850.
num_inconsistent_stats: 0.

CodeCache: size=49152Kb used=6989Kb max_used=7539Kb free=42162Kb
 bounds [0x000001da82be0000, 0x000001da83390000, 0x000001da85be0000]
 total_blobs=4294 nmethods=3749 adapters=472
 compilation: enabled
              stopped_count=0, restarted_count=0
 full_count=0

Compilation events (20 events):
Event: 2725.878 Thread 0x000001da88db57f0 3746       1       java.lang.System::gc (7 bytes)
Event: 2725.878 Thread 0x000001da88db57f0 nmethod 3746 0x000001da82d52010 code [0x000001da82d521a0, 0x000001da82d52268]
Event: 2736.175 Thread 0x000001da88db57f0 3748       1       java.lang.ProcessImpl$$Lambda$776/0x00000001003e2470::run (8 bytes)
Event: 2736.176 Thread 0x000001da88db57f0 nmethod 3748 0x000001da82d51910 code [0x000001da82d51aa0, 0x000001da82d51b88]
Event: 2736.176 Thread 0x000001da88db57f0 3749       1       java.lang.ProcessImpl::lambda$new$0 (6 bytes)
Event: 2736.176 Thread 0x000001da88db57f0 nmethod 3749 0x000001da82d51610 code [0x000001da82d517a0, 0x000001da82d51868]
Event: 3857.123 Thread 0x000001da88db57f0 3751       1       java.time.Clock$TickClock::millis (23 bytes)
Event: 3857.195 Thread 0x000001da88db57f0 nmethod 3751 0x000001da82d51190 code [0x000001da82d51340, 0x000001da82d514e8]
Event: 4041.208 Thread 0x000001da88db57f0 3754   !   1       org.springframework.ide.vscode.commons.languageserver.util.ParentProcessWatcher::parentProcessStillRunning (413 bytes)
Event: 4041.432 Thread 0x000001da88db57f0 nmethod 3754 0x000001da82d4b790 code [0x000001da82d4bfc0, 0x000001da82d4f188]
Event: 4072.433 Thread 0x000001da88db57f0 3755   !   1       java.lang.ProcessImpl::<init> (327 bytes)
Event: 4072.489 Thread 0x000001da88db57f0 nmethod 3755 0x000001da82d48810 code [0x000001da82d48c60, 0x000001da82d4a018]
Event: 4415.662 Thread 0x000001da88db57f0 3768       1       java.lang.invoke.StringConcatFactory::parseRecipe (198 bytes)
Event: 4415.829 Thread 0x000001da88db57f0 nmethod 3768 0x000001da82d46f10 code [0x000001da82d471e0, 0x000001da82d47f38]
Event: 5137.105 Thread 0x000001da88db57f0 3769       1       java.time.Clock$SystemClock::millis (4 bytes)
Event: 5137.110 Thread 0x000001da88db57f0 nmethod 3769 0x000001da82d46c10 code [0x000001da82d46da0, 0x000001da82d46e78]
Event: 5137.112 Thread 0x000001da88db57f0 3770       1       java.util.concurrent.ConcurrentLinkedDeque::toArray (6 bytes)
Event: 5137.119 Thread 0x000001da88db57f0 nmethod 3770 0x000001da82d46910 code [0x000001da82d46aa0, 0x000001da82d46b88]
Event: 5409.919 Thread 0x000001da88db57f0 3771       1       java.lang.ProcessImpl$2::run (242 bytes)
Event: 5409.969 Thread 0x000001da88db57f0 nmethod 3771 0x000001da82d45290 code [0x000001da82d45540, 0x000001da82d462d8]

GC Heap History (20 events):
Event: 5989.458 GC heap before
{Heap before GC invocations=578 (full 567):
 garbage-first heap   total 78848K, used 24385K [0x00000000c0000000, 0x0000000100000000)
  region size 1024K, 1 young (1024K), 0 survivors (0K)
 Metaspace       used 38261K, committed 38848K, reserved 1114112K
  class space    used 4995K, committed 5248K, reserved 1048576K
}
Event: 5989.498 GC heap after
{Heap after GC invocations=579 (full 568):
 garbage-first heap   total 78848K, used 24385K [0x00000000c0000000, 0x0000000100000000)
  region size 1024K, 0 young (0K), 0 survivors (0K)
 Metaspace       used 38261K, committed 38848K, reserved 1114112K
  class space    used 4995K, committed 5248K, reserved 1048576K
}
Event: 5999.787 GC heap before
{Heap before GC invocations=579 (full 568):
 garbage-first heap   total 78848K, used 24385K [0x00000000c0000000, 0x0000000100000000)
  region size 1024K, 1 young (1024K), 0 survivors (0K)
 Metaspace       used 38261K, committed 38848K, reserved 1114112K
  class space    used 4995K, committed 5248K, reserved 1048576K
}
Event: 5999.830 GC heap after
{Heap after GC invocations=580 (full 569):
 garbage-first heap   total 78848K, used 24385K [0x00000000c0000000, 0x0000000100000000)
  region size 1024K, 0 young (0K), 0 survivors (0K)
 Metaspace       used 38261K, committed 38848K, reserved 1114112K
  class space    used 4995K, committed 5248K, reserved 1048576K
}
Event: 6010.098 GC heap before
{Heap before GC invocations=580 (full 569):
 garbage-first heap   total 78848K, used 24385K [0x00000000c0000000, 0x0000000100000000)
  region size 1024K, 1 young (1024K), 0 survivors (0K)
 Metaspace       used 38261K, committed 38848K, reserved 1114112K
  class space    used 4995K, committed 5248K, reserved 1048576K
}
Event: 6010.143 GC heap after
{Heap after GC invocations=581 (full 570):
 garbage-first heap   total 78848K, used 24385K [0x00000000c0000000, 0x0000000100000000)
  region size 1024K, 0 young (0K), 0 survivors (0K)
 Metaspace       used 38261K, committed 38848K, reserved 1114112K
  class space    used 4995K, committed 5248K, reserved 1048576K
}
Event: 6020.504 GC heap before
{Heap before GC invocations=581 (full 570):
 garbage-first heap   total 78848K, used 24385K [0x00000000c0000000, 0x0000000100000000)
  region size 1024K, 1 young (1024K), 0 survivors (0K)
 Metaspace       used 38261K, committed 38848K, reserved 1114112K
  class space    used 4995K, committed 5248K, reserved 1048576K
}
Event: 6020.559 GC heap after
{Heap after GC invocations=582 (full 571):
 garbage-first heap   total 78848K, used 24385K [0x00000000c0000000, 0x0000000100000000)
  region size 1024K, 0 young (0K), 0 survivors (0K)
 Metaspace       used 38261K, committed 38848K, reserved 1114112K
  class space    used 4995K, committed 5248K, reserved 1048576K
}
Event: 6030.961 GC heap before
{Heap before GC invocations=582 (full 571):
 garbage-first heap   total 78848K, used 24385K [0x00000000c0000000, 0x0000000100000000)
  region size 1024K, 1 young (1024K), 0 survivors (0K)
 Metaspace       used 38261K, committed 38848K, reserved 1114112K
  class space    used 4995K, committed 5248K, reserved 1048576K
}
Event: 6031.005 GC heap after
{Heap after GC invocations=583 (full 572):
 garbage-first heap   total 78848K, used 24385K [0x00000000c0000000, 0x0000000100000000)
  region size 1024K, 0 young (0K), 0 survivors (0K)
 Metaspace       used 38261K, committed 38848K, reserved 1114112K
  class space    used 4995K, committed 5248K, reserved 1048576K
}
Event: 6041.269 GC heap before
{Heap before GC invocations=583 (full 572):
 garbage-first heap   total 78848K, used 24385K [0x00000000c0000000, 0x0000000100000000)
  region size 1024K, 1 young (1024K), 0 survivors (0K)
 Metaspace       used 38261K, committed 38848K, reserved 1114112K
  class space    used 4995K, committed 5248K, reserved 1048576K
}
Event: 6041.310 GC heap after
{Heap after GC invocations=584 (full 573):
 garbage-first heap   total 78848K, used 24385K [0x00000000c0000000, 0x0000000100000000)
  region size 1024K, 0 young (0K), 0 survivors (0K)
 Metaspace       used 38261K, committed 38848K, reserved 1114112K
  class space    used 4995K, committed 5248K, reserved 1048576K
}
Event: 6051.652 GC heap before
{Heap before GC invocations=584 (full 573):
 garbage-first heap   total 78848K, used 24385K [0x00000000c0000000, 0x0000000100000000)
  region size 1024K, 1 young (1024K), 0 survivors (0K)
 Metaspace       used 38261K, committed 38848K, reserved 1114112K
  class space    used 4995K, committed 5248K, reserved 1048576K
}
Event: 6051.704 GC heap after
{Heap after GC invocations=585 (full 574):
 garbage-first heap   total 78848K, used 24385K [0x00000000c0000000, 0x0000000100000000)
  region size 1024K, 0 young (0K), 0 survivors (0K)
 Metaspace       used 38261K, committed 38848K, reserved 1114112K
  class space    used 4995K, committed 5248K, reserved 1048576K
}
Event: 6061.969 GC heap before
{Heap before GC invocations=585 (full 574):
 garbage-first heap   total 78848K, used 24385K [0x00000000c0000000, 0x0000000100000000)
  region size 1024K, 1 young (1024K), 0 survivors (0K)
 Metaspace       used 38261K, committed 38848K, reserved 1114112K
  class space    used 4995K, committed 5248K, reserved 1048576K
}
Event: 6062.010 GC heap after
{Heap after GC invocations=586 (full 575):
 garbage-first heap   total 78848K, used 24385K [0x00000000c0000000, 0x0000000100000000)
  region size 1024K, 0 young (0K), 0 survivors (0K)
 Metaspace       used 38261K, committed 38848K, reserved 1114112K
  class space    used 4995K, committed 5248K, reserved 1048576K
}
Event: 6072.264 GC heap before
{Heap before GC invocations=586 (full 575):
 garbage-first heap   total 78848K, used 24385K [0x00000000c0000000, 0x0000000100000000)
  region size 1024K, 1 young (1024K), 0 survivors (0K)
 Metaspace       used 38261K, committed 38848K, reserved 1114112K
  class space    used 4995K, committed 5248K, reserved 1048576K
}
Event: 6072.308 GC heap after
{Heap after GC invocations=587 (full 576):
 garbage-first heap   total 78848K, used 24385K [0x00000000c0000000, 0x0000000100000000)
  region size 1024K, 0 young (0K), 0 survivors (0K)
 Metaspace       used 38261K, committed 38848K, reserved 1114112K
  class space    used 4995K, committed 5248K, reserved 1048576K
}
Event: 6082.588 GC heap before
{Heap before GC invocations=587 (full 576):
 garbage-first heap   total 78848K, used 24385K [0x00000000c0000000, 0x0000000100000000)
  region size 1024K, 1 young (1024K), 0 survivors (0K)
 Metaspace       used 38261K, committed 38848K, reserved 1114112K
  class space    used 4995K, committed 5248K, reserved 1048576K
}
Event: 6082.630 GC heap after
{Heap after GC invocations=588 (full 577):
 garbage-first heap   total 78848K, used 24385K [0x00000000c0000000, 0x0000000100000000)
  region size 1024K, 0 young (0K), 0 survivors (0K)
 Metaspace       used 38261K, committed 38848K, reserved 1114112K
  class space    used 4995K, committed 5248K, reserved 1048576K
}

Dll operation events (8 events):
Event: 0.047 Loaded shared library c:\Users\Eskeal Obsa\.vscode\extensions\redhat.java-1.32.0-win32-x64\jre\17.0.11-win32-x86_64\bin\java.dll
Event: 0.847 Loaded shared library C:\Users\Eskeal Obsa\.vscode\extensions\redhat.java-1.32.0-win32-x64\jre\17.0.11-win32-x86_64\bin\net.dll
Event: 0.855 Loaded shared library C:\Users\Eskeal Obsa\.vscode\extensions\redhat.java-1.32.0-win32-x64\jre\17.0.11-win32-x86_64\bin\nio.dll
Event: 0.878 Loaded shared library C:\Users\Eskeal Obsa\.vscode\extensions\redhat.java-1.32.0-win32-x64\jre\17.0.11-win32-x86_64\bin\zip.dll
Event: 4.555 Loaded shared library C:\Users\Eskeal Obsa\.vscode\extensions\redhat.java-1.32.0-win32-x64\jre\17.0.11-win32-x86_64\bin\jimage.dll
Event: 11.733 Loaded shared library c:\Users\Eskeal Obsa\.vscode\extensions\redhat.java-1.32.0-win32-x64\jre\17.0.11-win32-x86_64\bin\verify.dll
Event: 17.289 Loaded shared library C:\Users\Eskeal Obsa\.vscode\extensions\redhat.java-1.32.0-win32-x64\jre\17.0.11-win32-x86_64\bin\management.dll
Event: 17.300 Loaded shared library C:\Users\Eskeal Obsa\.vscode\extensions\redhat.java-1.32.0-win32-x64\jre\17.0.11-win32-x86_64\bin\management_ext.dll

Deoptimization events (4 events):
Event: 18.005 Thread 0x000001da8e8ae460 DEOPT PACKING pc=0x000001da83129781 sp=0x00000005f2bfdf70
Event: 18.011 Thread 0x000001da8e8ae460 DEOPT UNPACKING pc=0x000001da82c37143 sp=0x00000005f2bfd400 mode 3
Event: 18.040 Thread 0x000001da8e4a8040 DEOPT PACKING pc=0x000001da8310d217 sp=0x00000005f2cfecf0
Event: 18.040 Thread 0x000001da8e4a8040 DEOPT UNPACKING pc=0x000001da82c37143 sp=0x00000005f2cfe148 mode 3

Classes unloaded (20 events):
Event: 82.338 Thread 0x000001da88d66f60 Unloading class 0x000000010026dc00 'java/lang/invoke/LambdaForm$MH+0x000000010026dc00'
Event: 82.338 Thread 0x000001da88d66f60 Unloading class 0x000000010026d000 'java/lang/invoke/LambdaForm$MH+0x000000010026d000'
Event: 82.338 Thread 0x000001da88d66f60 Unloading class 0x0000000100096000 'java/lang/invoke/LambdaForm$MH+0x0000000100096000'
Event: 82.338 Thread 0x000001da88d66f60 Unloading class 0x0000000100095c00 'java/lang/invoke/LambdaForm$MH+0x0000000100095c00'
Event: 82.338 Thread 0x000001da88d66f60 Unloading class 0x0000000100095800 'java/lang/invoke/LambdaForm$MH+0x0000000100095800'
Event: 82.338 Thread 0x000001da88d66f60 Unloading class 0x0000000100095400 'java/lang/invoke/LambdaForm$MH+0x0000000100095400'
Event: 82.338 Thread 0x000001da88d66f60 Unloading class 0x0000000100095000 'java/lang/invoke/LambdaForm$MH+0x0000000100095000'
Event: 82.338 Thread 0x000001da88d66f60 Unloading class 0x0000000100094c00 'java/lang/invoke/LambdaForm$MH+0x0000000100094c00'
Event: 82.338 Thread 0x000001da88d66f60 Unloading class 0x0000000100094800 'java/lang/invoke/LambdaForm$MH+0x0000000100094800'
Event: 82.338 Thread 0x000001da88d66f60 Unloading class 0x0000000100094400 'java/lang/invoke/LambdaForm$MH+0x0000000100094400'
Event: 82.338 Thread 0x000001da88d66f60 Unloading class 0x000000010008e800 'java/lang/invoke/LambdaForm$MH+0x000000010008e800'
Event: 82.338 Thread 0x000001da88d66f60 Unloading class 0x000000010008e400 'java/lang/invoke/LambdaForm$MH+0x000000010008e400'
Event: 82.338 Thread 0x000001da88d66f60 Unloading class 0x000000010008e000 'java/lang/invoke/LambdaForm$MH+0x000000010008e000'
Event: 82.338 Thread 0x000001da88d66f60 Unloading class 0x000000010008dc00 'java/lang/invoke/LambdaForm$MH+0x000000010008dc00'
Event: 82.338 Thread 0x000001da88d66f60 Unloading class 0x000000010008d800 'java/lang/invoke/LambdaForm$MH+0x000000010008d800'
Event: 82.338 Thread 0x000001da88d66f60 Unloading class 0x000000010008d400 'java/lang/invoke/LambdaForm$MH+0x000000010008d400'
Event: 82.338 Thread 0x000001da88d66f60 Unloading class 0x000000010008cc00 'java/lang/invoke/LambdaForm$MH+0x000000010008cc00'
Event: 82.338 Thread 0x000001da88d66f60 Unloading class 0x000000010008c800 'java/lang/invoke/LambdaForm$MH+0x000000010008c800'
Event: 82.338 Thread 0x000001da88d66f60 Unloading class 0x000000010008c000 'java/lang/invoke/LambdaForm$MH+0x000000010008c000'
Event: 82.338 Thread 0x000001da88d66f60 Unloading class 0x000000010008bc00 'java/lang/invoke/LambdaForm$MH+0x000000010008bc00'

Classes redefined (0 events):
No events

Internal exceptions (20 events):
Event: 13.484 Thread 0x000001dafde8def0 Exception <a 'java/lang/NoSuchMethodError'{0x00000000c4c41a80}: 'java.lang.Object java.lang.invoke.DirectMethodHandle$Holder.invokeSpecial(java.lang.Object, java.lang.Object, java.lang.Object, java.lang.Object, java.lang.Object, java.lang.Object, java.lang.Object, java.lang.Object, java.lang.Object, java.lang.Object)'> (0x00000000c4c41a80) 
thrown [s\src\hotspot\share\interpreter\linkResolver.cpp, line 759]
Event: 13.485 Thread 0x000001dafde8def0 Exception <a 'java/lang/NoSuchMethodError'{0x00000000c4c46068}: 'java.lang.Object java.lang.invoke.Invokers$Holder.invoke_MT(java.lang.Object, java.lang.Object, java.lang.Object, java.lang.Object, java.lang.Object, java.lang.Object, java.lang.Object, java.lang.Object, java.lang.Object, java.lang.Object)'> (0x00000000c4c46068) 
thrown [s\src\hotspot\share\interpreter\linkResolver.cpp, line 759]
Event: 13.493 Thread 0x000001dafde8def0 Exception <a 'java/lang/NoSuchMethodError'{0x00000000c4c8e7c0}: 'java.lang.Object java.lang.invoke.DirectMethodHandle$Holder.invokeSpecial(java.lang.Object, java.lang.Object, int, java.lang.Object, java.lang.Object)'> (0x00000000c4c8e7c0) 
thrown [s\src\hotspot\share\interpreter\linkResolver.cpp, line 759]
Event: 13.494 Thread 0x000001dafde8def0 Exception <a 'java/lang/NoSuchMethodError'{0x00000000c4c92468}: 'java.lang.Object java.lang.invoke.DelegatingMethodHandle$Holder.delegate(java.lang.Object, int, java.lang.Object, java.lang.Object)'> (0x00000000c4c92468) 
thrown [s\src\hotspot\share\interpreter\linkResolver.cpp, line 759]
Event: 13.496 Thread 0x000001dafde8def0 Exception <a 'java/lang/NoSuchMethodError'{0x00000000c4ca32f0}: 'int java.lang.invoke.Invokers$Holder.linkToTargetMethod(java.lang.Object, java.lang.Object, java.lang.Object)'> (0x00000000c4ca32f0) 
thrown [s\src\hotspot\share\interpreter\linkResolver.cpp, line 759]
Event: 13.686 Thread 0x000001dafde8def0 Exception <a 'java/lang/NoSuchMethodError'{0x00000000c47783b8}: 'java.lang.Object java.lang.invoke.DirectMethodHandle$Holder.invokeStaticInit(java.lang.Object, int, int, int, int)'> (0x00000000c47783b8) 
thrown [s\src\hotspot\share\interpreter\linkResolver.cpp, line 759]
Event: 13.846 Thread 0x000001dafde8def0 Exception <a 'java/lang/NoSuchMethodError'{0x00000000c47b5d40}: 'java.lang.Object java.lang.invoke.DirectMethodHandle$Holder.invokeStaticInit(java.lang.Object, java.lang.Object, int, int, int, int)'> (0x00000000c47b5d40) 
thrown [s\src\hotspot\share\interpreter\linkResolver.cpp, line 759]
Event: 14.221 Thread 0x000001dafde8def0 Exception <a 'java/lang/NoSuchMethodError'{0x00000000c3e5e9c8}: 'void java.lang.invoke.DirectMethodHandle$Holder.invokeSpecialIFC(java.lang.Object, java.lang.Object, java.lang.Object)'> (0x00000000c3e5e9c8) 
thrown [s\src\hotspot\share\interpreter\linkResolver.cpp, line 759]
Event: 16.103 Thread 0x000001dafde8def0 Exception <a 'java/lang/NoSuchMethodError'{0x00000000c4ce8ee0}: 'int java.lang.invoke.DirectMethodHandle$Holder.invokeStaticInit(java.lang.Object, java.lang.Object, int, java.lang.Object)'> (0x00000000c4ce8ee0) 
thrown [s\src\hotspot\share\interpreter\linkResolver.cpp, line 759]
Event: 16.254 Thread 0x000001dafde8def0 Exception <a 'java/lang/NoSuchMethodError'{0x00000000c4a0fd40}: 'void java.lang.invoke.DirectMethodHandle$Holder.invokeSpecial(java.lang.Object, java.lang.Object, java.lang.Object, java.lang.Object, java.lang.Object, java.lang.Object, java.lang.Object)'> (0x00000000c4a0fd40) 
thrown [s\src\hotspot\share\interpreter\linkResolver.cpp, line 759]
Event: 16.831 Thread 0x000001dafde8def0 Exception <a 'java/lang/NoSuchMethodError'{0x00000000c4547308}: 'java.lang.Object java.lang.invoke.DirectMethodHandle$Holder.invokeInterface(java.lang.Object, java.lang.Object, int)'> (0x00000000c4547308) 
thrown [s\src\hotspot\share\interpreter\linkResolver.cpp, line 759]
Event: 16.836 Thread 0x000001dafde8def0 Exception <a 'java/lang/IncompatibleClassChangeError'{0x00000000c455e1d0}: Found class java.lang.Object, but interface was expected> (0x00000000c455e1d0) 
thrown [s\src\hotspot\share\interpreter\linkResolver.cpp, line 826]
Event: 17.274 Thread 0x000001dafde8def0 Exception <a 'java/lang/NoSuchMethodError'{0x00000000c4838220}: 'java.lang.Object java.lang.invoke.DirectMethodHandle$Holder.newInvokeSpecial(java.lang.Object, java.lang.Object, int, java.lang.Object, java.lang.Object)'> (0x00000000c4838220) 
thrown [s\src\hotspot\share\interpreter\linkResolver.cpp, line 759]
Event: 17.276 Thread 0x000001dafde8def0 Exception <a 'java/lang/NoSuchMethodError'{0x00000000c484b9b8}: 'java.lang.Object java.lang.invoke.DirectMethodHandle$Holder.invokeSpecial(java.lang.Object, java.lang.Object, int, java.lang.Object, int, java.lang.Object)'> (0x00000000c484b9b8) 
thrown [s\src\hotspot\share\interpreter\linkResolver.cpp, line 759]
Event: 17.277 Thread 0x000001dafde8def0 Exception <a 'java/lang/NoSuchMethodError'{0x00000000c48537c0}: 'java.lang.Object java.lang.invoke.DirectMethodHandle$Holder.newInvokeSpecial(java.lang.Object, java.lang.Object, int, java.lang.Object, int)'> (0x00000000c48537c0) 
thrown [s\src\hotspot\share\interpreter\linkResolver.cpp, line 759]
Event: 17.277 Thread 0x000001dafde8def0 Exception <a 'java/lang/NoSuchMethodError'{0x00000000c48578c0}: 'java.lang.Object java.lang.invoke.DirectMethodHandle$Holder.invokeSpecial(java.lang.Object, java.lang.Object, java.lang.Object, int, java.lang.Object, int)'> (0x00000000c48578c0) 
thrown [s\src\hotspot\share\interpreter\linkResolver.cpp, line 759]
Event: 17.822 Thread 0x000001da8e4a8040 Exception <a 'java/lang/NoSuchMethodError'{0x00000000c3c20168}: 'java.lang.Object java.lang.invoke.DirectMethodHandle$Holder.invokeStatic(java.lang.Object, int, java.lang.Object)'> (0x00000000c3c20168) 
thrown [s\src\hotspot\share\interpreter\linkResolver.cpp, line 759]
Event: 57.387 Thread 0x000001da8e596020 Exception <a 'java/lang/NoSuchMethodError'{0x00000000c3cf9530}: 'void java.lang.invoke.DirectMethodHandle$Holder.invokeStatic(java.lang.Object, long)'> (0x00000000c3cf9530) 
thrown [s\src\hotspot\share\interpreter\linkResolver.cpp, line 759]
Event: 57.392 Thread 0x000001da8e596020 Exception <a 'java/lang/NoSuchMethodError'{0x00000000c3cfe8d8}: 'java.lang.Object java.lang.invoke.DirectMethodHandle$Holder.newInvokeSpecial(java.lang.Object, long)'> (0x00000000c3cfe8d8) 
thrown [s\src\hotspot\share\interpreter\linkResolver.cpp, line 759]
Event: 4414.986 Thread 0x000001da8e596020 Exception <a 'java/io/IOException'{0x00000000c4c00628}: CreateProcess error=1455, The paging file is too small for this operation to complete> (0x00000000c4c00628) 
thrown [s\src\hotspot\share\prims\jni.cpp, line 535]

VM Operations (20 events):
Event: 5989.499 Executing VM operation: G1CollectFull done
Event: 5999.786 Executing VM operation: G1CollectFull
Event: 5999.830 Executing VM operation: G1CollectFull done
Event: 6010.098 Executing VM operation: G1CollectFull
Event: 6010.143 Executing VM operation: G1CollectFull done
Event: 6020.503 Executing VM operation: G1CollectFull
Event: 6020.559 Executing VM operation: G1CollectFull done
Event: 6030.960 Executing VM operation: G1CollectFull
Event: 6031.006 Executing VM operation: G1CollectFull done
Event: 6041.268 Executing VM operation: G1CollectFull
Event: 6041.310 Executing VM operation: G1CollectFull done
Event: 6051.651 Executing VM operation: G1CollectFull
Event: 6051.704 Executing VM operation: G1CollectFull done
Event: 6061.969 Executing VM operation: G1CollectFull
Event: 6062.010 Executing VM operation: G1CollectFull done
Event: 6072.264 Executing VM operation: G1CollectFull
Event: 6072.308 Executing VM operation: G1CollectFull done
Event: 6082.588 Executing VM operation: G1CollectFull
Event: 6082.630 Executing VM operation: G1CollectFull done
Event: 6092.828 Executing VM operation: G1CollectFull

Events (20 events):
Event: 18.022 Thread 0x000001da8e0be580 Thread added: 0x000001da8e0be580
Event: 18.026 loading class java/util/concurrent/ConcurrentHashMap$ValueSpliterator
Event: 18.026 loading class java/util/concurrent/ConcurrentHashMap$ValueSpliterator done
Event: 18.034 loading class java/util/concurrent/CompletableFuture$UniRelay
Event: 18.034 loading class java/util/concurrent/CompletableFuture$UniRelay done
Event: 23.080 Thread 0x000001da8d1d84d0 Thread exited: 0x000001da8d1d84d0
Event: 57.282 loading class java/lang/ProcessBuilder
Event: 57.285 loading class java/lang/ProcessBuilder done
Event: 57.285 loading class java/lang/ProcessImpl
Event: 57.288 loading class java/lang/ProcessImpl done
Event: 57.394 loading class java/lang/ProcessImpl$2
Event: 57.394 loading class java/lang/ProcessImpl$2 done
Event: 57.395 loading class java/lang/Process$PipeInputStream
Event: 57.395 loading class java/lang/Process$PipeInputStream done
Event: 57.398 loading class jdk/internal/event/ProcessStartEvent
Event: 57.400 loading class jdk/internal/event/ProcessStartEvent done
Event: 57.687 loading class java/io/FileOutputStream$1
Event: 57.687 loading class java/io/FileOutputStream$1 done
Event: 4072.503 Thread 0x000001da8e06dbc0 Thread added: 0x000001da8e06dbc0
Event: 4077.529 Thread 0x000001da8e06dbc0 Thread exited: 0x000001da8e06dbc0


Dynamic libraries:
0x00007ff61d260000 - 0x00007ff61d26e000 	c:\Users\Eskeal Obsa\.vscode\extensions\redhat.java-1.32.0-win32-x64\jre\17.0.11-win32-x86_64\bin\java.exe
0x00007ffec8cd0000 - 0x00007ffec8ec8000 	C:\WINDOWS\SYSTEM32\ntdll.dll
0x00007ffec7600000 - 0x00007ffec76bf000 	C:\WINDOWS\System32\KERNEL32.DLL
0x00007ffec65b0000 - 0x00007ffec6882000 	C:\WINDOWS\System32\KERNELBASE.dll
0x00007ffec6400000 - 0x00007ffec6500000 	C:\WINDOWS\System32\ucrtbase.dll
0x00007ffeb0560000 - 0x00007ffeb057b000 	c:\Users\Eskeal Obsa\.vscode\extensions\redhat.java-1.32.0-win32-x64\jre\17.0.11-win32-x86_64\bin\VCRUNTIME140.dll
0x00007ffeb0540000 - 0x00007ffeb0557000 	c:\Users\Eskeal Obsa\.vscode\extensions\redhat.java-1.32.0-win32-x64\jre\17.0.11-win32-x86_64\bin\jli.dll
0x00007ffec8a80000 - 0x00007ffec8c21000 	C:\WINDOWS\System32\USER32.dll
0x00007ffec6ca0000 - 0x00007ffec6cc2000 	C:\WINDOWS\System32\win32u.dll
0x00007ffea2150000 - 0x00007ffea23ea000 	C:\WINDOWS\WinSxS\amd64_microsoft.windows.common-controls_6595b64144ccf1df_6.0.19041.1110_none_60b5254171f9507e\COMCTL32.dll
0x00007ffec7990000 - 0x00007ffec79bb000 	C:\WINDOWS\System32\GDI32.dll
0x00007ffec8820000 - 0x00007ffec88be000 	C:\WINDOWS\System32\msvcrt.dll
0x00007ffec6930000 - 0x00007ffec6a3f000 	C:\WINDOWS\System32\gdi32full.dll
0x00007ffec6890000 - 0x00007ffec692d000 	C:\WINDOWS\System32\msvcp_win.dll
0x00007ffec8240000 - 0x00007ffec8270000 	C:\WINDOWS\System32\IMM32.DLL
0x00007ffebe4c0000 - 0x00007ffebe4cc000 	c:\Users\Eskeal Obsa\.vscode\extensions\redhat.java-1.32.0-win32-x64\jre\17.0.11-win32-x86_64\bin\vcruntime140_1.dll
0x00007ffeb04b0000 - 0x00007ffeb053d000 	c:\Users\Eskeal Obsa\.vscode\extensions\redhat.java-1.32.0-win32-x64\jre\17.0.11-win32-x86_64\bin\msvcp140.dll
0x00007ffe69a60000 - 0x00007ffe6a6c2000 	c:\Users\Eskeal Obsa\.vscode\extensions\redhat.java-1.32.0-win32-x64\jre\17.0.11-win32-x86_64\bin\server\jvm.dll
0x00007ffec7790000 - 0x00007ffec783e000 	C:\WINDOWS\System32\ADVAPI32.dll
0x00007ffec89e0000 - 0x00007ffec8a7c000 	C:\WINDOWS\System32\sechost.dll
0x00007ffec79c0000 - 0x00007ffec7ae4000 	C:\WINDOWS\System32\RPCRT4.dll
0x00007ffec6240000 - 0x00007ffec628b000 	C:\WINDOWS\SYSTEM32\POWRPROF.dll
0x00007ffeae290000 - 0x00007ffeae2b7000 	C:\WINDOWS\SYSTEM32\WINMM.dll
0x00007ffebecd0000 - 0x00007ffebecda000 	C:\WINDOWS\SYSTEM32\VERSION.dll
0x00007ffeb3f70000 - 0x00007ffeb3f79000 	C:\WINDOWS\SYSTEM32\WSOCK32.dll
0x00007ffec8970000 - 0x00007ffec89db000 	C:\WINDOWS\System32\WS2_32.dll
0x00007ffec6220000 - 0x00007ffec6232000 	C:\WINDOWS\SYSTEM32\UMPDC.dll
0x00007ffec4c20000 - 0x00007ffec4c32000 	C:\WINDOWS\SYSTEM32\kernel.appcore.dll
0x00007ffeb3760000 - 0x00007ffeb376a000 	c:\Users\Eskeal Obsa\.vscode\extensions\redhat.java-1.32.0-win32-x64\jre\17.0.11-win32-x86_64\bin\jimage.dll
0x00007ffec4190000 - 0x00007ffec4374000 	C:\WINDOWS\SYSTEM32\DBGHELP.DLL
0x00007ffebd4e0000 - 0x00007ffebd515000 	C:\WINDOWS\SYSTEM32\dbgcore.DLL
0x00007ffec6a40000 - 0x00007ffec6ac2000 	C:\WINDOWS\System32\bcryptPrimitives.dll
0x00007ffeb0480000 - 0x00007ffeb04a5000 	c:\Users\Eskeal Obsa\.vscode\extensions\redhat.java-1.32.0-win32-x64\jre\17.0.11-win32-x86_64\bin\java.dll
0x00007ffeb0460000 - 0x00007ffeb0478000 	c:\Users\Eskeal Obsa\.vscode\extensions\redhat.java-1.32.0-win32-x64\jre\17.0.11-win32-x86_64\bin\zip.dll
0x00007ffec7af0000 - 0x00007ffec8235000 	C:\WINDOWS\System32\SHELL32.dll
0x00007ffec4470000 - 0x00007ffec4c02000 	C:\WINDOWS\SYSTEM32\windows.storage.dll
0x00007ffec82f0000 - 0x00007ffec8645000 	C:\WINDOWS\System32\combase.dll
0x00007ffec5d50000 - 0x00007ffec5d80000 	C:\WINDOWS\SYSTEM32\Wldp.dll
0x00007ffec6d20000 - 0x00007ffec6dcd000 	C:\WINDOWS\System32\SHCORE.dll
0x00007ffec8c30000 - 0x00007ffec8c85000 	C:\WINDOWS\System32\shlwapi.dll
0x00007ffec6310000 - 0x00007ffec632f000 	C:\WINDOWS\SYSTEM32\profapi.dll
0x00007ffe9d640000 - 0x00007ffe9d659000 	C:\Users\Eskeal Obsa\.vscode\extensions\redhat.java-1.32.0-win32-x64\jre\17.0.11-win32-x86_64\bin\net.dll
0x00007ffeb9990000 - 0x00007ffeb9a9a000 	C:\WINDOWS\SYSTEM32\WINHTTP.dll
0x00007ffec5ab0000 - 0x00007ffec5b1a000 	C:\WINDOWS\system32\mswsock.dll
0x00007ffe9d0e0000 - 0x00007ffe9d0f6000 	C:\Users\Eskeal Obsa\.vscode\extensions\redhat.java-1.32.0-win32-x64\jre\17.0.11-win32-x86_64\bin\nio.dll
0x00007ffeb1ca0000 - 0x00007ffeb1cb0000 	c:\Users\Eskeal Obsa\.vscode\extensions\redhat.java-1.32.0-win32-x64\jre\17.0.11-win32-x86_64\bin\verify.dll
0x00007ffec5cb0000 - 0x00007ffec5cc8000 	C:\WINDOWS\SYSTEM32\CRYPTSP.dll
0x00007ffec53d0000 - 0x00007ffec5404000 	C:\WINDOWS\system32\rsaenh.dll
0x00007ffec63d0000 - 0x00007ffec63f7000 	C:\WINDOWS\System32\bcrypt.dll
0x00007ffec6290000 - 0x00007ffec62be000 	C:\WINDOWS\SYSTEM32\USERENV.dll
0x00007ffec5ca0000 - 0x00007ffec5cac000 	C:\WINDOWS\SYSTEM32\CRYPTBASE.dll
0x00007ffec57a0000 - 0x00007ffec57db000 	C:\WINDOWS\SYSTEM32\IPHLPAPI.DLL
0x00007ffec7840000 - 0x00007ffec7848000 	C:\WINDOWS\System32\NSI.dll
0x00007ffeb3f40000 - 0x00007ffeb3f57000 	C:\WINDOWS\SYSTEM32\dhcpcsvc6.DLL
0x00007ffebc4e0000 - 0x00007ffebc4fd000 	C:\WINDOWS\SYSTEM32\dhcpcsvc.DLL
0x00007ffec57e0000 - 0x00007ffec58ab000 	C:\WINDOWS\SYSTEM32\DNSAPI.dll
0x00007ffebf320000 - 0x00007ffebf329000 	C:\Users\Eskeal Obsa\.vscode\extensions\redhat.java-1.32.0-win32-x64\jre\17.0.11-win32-x86_64\bin\management.dll
0x00007ffebf1c0000 - 0x00007ffebf1cb000 	C:\Users\Eskeal Obsa\.vscode\extensions\redhat.java-1.32.0-win32-x64\jre\17.0.11-win32-x86_64\bin\management_ext.dll
0x00007ffec7850000 - 0x00007ffec7858000 	C:\WINDOWS\System32\PSAPI.DLL

dbghelp: loaded successfully - version: 4.0.5 - missing functions: none
symbol engine: initialized successfully - sym options: 0x614 - pdb path: .;c:\Users\Eskeal Obsa\.vscode\extensions\redhat.java-1.32.0-win32-x64\jre\17.0.11-win32-x86_64\bin;C:\WINDOWS\SYSTEM32;C:\WINDOWS\WinSxS\amd64_microsoft.windows.common-controls_6595b64144ccf1df_6.0.19041.1110_none_60b5254171f9507e;c:\Users\Eskeal Obsa\.vscode\extensions\redhat.java-1.32.0-win32-x64\jre\17.0.11-win32-x86_64\bin\server

VM Arguments:
jvm_args: -Xmx1024m -Dsts.lsp.client=vscode -Dsts.log.file=/dev/null -XX:TieredStopAtLevel=1 -Xlog:jni+resolve=off -Dspring.config.location=file:c:\Users\Eskeal Obsa\.vscode\extensions\vmware.vscode-spring-boot-1.55.1\language-server\BOOT-INF\classes\application.properties 
java_command: org.springframework.ide.vscode.boot.app.BootLanguageServerBootApp
java_class_path (initial): c:\Users\Eskeal Obsa\.vscode\extensions\vmware.vscode-spring-boot-1.55.1\language-server\BOOT-INF\classes;c:\Users\Eskeal Obsa\.vscode\extensions\vmware.vscode-spring-boot-1.55.1\language-server\BOOT-INF\lib\annotations-24.1.0.jar;c:\Users\Eskeal Obsa\.vscode\extensions\vmware.vscode-spring-boot-1.55.1\language-server\BOOT-INF\lib\antlr4-runtime-4.13.1.jar;c:\Users\Eskeal Obsa\.vscode\extensions\vmware.vscode-spring-boot-1.55.1\language-server\BOOT-INF\lib\asm-9.7.jar;c:\Users\Eskeal Obsa\.vscode\extensions\vmware.vscode-spring-boot-1.55.1\language-server\BOOT-INF\lib\asm-analysis-9.7.jar;c:\Users\Eskeal Obsa\.vscode\extensions\vmware.vscode-spring-boot-1.55.1\language-server\BOOT-INF\lib\asm-tree-9.7.jar;c:\Users\Eskeal Obsa\.vscode\extensions\vmware.vscode-spring-boot-1.55.1\language-server\BOOT-INF\lib\asm-util-9.7.jar;c:\Users\Eskeal Obsa\.vscode\extensions\vmware.vscode-spring-boot-1.55.1\language-server\BOOT-INF\lib\caffeine-3.1.8.jar;c:\Users\Eskeal Obsa\.vscode\extensions\vmware.vscode-spring-boot-1.55.1\language-server\BOOT-INF\lib\checker-qual-3.12.0.jar;c:\Users\Eskeal Obsa\.vscode\extensions\vmware.vscode-spring-boot-1.55.1\language-server\BOOT-INF\lib\classgraph-4.8.149.jar;c:\Users\Eskeal Obsa\.vscode\extensions\vmware.vscode-spring-boot-1.55.1\language-server\BOOT-INF\lib\commons-codec-1.16.1.jar;c:\Users\Eskeal Obsa\.vscode\extensions\vmware.vscode-spring-boot-1.55.1\language-server\BOOT-INF\lib\commons-compress-1.26.1.jar;c:\Users\Eskeal Obsa\.vscode\extensions\vmware.vscode-spring-boot-1.55.1\language-server\BOOT-INF\lib\commons-io-2.16.1.jar;c:\Users\Eskeal Obsa\.vscode\extensions\vmware.vscode-spring-boot-1.55.1\language-server\BOOT-INF\lib\commons-java-1.55.1-SNAPSHOT.jar;c:\Users\Eskeal Obsa\.vscode\extensions\vmware.vscode-spring-boot-1.55.1\language-server\BOOT-INF\lib\commons-lang3-3.14.0.jar;c:\Users\Eskeal Obsa\.vscode\extensions\vmware.vscode-spring-boot-1.55.1\language-server\BOOT-INF\lib\commons-language-ser
Launcher Type: SUN_STANDARD

[Global flags]
     intx CICompilerCount                          = 4                                         {product} {ergonomic}
     uint ConcGCThreads                            = 2                                         {product} {ergonomic}
     uint G1ConcRefinementThreads                  = 8                                         {product} {ergonomic}
   size_t G1HeapRegionSize                         = 1048576                                   {product} {ergonomic}
    uintx GCDrainStackTargetSize                   = 64                                        {product} {ergonomic}
   size_t InitialHeapSize                          = 67108864                                  {product} {ergonomic}
   size_t MarkStackSize                            = 4194304                                   {product} {ergonomic}
   size_t MaxHeapSize                              = 1073741824                                {product} {command line}
   size_t MaxNewSize                               = 643825664                                 {product} {ergonomic}
   size_t MinHeapDeltaBytes                        = 1048576                                   {product} {ergonomic}
   size_t MinHeapSize                              = 8388608                                   {product} {ergonomic}
    uintx NonProfiledCodeHeapSize                  = 0                                      {pd product} {ergonomic}
     bool ProfileInterpreter                       = false                                  {pd product} {command line}
    uintx ProfiledCodeHeapSize                     = 0                                      {pd product} {ergonomic}
   size_t SoftMaxHeapSize                          = 1073741824                             {manageable} {ergonomic}
     intx TieredStopAtLevel                        = 1                                         {product} {command line}
     bool UseCompressedClassPointers               = true                           {product lp64_product} {ergonomic}
     bool UseCompressedOops                        = true                           {product lp64_product} {ergonomic}
     bool UseG1GC                                  = true                                      {product} {ergonomic}
     bool UseLargePagesIndividualAllocation        = false                                  {pd product} {ergonomic}

Logging:
Log output configuration:
 #0: stdout all=warning,jni+resolve=off uptime,level,tags
 #1: stderr all=off uptime,level,tags

Environment Variables:
JAVA_HOME=C:\Program Files\Java\jdk1.8.0_231
PATH=C:\Program Files\Java\jdk1.8.0_231\bin;C:\Program Files (x86)\Common Files\Oracle\Java\java8path;C:\Program Files (x86)\Common Files\Oracle\Java\javapath;C:\Program Files\Python312\Scripts\;C:\Program Files\Python312\;C:\WINDOWS\system32;C:\WINDOWS;C:\WINDOWS\System32\Wbem;C:\WINDOWS\System32\WindowsPowerShell\v1.0\;C:\WINDOWS\System32\OpenSSH\;C:\Program Files (x86)\Microsoft SQL Server\160\Tools\Binn\;C:\Program Files\Microsoft SQL Server\160\Tools\Binn\;C:\Program Files\Microsoft SQL Server\Client SDK\ODBC\170\Tools\Binn\;C:\Program Files\Microsoft SQL Server\160\DTS\Binn\;C:\Program Files (x86)\Microsoft SQL Server\160\DTS\Binn\;C:\Program Files\Java\jdk-21\bin;C:\Program Files\Git\cmd;C:\Program Files\HP\HP One Agent;C:\Program Files\nodejs\;C:\Users\Eskeal Obsa\AppData\Roaming\npm;C:\Users\Eskeal Obsa\Downloads\apache-maven-3.8.8-bin\apache-maven-3.8.8\bin;C:\Users\Eskeal Obsa\AppData\Local\Microsoft\WindowsApps;C:\Program Files\Azure Data Studio\bin;C:\Users\Eskeal Obsa\AppData\Local\Programs\Microsoft VS Code\bin;C:\Users\Eskeal Obsa\AppData\Roaming\npm;C:\Users\Eskeal Obsa\AppData\Local\GitHubDesktop\bin
USERNAME=Eskeal Obsa
OS=Windows_NT
PROCESSOR_IDENTIFIER=Intel64 Family 6 Model 142 Stepping 12, GenuineIntel
TMP=C:\Users\ESKEAL~1\AppData\Local\Temp
TEMP=C:\Users\ESKEAL~1\AppData\Local\Temp



Periodic native trim disabled


---------------  S Y S T E M  ---------------

OS:
 Windows 10 , 64 bit Build 19041 (10.0.19041.2546)
OS uptime: 8 days 6:05 hours

CPU: total 8 (initial active 8) (4 cores per cpu, 2 threads per core) family 6 model 142 stepping 12 microcode 0xea, cx8, cmov, fxsr, ht, mmx, 3dnowpref, sse, sse2, sse3, ssse3, sse4.1, sse4.2, popcnt, lzcnt, tsc, tscinvbit, avx, avx2, aes, erms, clmul, bmi1, bmi2, adx, fma, vzeroupper, clflush, clflushopt
Processor Information for all 8 processors :
  Max Mhz: 1800, Current Mhz: 1300, Mhz Limit: 1584

Memory: 4k page, system-wide physical 3982M (283M free)
TotalPageFile size 11880M (AvailPageFile size 0M)
current process WorkingSet (physical memory assigned to process): 42M, peak: 156M
current process commit charge ("private bytes"): 210M, peak: 214M

vm_info: OpenJDK 64-Bit Server VM (17.0.11+9) for windows-amd64 JRE (17.0.11+9), built on Apr 17 2024 06:07:48 by "admin" with MS VC++ 16.10 / 16.11 (VS2019)

END.
