#
# There is insufficient memory for the Java Runtime Environment to continue.
# Native memory allocation (malloc) failed to allocate 2097152 bytes. Error detail: AllocateHeap
# Possible reasons:
#   The system is out of physical RAM or swap space
#   This process is running with CompressedOops enabled, and the Java Heap may be blocking the growth of the native heap
# Possible solutions:
#   Reduce memory load on the system
#   Increase physical memory or swap space
#   Check if swap backing store is full
#   Decrease Java heap size (-Xmx/-Xms)
#   Decrease number of Java threads
#   Decrease Java thread stack sizes (-Xss)
#   Set larger code cache with -XX:ReservedCodeCacheSize=
#   JVM is running with Unscaled Compressed Oops mode in which the Java heap is
#     placed in the first 4GB address space. The Java Heap base address is the
#     maximum limit for the native heap growth. Please use -XX:HeapBaseMinAddress
#     to set the Java Heap base and to place the Java Heap above 4GB virtual address.
# This output file may be truncated or incomplete.
#
#  Out of Memory Error (allocation.cpp:44), pid=26916, tid=25776
#
# JRE version: OpenJDK Runtime Environment Temurin-17.0.11+9 (17.0.11+9) (build 17.0.11+9)
# Java VM: OpenJDK 64-Bit Server VM Temurin-17.0.11+9 (17.0.11+9, mixed mode, emulated-client, tiered, compressed oops, compressed class ptrs, g1 gc, windows-amd64)
# No core dump will be written. Minidumps are not enabled by default on client versions of Windows
#

---------------  S U M M A R Y ------------

Command Line: -Xmx1024m -Dsts.lsp.client=vscode -Dsts.log.file=/dev/null -XX:TieredStopAtLevel=1 -Xlog:jni+resolve=off -Dspring.config.location=file:c:\Users\Eskeal Obsa\.vscode\extensions\vmware.vscode-spring-boot-1.55.1\language-server\BOOT-INF\classes\application.properties org.springframework.ide.vscode.boot.app.BootLanguageServerBootApp

Host: Intel(R) Core(TM) i5-8265U CPU @ 1.60GHz, 8 cores, 3G,  Windows 10 , 64 bit Build 19041 (10.0.19041.2546)
Time: Mon Jul 22 15:51:14 2024 E. Africa Standard Time elapsed time: 24899.121710 seconds (0d 6h 54m 59s)

---------------  T H R E A D  ---------------

Current thread (0x000001f7cad6a220):  VMThread "VM Thread" [stack: 0x000000ca97e00000,0x000000ca97f00000] [id=25776]

Stack: [0x000000ca97e00000,0x000000ca97f00000]
Native frames: (J=compiled Java code, j=interpreted, Vv=VM code, C=native code)
V  [jvm.dll+0x67d429]
V  [jvm.dll+0x834b7a]
V  [jvm.dll+0x83663e]
V  [jvm.dll+0x836ca3]
V  [jvm.dll+0x247dbf]
V  [jvm.dll+0xa6cb3]
V  [jvm.dll+0x2f8b61]
V  [jvm.dll+0x2f4750]
V  [jvm.dll+0x2dcf67]
V  [jvm.dll+0x31fb67]
V  [jvm.dll+0x83b19b]
V  [jvm.dll+0x83bed2]
V  [jvm.dll+0x83c3ed]
V  [jvm.dll+0x83c7c4]
V  [jvm.dll+0x83c890]
V  [jvm.dll+0x7e410a]
V  [jvm.dll+0x67c315]
C  [ucrtbase.dll+0x21bb2]
C  [KERNEL32.DLL+0x17614]
C  [ntdll.dll+0x526a1]

VM_Operation (0x000000ca993fe9c0): G1CollectFull, mode: safepoint, requested by thread 0x000001f7d093a850


---------------  P R O C E S S  ---------------

Threads class SMR info:
_java_thread_list=0x000001f7d0313080, length=20, elements={
0x000001f7cadbf750, 0x000001f7cadc2dd0, 0x000001f7cadf3c00, 0x000001f7cadf4790,
0x000001f7cadf6070, 0x000001f7cadf6940, 0x000001f7cadf72c0, 0x000001f7cadfa1f0,
0x000001f7cf1e4cb0, 0x000001f7cf1f50b0, 0x000001f7d08a3040, 0x000001f7d093a850,
0x000001f7d0940320, 0x000001f7bff9f960, 0x000001f7d0344420, 0x000001f7d09e3970,
0x000001f7d09f6870, 0x000001f7d09f5940, 0x000001f7d09f6d80, 0x000001f7d09f5e50
}

Java Threads: ( => current thread )
  0x000001f7cadbf750 JavaThread "Reference Handler" daemon [_thread_blocked, id=3560, stack(0x000000ca97f00000,0x000000ca98000000)]
  0x000001f7cadc2dd0 JavaThread "Finalizer" daemon [_thread_blocked, id=27304, stack(0x000000ca98000000,0x000000ca98100000)]
  0x000001f7cadf3c00 JavaThread "Signal Dispatcher" daemon [_thread_blocked, id=23632, stack(0x000000ca98100000,0x000000ca98200000)]
  0x000001f7cadf4790 JavaThread "Attach Listener" daemon [_thread_blocked, id=5544, stack(0x000000ca98200000,0x000000ca98300000)]
  0x000001f7cadf6070 JavaThread "Service Thread" daemon [_thread_blocked, id=28900, stack(0x000000ca98300000,0x000000ca98400000)]
  0x000001f7cadf6940 JavaThread "Monitor Deflation Thread" daemon [_thread_blocked, id=15228, stack(0x000000ca98400000,0x000000ca98500000)]
  0x000001f7cadf72c0 JavaThread "C1 CompilerThread0" daemon [_thread_blocked, id=12724, stack(0x000000ca98500000,0x000000ca98600000)]
  0x000001f7cadfa1f0 JavaThread "Sweeper thread" daemon [_thread_blocked, id=23900, stack(0x000000ca98600000,0x000000ca98700000)]
  0x000001f7cf1e4cb0 JavaThread "Notification Thread" daemon [_thread_blocked, id=2552, stack(0x000000ca98800000,0x000000ca98900000)]
  0x000001f7cf1f50b0 JavaThread "Common-Cleaner" daemon [_thread_blocked, id=9040, stack(0x000000ca98a00000,0x000000ca98b00000)]
  0x000001f7d08a3040 JavaThread "boundedElastic-evictor-1" daemon [_thread_blocked, id=19692, stack(0x000000ca99200000,0x000000ca99300000)]
  0x000001f7d093a850 JavaThread "pool-13-thread-1" [_thread_blocked, id=4148, stack(0x000000ca99300000,0x000000ca99400000)]
  0x000001f7d0940320 JavaThread "LanguageServerApp-lifecycle" [_thread_blocked, id=25744, stack(0x000000ca99400000,0x000000ca99500000)]
  0x000001f7bff9f960 JavaThread "DestroyJavaVM" [_thread_blocked, id=11112, stack(0x000000ca97800000,0x000000ca97900000)]
  0x000001f7d0344420 JavaThread "pool-14-thread-1" [_thread_in_native, id=23940, stack(0x000000ca99600000,0x000000ca99700000)]
  0x000001f7d09e3970 JavaThread "Simple-Language-Server main thread" daemon [_thread_blocked, id=912, stack(0x000000ca99700000,0x000000ca99800000)]
  0x000001f7d09f6870 JavaThread "parallel-1" daemon [_thread_blocked, id=7632, stack(0x000000ca99a00000,0x000000ca99b00000)]
  0x000001f7d09f5940 JavaThread "pool-6-thread-1" [_thread_blocked, id=27492, stack(0x000000ca99b00000,0x000000ca99c00000)]
  0x000001f7d09f6d80 JavaThread "parallel-2" daemon [_thread_blocked, id=20884, stack(0x000000ca99c00000,0x000000ca99d00000)]
  0x000001f7d09f5e50 JavaThread "CompletableFutureDelayScheduler" daemon [_thread_blocked, id=17412, stack(0x000000ca97500000,0x000000ca97600000)]

Other Threads:
=>0x000001f7cad6a220 VMThread "VM Thread" [stack: 0x000000ca97e00000,0x000000ca97f00000] [id=25776]
  0x000001f7cf1e5190 WatcherThread [stack: 0x000000ca98900000,0x000000ca98a00000] [id=19832]
  0x000001f7bffdd8a0 GCTaskThread "GC Thread#0" [stack: 0x000000ca97900000,0x000000ca97a00000] [id=23540]
  0x000001f7cfbf95e0 GCTaskThread "GC Thread#1" [stack: 0x000000ca98b00000,0x000000ca98c00000] [id=9708]
  0x000001f7cfe2aca0 GCTaskThread "GC Thread#2" [stack: 0x000000ca98c00000,0x000000ca98d00000] [id=28256]
  0x000001f7cf4e6910 GCTaskThread "GC Thread#3" [stack: 0x000000ca98d00000,0x000000ca98e00000] [id=27708]
  0x000001f7cf0c8c10 GCTaskThread "GC Thread#4" [stack: 0x000000ca98f00000,0x000000ca99000000] [id=17344]
  0x000001f7cffb5c30 GCTaskThread "GC Thread#5" [stack: 0x000000ca99000000,0x000000ca99100000] [id=23676]
  0x000001f7d0032230 GCTaskThread "GC Thread#6" [stack: 0x000000ca98700000,0x000000ca98800000] [id=18636]
  0x000001f7cfa108f0 GCTaskThread "GC Thread#7" [stack: 0x000000ca98e00000,0x000000ca98f00000] [id=30256]
  0x000001f7bffe6600 ConcurrentGCThread "G1 Main Marker" [stack: 0x000000ca97a00000,0x000000ca97b00000] [id=23508]
  0x000001f7bffe76d0 ConcurrentGCThread "G1 Conc#0" [stack: 0x000000ca97b00000,0x000000ca97c00000] [id=26080]
  0x000001f7d01df330 ConcurrentGCThread "G1 Conc#1" [stack: 0x000000ca99500000,0x000000ca99600000] [id=20044]
  0x000001f7c0047590 ConcurrentGCThread "G1 Refine#0" [stack: 0x000000ca97c00000,0x000000ca97d00000] [id=22352]
  0x000001f7c0047ed0 ConcurrentGCThread "G1 Service" [stack: 0x000000ca97d00000,0x000000ca97e00000] [id=19644]

Threads with active compile tasks:

VM state: at safepoint (normal execution)

VM Mutex/Monitor currently owned by a thread:  ([mutex/lock_event])
[0x000001f7bde557f0] Threads_lock - owner thread: 0x000001f7cad6a220
[0x000001f7bff9b640] Heap_lock - owner thread: 0x000001f7d093a850

Heap address: 0x00000000c0000000, size: 1024 MB, Compressed Oops mode: 32-bit

CDS archive(s) not mapped
Compressed class space mapped at: 0x0000000100000000-0x0000000140000000, reserved size: 1073741824
Narrow klass base: 0x0000000000000000, Narrow klass shift: 3, Narrow klass range: 0x140000000

GC Precious Log:
 CPUs: 8 total, 8 available
 Memory: 3982M
 Large Page Support: Disabled
 NUMA Support: Disabled
 Compressed Oops: Enabled (32-bit)
 Heap Region Size: 1M
 Heap Min Capacity: 8M
 Heap Initial Capacity: 64M
 Heap Max Capacity: 1G
 Pre-touch: Disabled
 Parallel Workers: 8
 Concurrent Workers: 2
 Concurrent Refinement Workers: 8
 Periodic GC: Disabled

Heap:
 garbage-first heap   total 65536K, used 27008K [0x00000000c0000000, 0x0000000100000000)
  region size 1024K, 1 young (1024K), 0 survivors (0K)
 Metaspace       used 48319K, committed 48896K, reserved 1114112K
  class space    used 6254K, committed 6464K, reserved 1048576K

Heap Regions: E=young(eden), S=young(survivor), O=old, HS=humongous(starts), HC=humongous(continues), CS=collection set, F=free, OA=open archive, CA=closed archive, TAMS=top-at-mark-start (previous, next)
|   0|0x00000000c0000000, 0x00000000c0100000, 0x00000000c0100000|100%|HS|  |TAMS 0x00000000c0100000, 0x00000000c0000000| Untracked 
|   1|0x00000000c0100000, 0x00000000c0200000, 0x00000000c0200000|100%|HC|  |TAMS 0x00000000c0200000, 0x00000000c0100000| Untracked 
|   2|0x00000000c0200000, 0x00000000c0300000, 0x00000000c0300000|100%|HC|  |TAMS 0x00000000c0300000, 0x00000000c0200000| Untracked 
|   3|0x00000000c0300000, 0x00000000c0400000, 0x00000000c0400000|100%|HC|  |TAMS 0x00000000c0400000, 0x00000000c0300000| Untracked 
|   4|0x00000000c0400000, 0x00000000c0500000, 0x00000000c0500000|100%|HS|  |TAMS 0x00000000c0500000, 0x00000000c0400000| Untracked 
|   5|0x00000000c0500000, 0x00000000c0600000, 0x00000000c0600000|100%|HC|  |TAMS 0x00000000c0600000, 0x00000000c0500000| Untracked 
|   6|0x00000000c0600000, 0x00000000c0700000, 0x00000000c0700000|100%| O|  |TAMS 0x00000000c0700000, 0x00000000c0600000| Untracked 
|   7|0x00000000c0700000, 0x00000000c0800000, 0x00000000c0800000|100%| O|  |TAMS 0x00000000c0800000, 0x00000000c0700000| Untracked 
|   8|0x00000000c0800000, 0x00000000c0900000, 0x00000000c0900000|100%| O|  |TAMS 0x00000000c0900000, 0x00000000c0800000| Untracked 
|   9|0x00000000c0900000, 0x00000000c0a00000, 0x00000000c0a00000|100%| O|  |TAMS 0x00000000c0a00000, 0x00000000c0900000| Untracked 
|  10|0x00000000c0a00000, 0x00000000c0b00000, 0x00000000c0b00000|100%| O|  |TAMS 0x00000000c0b00000, 0x00000000c0a00000| Untracked 
|  11|0x00000000c0b00000, 0x00000000c0c00000, 0x00000000c0c00000|100%| O|  |TAMS 0x00000000c0c00000, 0x00000000c0b00000| Untracked 
|  12|0x00000000c0c00000, 0x00000000c0cffff8, 0x00000000c0d00000| 99%| O|  |TAMS 0x00000000c0cffff8, 0x00000000c0c00000| Untracked 
|  13|0x00000000c0d00000, 0x00000000c0e00000, 0x00000000c0e00000|100%| O|  |TAMS 0x00000000c0e00000, 0x00000000c0d00000| Untracked 
|  14|0x00000000c0e00000, 0x00000000c0f00000, 0x00000000c0f00000|100%| O|  |TAMS 0x00000000c0f00000, 0x00000000c0e00000| Untracked 
|  15|0x00000000c0f00000, 0x00000000c1000000, 0x00000000c1000000|100%| O|  |TAMS 0x00000000c1000000, 0x00000000c0f00000| Untracked 
|  16|0x00000000c1000000, 0x00000000c10ffff8, 0x00000000c1100000| 99%| O|  |TAMS 0x00000000c10ffff8, 0x00000000c1000000| Untracked 
|  17|0x00000000c1100000, 0x00000000c11fffe8, 0x00000000c1200000| 99%| O|  |TAMS 0x00000000c11fffe8, 0x00000000c1100000| Untracked 
|  18|0x00000000c1200000, 0x00000000c12ffff0, 0x00000000c1300000| 99%| O|  |TAMS 0x00000000c12ffff0, 0x00000000c1200000| Untracked 
|  19|0x00000000c1300000, 0x00000000c1400000, 0x00000000c1400000|100%| O|  |TAMS 0x00000000c1400000, 0x00000000c1300000| Untracked 
|  20|0x00000000c1400000, 0x00000000c14fffe0, 0x00000000c1500000| 99%| O|  |TAMS 0x00000000c14fffe0, 0x00000000c1400000| Untracked 
|  21|0x00000000c1500000, 0x00000000c15ffff8, 0x00000000c1600000| 99%| O|  |TAMS 0x00000000c15ffff8, 0x00000000c1500000| Untracked 
|  22|0x00000000c1600000, 0x00000000c16fff98, 0x00000000c1700000| 99%| O|  |TAMS 0x00000000c16fff98, 0x00000000c1600000| Untracked 
|  23|0x00000000c1700000, 0x00000000c1800000, 0x00000000c1800000|100%| O|  |TAMS 0x00000000c1800000, 0x00000000c1700000| Untracked 
|  24|0x00000000c1800000, 0x00000000c1900000, 0x00000000c1900000|100%| O|  |TAMS 0x00000000c1900000, 0x00000000c1800000| Untracked 
|  25|0x00000000c1900000, 0x00000000c19fb668, 0x00000000c1a00000| 98%| O|  |TAMS 0x00000000c19fb668, 0x00000000c1900000| Untracked 
|  26|0x00000000c1a00000, 0x00000000c1a64b60, 0x00000000c1b00000| 39%| O|  |TAMS 0x00000000c1a00000, 0x00000000c1a00000| Untracked 
|  27|0x00000000c1b00000, 0x00000000c1b00068, 0x00000000c1c00000|  0%| O|  |TAMS 0x00000000c1b00000, 0x00000000c1b00000| Untracked 
|  28|0x00000000c1c00000, 0x00000000c1c00000, 0x00000000c1d00000|  0%| F|  |TAMS 0x00000000c1c00000, 0x00000000c1c00000| Untracked 
|  29|0x00000000c1d00000, 0x00000000c1d00000, 0x00000000c1e00000|  0%| F|  |TAMS 0x00000000c1d00000, 0x00000000c1d00000| Untracked 
|  30|0x00000000c1e00000, 0x00000000c1e00000, 0x00000000c1f00000|  0%| F|  |TAMS 0x00000000c1e00000, 0x00000000c1e00000| Untracked 
|  31|0x00000000c1f00000, 0x00000000c1f00000, 0x00000000c2000000|  0%| F|  |TAMS 0x00000000c1f00000, 0x00000000c1f00000| Untracked 
|  32|0x00000000c2000000, 0x00000000c2000000, 0x00000000c2100000|  0%| F|  |TAMS 0x00000000c2000000, 0x00000000c2000000| Untracked 
|  33|0x00000000c2100000, 0x00000000c2100000, 0x00000000c2200000|  0%| F|  |TAMS 0x00000000c2100000, 0x00000000c2100000| Untracked 
|  34|0x00000000c2200000, 0x00000000c2200000, 0x00000000c2300000|  0%| F|  |TAMS 0x00000000c2200000, 0x00000000c2200000| Untracked 
|  35|0x00000000c2300000, 0x00000000c2300000, 0x00000000c2400000|  0%| F|  |TAMS 0x00000000c2300000, 0x00000000c2300000| Untracked 
|  36|0x00000000c2400000, 0x00000000c2400000, 0x00000000c2500000|  0%| F|  |TAMS 0x00000000c2400000, 0x00000000c2400000| Untracked 
|  37|0x00000000c2500000, 0x00000000c2500000, 0x00000000c2600000|  0%| F|  |TAMS 0x00000000c2500000, 0x00000000c2500000| Untracked 
|  38|0x00000000c2600000, 0x00000000c2600000, 0x00000000c2700000|  0%| F|  |TAMS 0x00000000c2600000, 0x00000000c2600000| Untracked 
|  39|0x00000000c2700000, 0x00000000c2700000, 0x00000000c2800000|  0%| F|  |TAMS 0x00000000c2700000, 0x00000000c2700000| Untracked 
|  40|0x00000000c2800000, 0x00000000c2800000, 0x00000000c2900000|  0%| F|  |TAMS 0x00000000c2800000, 0x00000000c2800000| Untracked 
|  41|0x00000000c2900000, 0x00000000c2900000, 0x00000000c2a00000|  0%| F|  |TAMS 0x00000000c2900000, 0x00000000c2900000| Untracked 
|  42|0x00000000c2a00000, 0x00000000c2a00000, 0x00000000c2b00000|  0%| F|  |TAMS 0x00000000c2a00000, 0x00000000c2a00000| Untracked 
|  43|0x00000000c2b00000, 0x00000000c2b00000, 0x00000000c2c00000|  0%| F|  |TAMS 0x00000000c2b00000, 0x00000000c2b00000| Untracked 
|  44|0x00000000c2c00000, 0x00000000c2c00000, 0x00000000c2d00000|  0%| F|  |TAMS 0x00000000c2c00000, 0x00000000c2c00000| Untracked 
|  45|0x00000000c2d00000, 0x00000000c2d00000, 0x00000000c2e00000|  0%| F|  |TAMS 0x00000000c2d00000, 0x00000000c2d00000| Untracked 
|  46|0x00000000c2e00000, 0x00000000c2e00000, 0x00000000c2f00000|  0%| F|  |TAMS 0x00000000c2e00000, 0x00000000c2e00000| Untracked 
|  47|0x00000000c2f00000, 0x00000000c2f00000, 0x00000000c3000000|  0%| F|  |TAMS 0x00000000c2f00000, 0x00000000c2f00000| Untracked 
|  48|0x00000000c3000000, 0x00000000c3000000, 0x00000000c3100000|  0%| F|  |TAMS 0x00000000c3000000, 0x00000000c3000000| Untracked 
|  49|0x00000000c3100000, 0x00000000c3100000, 0x00000000c3200000|  0%| F|  |TAMS 0x00000000c3100000, 0x00000000c3100000| Untracked 
|  50|0x00000000c3200000, 0x00000000c3200000, 0x00000000c3300000|  0%| F|  |TAMS 0x00000000c3200000, 0x00000000c3200000| Untracked 
|  51|0x00000000c3300000, 0x00000000c3300000, 0x00000000c3400000|  0%| F|  |TAMS 0x00000000c3300000, 0x00000000c3300000| Untracked 
|  52|0x00000000c3400000, 0x00000000c3400000, 0x00000000c3500000|  0%| F|  |TAMS 0x00000000c3400000, 0x00000000c3400000| Untracked 
|  53|0x00000000c3500000, 0x00000000c3500000, 0x00000000c3600000|  0%| F|  |TAMS 0x00000000c3500000, 0x00000000c3500000| Untracked 
|  54|0x00000000c3600000, 0x00000000c3600000, 0x00000000c3700000|  0%| F|  |TAMS 0x00000000c3600000, 0x00000000c3600000| Untracked 
|  55|0x00000000c3700000, 0x00000000c3700000, 0x00000000c3800000|  0%| F|  |TAMS 0x00000000c3700000, 0x00000000c3700000| Untracked 
|  56|0x00000000c3800000, 0x00000000c3800000, 0x00000000c3900000|  0%| F|  |TAMS 0x00000000c3800000, 0x00000000c3800000| Untracked 
|  57|0x00000000c3900000, 0x00000000c3900000, 0x00000000c3a00000|  0%| F|  |TAMS 0x00000000c3900000, 0x00000000c3900000| Untracked 
|  58|0x00000000c3a00000, 0x00000000c3a00000, 0x00000000c3b00000|  0%| F|  |TAMS 0x00000000c3a00000, 0x00000000c3a00000| Untracked 
|  59|0x00000000c3b00000, 0x00000000c3b00000, 0x00000000c3c00000|  0%| F|  |TAMS 0x00000000c3b00000, 0x00000000c3b00000| Untracked 
|  60|0x00000000c3c00000, 0x00000000c3c00000, 0x00000000c3d00000|  0%| F|  |TAMS 0x00000000c3c00000, 0x00000000c3c00000| Untracked 
|  61|0x00000000c3d00000, 0x00000000c3d00000, 0x00000000c3e00000|  0%| F|  |TAMS 0x00000000c3d00000, 0x00000000c3d00000| Untracked 
|  62|0x00000000c3e00000, 0x00000000c3e00000, 0x00000000c3f00000|  0%| F|  |TAMS 0x00000000c3e00000, 0x00000000c3e00000| Untracked 
|  63|0x00000000c3f00000, 0x00000000c3f258e8, 0x00000000c4000000| 14%| E|  |TAMS 0x00000000c3f00000, 0x00000000c3f00000| Complete 

Card table byte_map: [0x000001f7c5f40000,0x000001f7c6140000] _byte_map_base: 0x000001f7c5940000

Marking Bits (Prev, Next): (CMBitMap*) 0x000001f7bffddd10, (CMBitMap*) 0x000001f7bffddcd0
 Prev Bits: [0x000001f7c7340000, 0x000001f7c8340000)
 Next Bits: [0x000001f7c6340000, 0x000001f7c7340000)

Polling page: 0x000001f7bf750000

Metaspace:

Usage:
  Non-class:     41.08 MB used.
      Class:      6.11 MB used.
       Both:     47.19 MB used.

Virtual space:
  Non-class space:       64.00 MB reserved,      41.44 MB ( 65%) committed,  1 nodes.
      Class space:        1.00 GB reserved,       6.31 MB ( <1%) committed,  1 nodes.
             Both:        1.06 GB reserved,      47.75 MB (  4%) committed. 

Chunk freelists:
   Non-Class:  6.62 MB
       Class:  9.59 MB
        Both:  16.22 MB

MaxMetaspaceSize: unlimited
CompressedClassSpaceSize: 1.00 GB
Initial GC threshold: 21.00 MB
Current GC threshold: 79.50 MB
CDS: off
MetaspaceReclaimPolicy: balanced
 - commit_granule_bytes: 65536.
 - commit_granule_words: 8192.
 - virtual_space_node_default_size: 8388608.
 - enlarge_chunks_in_place: 1.
 - new_chunks_are_fully_committed: 0.
 - uncommit_free_chunks: 1.
 - use_allocation_guard: 0.
 - handle_deallocations: 1.


Internal statistics:

num_allocs_failed_limit: 6.
num_arena_births: 596.
num_arena_deaths: 212.
num_vsnodes_births: 2.
num_vsnodes_deaths: 0.
num_space_committed: 764.
num_space_uncommitted: 0.
num_chunks_returned_to_freelist: 247.
num_chunks_taken_from_freelist: 2049.
num_chunk_merges: 83.
num_chunk_splits: 1401.
num_chunks_enlarged: 1063.
num_inconsistent_stats: 0.

CodeCache: size=49152Kb used=8751Kb max_used=8896Kb free=40401Kb
 bounds [0x000001f7c2c30000, 0x000001f7c3560000, 0x000001f7c5c30000]
 total_blobs=5460 nmethods=4838 adapters=549
 compilation: enabled
              stopped_count=0, restarted_count=0
 full_count=0

Compilation events (20 events):
Event: 17091.968 Thread 0x000001f7cadf72c0 4836       1       com.google.common.cache.LocalCache$2::offer (2 bytes)
Event: 17091.969 Thread 0x000001f7cadf72c0 nmethod 4836 0x000001f7c307e910 code [0x000001f7c307eaa0, 0x000001f7c307eb78]
Event: 17091.986 Thread 0x000001f7cadf72c0 4837       1       com.google.common.cache.LocalCache$StrongEntry::getNext (5 bytes)
Event: 17091.987 Thread 0x000001f7cadf72c0 nmethod 4837 0x000001f7c307e610 code [0x000001f7c307e7a0, 0x000001f7c307e878]
Event: 17091.997 Thread 0x000001f7cadf72c0 4838       1       com.google.common.cache.LocalCache$StrongValueReference::get (5 bytes)
Event: 17091.997 Thread 0x000001f7cadf72c0 nmethod 4838 0x000001f7c307e310 code [0x000001f7c307e4a0, 0x000001f7c307e578]
Event: 17092.031 Thread 0x000001f7cadf72c0 4839       1       org.springframework.ide.vscode.commons.java.ClasspathData::getClasspathEntries (5 bytes)
Event: 17092.032 Thread 0x000001f7cadf72c0 nmethod 4839 0x000001f7c307e010 code [0x000001f7c307e1a0, 0x000001f7c307e278]
Event: 17092.036 Thread 0x000001f7cadf72c0 4840       1       sun.nio.fs.WindowsPath::getNameCount (10 bytes)
Event: 17092.036 Thread 0x000001f7cadf72c0 nmethod 4840 0x000001f7c307dd10 code [0x000001f7c307dea0, 0x000001f7c307df88]
Event: 17092.090 Thread 0x000001f7cadf72c0 4841       1       org.springframework.ide.vscode.commons.protocol.java.Classpath$CPE::getOutputFolder (5 bytes)
Event: 17092.090 Thread 0x000001f7cadf72c0 nmethod 4841 0x000001f7c307da10 code [0x000001f7c307dba0, 0x000001f7c307dc78]
Event: 17092.129 Thread 0x000001f7cadf72c0 4842       1       org.springframework.ide.vscode.commons.java.IClasspathUtil$$Lambda$935/0x0000000100634f98::test (8 bytes)
Event: 17092.132 Thread 0x000001f7cadf72c0 nmethod 4842 0x000001f7c307d590 code [0x000001f7c307d740, 0x000001f7c307d8c8]
Event: 17095.586 Thread 0x000001f7cadf72c0 4843       1       java.time.Instant::getEpochSecond (5 bytes)
Event: 17095.587 Thread 0x000001f7cadf72c0 nmethod 4843 0x000001f7c307d290 code [0x000001f7c307d420, 0x000001f7c307d4f8]
Event: 17095.589 Thread 0x000001f7cadf72c0 4844       1       org.eclipse.lsp4j.jsonrpc.messages.Message::setJsonrpc (6 bytes)
Event: 17095.589 Thread 0x000001f7cadf72c0 nmethod 4844 0x000001f7c307cf90 code [0x000001f7c307d120, 0x000001f7c307d238]
Event: 17305.042 Thread 0x000001f7cadf72c0 4845       1       java.time.format.DateTimeFormatter::getDecimalStyle (5 bytes)
Event: 17305.050 Thread 0x000001f7cadf72c0 nmethod 4845 0x000001f7c307cc90 code [0x000001f7c307ce20, 0x000001f7c307cef8]

GC Heap History (20 events):
Event: 24793.676 GC heap before
{Heap before GC invocations=2398 (full 2382):
 garbage-first heap   total 65536K, used 27008K [0x00000000c0000000, 0x0000000100000000)
  region size 1024K, 1 young (1024K), 0 survivors (0K)
 Metaspace       used 48319K, committed 48896K, reserved 1114112K
  class space    used 6254K, committed 6464K, reserved 1048576K
}
Event: 24793.728 GC heap after
{Heap after GC invocations=2399 (full 2383):
 garbage-first heap   total 65536K, used 27008K [0x00000000c0000000, 0x0000000100000000)
  region size 1024K, 0 young (0K), 0 survivors (0K)
 Metaspace       used 48319K, committed 48896K, reserved 1114112K
  class space    used 6254K, committed 6464K, reserved 1048576K
}
Event: 24804.087 GC heap before
{Heap before GC invocations=2399 (full 2383):
 garbage-first heap   total 65536K, used 27008K [0x00000000c0000000, 0x0000000100000000)
  region size 1024K, 1 young (1024K), 0 survivors (0K)
 Metaspace       used 48319K, committed 48896K, reserved 1114112K
  class space    used 6254K, committed 6464K, reserved 1048576K
}
Event: 24804.139 GC heap after
{Heap after GC invocations=2400 (full 2384):
 garbage-first heap   total 65536K, used 27008K [0x00000000c0000000, 0x0000000100000000)
  region size 1024K, 0 young (0K), 0 survivors (0K)
 Metaspace       used 48319K, committed 48896K, reserved 1114112K
  class space    used 6254K, committed 6464K, reserved 1048576K
}
Event: 24814.423 GC heap before
{Heap before GC invocations=2400 (full 2384):
 garbage-first heap   total 65536K, used 27008K [0x00000000c0000000, 0x0000000100000000)
  region size 1024K, 1 young (1024K), 0 survivors (0K)
 Metaspace       used 48319K, committed 48896K, reserved 1114112K
  class space    used 6254K, committed 6464K, reserved 1048576K
}
Event: 24814.481 GC heap after
{Heap after GC invocations=2401 (full 2385):
 garbage-first heap   total 65536K, used 27008K [0x00000000c0000000, 0x0000000100000000)
  region size 1024K, 0 young (0K), 0 survivors (0K)
 Metaspace       used 48319K, committed 48896K, reserved 1114112K
  class space    used 6254K, committed 6464K, reserved 1048576K
}
Event: 24824.788 GC heap before
{Heap before GC invocations=2401 (full 2385):
 garbage-first heap   total 65536K, used 27008K [0x00000000c0000000, 0x0000000100000000)
  region size 1024K, 1 young (1024K), 0 survivors (0K)
 Metaspace       used 48319K, committed 48896K, reserved 1114112K
  class space    used 6254K, committed 6464K, reserved 1048576K
}
Event: 24824.842 GC heap after
{Heap after GC invocations=2402 (full 2386):
 garbage-first heap   total 65536K, used 27008K [0x00000000c0000000, 0x0000000100000000)
  region size 1024K, 0 young (0K), 0 survivors (0K)
 Metaspace       used 48319K, committed 48896K, reserved 1114112K
  class space    used 6254K, committed 6464K, reserved 1048576K
}
Event: 24835.197 GC heap before
{Heap before GC invocations=2402 (full 2386):
 garbage-first heap   total 65536K, used 27008K [0x00000000c0000000, 0x0000000100000000)
  region size 1024K, 1 young (1024K), 0 survivors (0K)
 Metaspace       used 48319K, committed 48896K, reserved 1114112K
  class space    used 6254K, committed 6464K, reserved 1048576K
}
Event: 24835.318 GC heap after
{Heap after GC invocations=2403 (full 2387):
 garbage-first heap   total 65536K, used 27008K [0x00000000c0000000, 0x0000000100000000)
  region size 1024K, 0 young (0K), 0 survivors (0K)
 Metaspace       used 48319K, committed 48896K, reserved 1114112K
  class space    used 6254K, committed 6464K, reserved 1048576K
}
Event: 24845.628 GC heap before
{Heap before GC invocations=2403 (full 2387):
 garbage-first heap   total 65536K, used 27008K [0x00000000c0000000, 0x0000000100000000)
  region size 1024K, 1 young (1024K), 0 survivors (0K)
 Metaspace       used 48319K, committed 48896K, reserved 1114112K
  class space    used 6254K, committed 6464K, reserved 1048576K
}
Event: 24845.679 GC heap after
{Heap after GC invocations=2404 (full 2388):
 garbage-first heap   total 65536K, used 27008K [0x00000000c0000000, 0x0000000100000000)
  region size 1024K, 0 young (0K), 0 survivors (0K)
 Metaspace       used 48319K, committed 48896K, reserved 1114112K
  class space    used 6254K, committed 6464K, reserved 1048576K
}
Event: 24856.017 GC heap before
{Heap before GC invocations=2404 (full 2388):
 garbage-first heap   total 65536K, used 27008K [0x00000000c0000000, 0x0000000100000000)
  region size 1024K, 1 young (1024K), 0 survivors (0K)
 Metaspace       used 48319K, committed 48896K, reserved 1114112K
  class space    used 6254K, committed 6464K, reserved 1048576K
}
Event: 24856.083 GC heap after
{Heap after GC invocations=2405 (full 2389):
 garbage-first heap   total 65536K, used 27008K [0x00000000c0000000, 0x0000000100000000)
  region size 1024K, 0 young (0K), 0 survivors (0K)
 Metaspace       used 48319K, committed 48896K, reserved 1114112K
  class space    used 6254K, committed 6464K, reserved 1048576K
}
Event: 24866.396 GC heap before
{Heap before GC invocations=2405 (full 2389):
 garbage-first heap   total 65536K, used 27008K [0x00000000c0000000, 0x0000000100000000)
  region size 1024K, 1 young (1024K), 0 survivors (0K)
 Metaspace       used 48319K, committed 48896K, reserved 1114112K
  class space    used 6254K, committed 6464K, reserved 1048576K
}
Event: 24866.472 GC heap after
{Heap after GC invocations=2406 (full 2390):
 garbage-first heap   total 65536K, used 27008K [0x00000000c0000000, 0x0000000100000000)
  region size 1024K, 0 young (0K), 0 survivors (0K)
 Metaspace       used 48319K, committed 48896K, reserved 1114112K
  class space    used 6254K, committed 6464K, reserved 1048576K
}
Event: 24876.751 GC heap before
{Heap before GC invocations=2406 (full 2390):
 garbage-first heap   total 65536K, used 27008K [0x00000000c0000000, 0x0000000100000000)
  region size 1024K, 1 young (1024K), 0 survivors (0K)
 Metaspace       used 48319K, committed 48896K, reserved 1114112K
  class space    used 6254K, committed 6464K, reserved 1048576K
}
Event: 24876.822 GC heap after
{Heap after GC invocations=2407 (full 2391):
 garbage-first heap   total 65536K, used 27008K [0x00000000c0000000, 0x0000000100000000)
  region size 1024K, 0 young (0K), 0 survivors (0K)
 Metaspace       used 48319K, committed 48896K, reserved 1114112K
  class space    used 6254K, committed 6464K, reserved 1048576K
}
Event: 24888.815 GC heap before
{Heap before GC invocations=2407 (full 2391):
 garbage-first heap   total 65536K, used 27008K [0x00000000c0000000, 0x0000000100000000)
  region size 1024K, 1 young (1024K), 0 survivors (0K)
 Metaspace       used 48319K, committed 48896K, reserved 1114112K
  class space    used 6254K, committed 6464K, reserved 1048576K
}
Event: 24888.911 GC heap after
{Heap after GC invocations=2408 (full 2392):
 garbage-first heap   total 65536K, used 27008K [0x00000000c0000000, 0x0000000100000000)
  region size 1024K, 0 young (0K), 0 survivors (0K)
 Metaspace       used 48319K, committed 48896K, reserved 1114112K
  class space    used 6254K, committed 6464K, reserved 1048576K
}

Dll operation events (10 events):
Event: 0.020 Loaded shared library c:\Users\Eskeal Obsa\.vscode\extensions\redhat.java-1.32.0-win32-x64\jre\17.0.11-win32-x86_64\bin\java.dll
Event: 0.862 Loaded shared library C:\Users\Eskeal Obsa\.vscode\extensions\redhat.java-1.32.0-win32-x64\jre\17.0.11-win32-x86_64\bin\net.dll
Event: 0.866 Loaded shared library C:\Users\Eskeal Obsa\.vscode\extensions\redhat.java-1.32.0-win32-x64\jre\17.0.11-win32-x86_64\bin\nio.dll
Event: 1.882 Loaded shared library C:\Users\Eskeal Obsa\.vscode\extensions\redhat.java-1.32.0-win32-x64\jre\17.0.11-win32-x86_64\bin\zip.dll
Event: 20.486 Loaded shared library C:\Users\Eskeal Obsa\.vscode\extensions\redhat.java-1.32.0-win32-x64\jre\17.0.11-win32-x86_64\bin\jimage.dll
Event: 32.059 Loaded shared library c:\Users\Eskeal Obsa\.vscode\extensions\redhat.java-1.32.0-win32-x64\jre\17.0.11-win32-x86_64\bin\verify.dll
Event: 44.129 Loaded shared library C:\Users\Eskeal Obsa\.vscode\extensions\redhat.java-1.32.0-win32-x64\jre\17.0.11-win32-x86_64\bin\management.dll
Event: 44.139 Loaded shared library C:\Users\Eskeal Obsa\.vscode\extensions\redhat.java-1.32.0-win32-x64\jre\17.0.11-win32-x86_64\bin\management_ext.dll
Event: 46.198 Loaded shared library C:\Users\Eskeal Obsa\.vscode\extensions\redhat.java-1.32.0-win32-x64\jre\17.0.11-win32-x86_64\bin\sunmscapi.dll
Event: 46.932 Loaded shared library C:\Users\Eskeal Obsa\.vscode\extensions\redhat.java-1.32.0-win32-x64\jre\17.0.11-win32-x86_64\bin\extnet.dll

Deoptimization events (8 events):
Event: 45.093 Thread 0x000001f7d0344420 DEOPT PACKING pc=0x000001f7c2e27281 sp=0x000000ca996fd6f0
Event: 45.093 Thread 0x000001f7d0344420 DEOPT UNPACKING pc=0x000001f7c2c87143 sp=0x000000ca996fcb80 mode 3
Event: 45.154 Thread 0x000001f7d09f5940 DEOPT PACKING pc=0x000001f7c2e47c17 sp=0x000000ca99bff210
Event: 45.154 Thread 0x000001f7d09f5940 DEOPT UNPACKING pc=0x000001f7c2c87143 sp=0x000000ca99bfe668 mode 3
Event: 46.428 Thread 0x000001f7d09f5430 DEOPT PACKING pc=0x000001f7c2da018c sp=0x000000ca99dfb020
Event: 46.428 Thread 0x000001f7d09f5430 DEOPT UNPACKING pc=0x000001f7c2c87143 sp=0x000000ca99dfa4e8 mode 0
Event: 17088.695 Thread 0x000001f7d0344420 DEOPT PACKING pc=0x000001f7c31f3f54 sp=0x000000ca996febf0
Event: 17088.703 Thread 0x000001f7d0344420 DEOPT UNPACKING pc=0x000001f7c2c87143 sp=0x000000ca996fe098 mode 0

Classes unloaded (20 events):
Event: 96.275 Thread 0x000001f7cad6a220 Unloading class 0x0000000100269000 'java/lang/invoke/LambdaForm$MH+0x0000000100269000'
Event: 96.275 Thread 0x000001f7cad6a220 Unloading class 0x0000000100258400 'java/lang/invoke/LambdaForm$DMH+0x0000000100258400'
Event: 96.275 Thread 0x000001f7cad6a220 Unloading class 0x0000000100096000 'java/lang/invoke/LambdaForm$MH+0x0000000100096000'
Event: 96.275 Thread 0x000001f7cad6a220 Unloading class 0x0000000100095c00 'java/lang/invoke/LambdaForm$MH+0x0000000100095c00'
Event: 96.275 Thread 0x000001f7cad6a220 Unloading class 0x0000000100095800 'java/lang/invoke/LambdaForm$MH+0x0000000100095800'
Event: 96.275 Thread 0x000001f7cad6a220 Unloading class 0x0000000100095400 'java/lang/invoke/LambdaForm$MH+0x0000000100095400'
Event: 96.275 Thread 0x000001f7cad6a220 Unloading class 0x0000000100095000 'java/lang/invoke/LambdaForm$MH+0x0000000100095000'
Event: 96.275 Thread 0x000001f7cad6a220 Unloading class 0x0000000100094c00 'java/lang/invoke/LambdaForm$MH+0x0000000100094c00'
Event: 96.275 Thread 0x000001f7cad6a220 Unloading class 0x0000000100094800 'java/lang/invoke/LambdaForm$MH+0x0000000100094800'
Event: 96.275 Thread 0x000001f7cad6a220 Unloading class 0x0000000100094400 'java/lang/invoke/LambdaForm$MH+0x0000000100094400'
Event: 96.275 Thread 0x000001f7cad6a220 Unloading class 0x000000010008e800 'java/lang/invoke/LambdaForm$MH+0x000000010008e800'
Event: 96.275 Thread 0x000001f7cad6a220 Unloading class 0x000000010008e400 'java/lang/invoke/LambdaForm$MH+0x000000010008e400'
Event: 96.275 Thread 0x000001f7cad6a220 Unloading class 0x000000010008e000 'java/lang/invoke/LambdaForm$MH+0x000000010008e000'
Event: 96.275 Thread 0x000001f7cad6a220 Unloading class 0x000000010008dc00 'java/lang/invoke/LambdaForm$MH+0x000000010008dc00'
Event: 96.275 Thread 0x000001f7cad6a220 Unloading class 0x000000010008d800 'java/lang/invoke/LambdaForm$MH+0x000000010008d800'
Event: 96.275 Thread 0x000001f7cad6a220 Unloading class 0x000000010008d400 'java/lang/invoke/LambdaForm$MH+0x000000010008d400'
Event: 96.275 Thread 0x000001f7cad6a220 Unloading class 0x000000010008cc00 'java/lang/invoke/LambdaForm$MH+0x000000010008cc00'
Event: 96.275 Thread 0x000001f7cad6a220 Unloading class 0x000000010008c800 'java/lang/invoke/LambdaForm$MH+0x000000010008c800'
Event: 96.275 Thread 0x000001f7cad6a220 Unloading class 0x000000010008c000 'java/lang/invoke/LambdaForm$MH+0x000000010008c000'
Event: 96.275 Thread 0x000001f7cad6a220 Unloading class 0x000000010008bc00 'java/lang/invoke/LambdaForm$MH+0x000000010008bc00'

Classes redefined (0 events):
No events

Internal exceptions (20 events):
Event: 45.742 Thread 0x000001f7d09f5940 Exception <a 'sun/nio/fs/WindowsException'{0x00000000c350eaa8}> (0x00000000c350eaa8) 
thrown [s\src\hotspot\share\prims\jni.cpp, line 516]
Event: 45.743 Thread 0x000001f7d09f5940 Exception <a 'sun/nio/fs/WindowsException'{0x00000000c350f770}> (0x00000000c350f770) 
thrown [s\src\hotspot\share\prims\jni.cpp, line 516]
Event: 45.745 Thread 0x000001f7d09f5940 Exception <a 'sun/nio/fs/WindowsException'{0x00000000c352b0d0}> (0x00000000c352b0d0) 
thrown [s\src\hotspot\share\prims\jni.cpp, line 516]
Event: 45.745 Thread 0x000001f7d09f5940 Exception <a 'sun/nio/fs/WindowsException'{0x00000000c352bc30}> (0x00000000c352bc30) 
thrown [s\src\hotspot\share\prims\jni.cpp, line 516]
Event: 45.745 Thread 0x000001f7d09f5940 Exception <a 'sun/nio/fs/WindowsException'{0x00000000c352c778}> (0x00000000c352c778) 
thrown [s\src\hotspot\share\prims\jni.cpp, line 516]
Event: 45.746 Thread 0x000001f7d09f5940 Exception <a 'sun/nio/fs/WindowsException'{0x00000000c352d2e0}> (0x00000000c352d2e0) 
thrown [s\src\hotspot\share\prims\jni.cpp, line 516]
Event: 45.746 Thread 0x000001f7d09f5940 Exception <a 'sun/nio/fs/WindowsException'{0x00000000c352de00}> (0x00000000c352de00) 
thrown [s\src\hotspot\share\prims\jni.cpp, line 516]
Event: 45.746 Thread 0x000001f7d09f5940 Exception <a 'sun/nio/fs/WindowsException'{0x00000000c352e920}> (0x00000000c352e920) 
thrown [s\src\hotspot\share\prims\jni.cpp, line 516]
Event: 45.746 Thread 0x000001f7d09f5940 Exception <a 'sun/nio/fs/WindowsException'{0x00000000c352f548}> (0x00000000c352f548) 
thrown [s\src\hotspot\share\prims\jni.cpp, line 516]
Event: 45.747 Thread 0x000001f7d09f5940 Exception <a 'sun/nio/fs/WindowsException'{0x00000000c3530210}> (0x00000000c3530210) 
thrown [s\src\hotspot\share\prims\jni.cpp, line 516]
Event: 45.972 Thread 0x000001f7d09f5430 Exception <a 'java/lang/NoSuchMethodError'{0x00000000c30316d0}: 'java.lang.Object java.lang.invoke.DirectMethodHandle$Holder.invokeStatic(java.lang.Object, java.lang.Object, int, java.lang.Object)'> (0x00000000c30316d0) 
thrown [s\src\hotspot\share\interpreter\linkResolver.cpp, line 759]
Event: 45.973 Thread 0x000001f7d09f5430 Exception <a 'java/lang/NoSuchMethodError'{0x00000000c3037ab0}: 'java.lang.Object java.lang.invoke.DirectMethodHandle$Holder.newInvokeSpecial(java.lang.Object, java.lang.Object, int)'> (0x00000000c3037ab0) 
thrown [s\src\hotspot\share\interpreter\linkResolver.cpp, line 759]
Event: 46.378 Thread 0x000001f7d09f5430 Exception <a 'sun/nio/fs/WindowsException'{0x00000000c3c874a0}> (0x00000000c3c874a0) 
thrown [s\src\hotspot\share\prims\jni.cpp, line 516]
Event: 85.054 Thread 0x000001f7d093a850 Exception <a 'java/lang/NoSuchMethodError'{0x00000000c3bffd48}: 'void java.lang.invoke.DirectMethodHandle$Holder.invokeStatic(java.lang.Object, long)'> (0x00000000c3bffd48) 
thrown [s\src\hotspot\share\interpreter\linkResolver.cpp, line 759]
Event: 85.056 Thread 0x000001f7d093a850 Exception <a 'java/lang/NoSuchMethodError'{0x00000000c3a059e8}: 'java.lang.Object java.lang.invoke.DirectMethodHandle$Holder.newInvokeSpecial(java.lang.Object, long)'> (0x00000000c3a059e8) 
thrown [s\src\hotspot\share\interpreter\linkResolver.cpp, line 759]
Event: 348.726 Thread 0x000001f7d09f6360 Exception <a 'java/io/IOException'{0x00000000c3f532f0}> (0x00000000c3f532f0) 
thrown [s\src\hotspot\share\prims\jni.cpp, line 516]
Event: 348.968 Thread 0x000001f7d11ff960 Exception <a 'java/io/IOException'{0x00000000c3f5e6c8}> (0x00000000c3f5e6c8) 
thrown [s\src\hotspot\share\prims\jni.cpp, line 516]
Event: 351.079 Thread 0x000001f7d11ffe70 Exception <a 'java/io/IOException'{0x00000000c3f6fbd8}> (0x00000000c3f6fbd8) 
thrown [s\src\hotspot\share\prims\jni.cpp, line 516]
Event: 17305.055 Thread 0x000001f7d09e3970 Exception <a 'sun/nio/fs/WindowsException'{0x00000000c3f4a7c0}> (0x00000000c3f4a7c0) 
thrown [s\src\hotspot\share\prims\jni.cpp, line 516]
Event: 17305.061 Thread 0x000001f7d09e3970 Exception <a 'sun/nio/fs/WindowsException'{0x00000000c3f4aea0}> (0x00000000c3f4aea0) 
thrown [s\src\hotspot\share\prims\jni.cpp, line 516]

VM Operations (20 events):
Event: 24793.728 Executing VM operation: G1CollectFull done
Event: 24804.087 Executing VM operation: G1CollectFull
Event: 24804.139 Executing VM operation: G1CollectFull done
Event: 24814.422 Executing VM operation: G1CollectFull
Event: 24814.481 Executing VM operation: G1CollectFull done
Event: 24824.787 Executing VM operation: G1CollectFull
Event: 24824.842 Executing VM operation: G1CollectFull done
Event: 24835.197 Executing VM operation: G1CollectFull
Event: 24835.318 Executing VM operation: G1CollectFull done
Event: 24845.628 Executing VM operation: G1CollectFull
Event: 24845.680 Executing VM operation: G1CollectFull done
Event: 24856.016 Executing VM operation: G1CollectFull
Event: 24856.083 Executing VM operation: G1CollectFull done
Event: 24866.396 Executing VM operation: G1CollectFull
Event: 24866.472 Executing VM operation: G1CollectFull done
Event: 24876.751 Executing VM operation: G1CollectFull
Event: 24876.822 Executing VM operation: G1CollectFull done
Event: 24888.814 Executing VM operation: G1CollectFull
Event: 24888.911 Executing VM operation: G1CollectFull done
Event: 24899.075 Executing VM operation: G1CollectFull

Events (20 events):
Event: 348.691 loading class sun/security/ssl/Alert$Level
Event: 348.695 loading class sun/security/ssl/Alert$Level done
Event: 348.726 loading class sun/net/ConnectionResetException
Event: 348.728 loading class sun/net/ConnectionResetException done
Event: 408.736 Thread 0x000001f7d1204f70 Thread exited: 0x000001f7d1204f70
Event: 408.970 Thread 0x000001f7d11ff960 Thread exited: 0x000001f7d11ff960
Event: 408.974 Thread 0x000001f7d1201cd0 Thread exited: 0x000001f7d1201cd0
Event: 411.091 Thread 0x000001f7d09f6360 Thread exited: 0x000001f7d09f6360
Event: 411.209 Thread 0x000001f7d11ffe70 Thread exited: 0x000001f7d11ffe70
Event: 17090.651 loading class java/util/concurrent/CompletableFuture$DelayedExecutor
Event: 17090.693 loading class java/util/concurrent/CompletableFuture$DelayedExecutor done
Event: 17090.696 loading class java/util/concurrent/CompletableFuture$TaskSubmitter
Event: 17090.706 loading class java/util/concurrent/CompletableFuture$TaskSubmitter done
Event: 17090.707 loading class java/util/concurrent/CompletableFuture$Delayer
Event: 17090.714 loading class java/util/concurrent/CompletableFuture$Delayer done
Event: 17090.714 loading class java/util/concurrent/CompletableFuture$Delayer$DaemonThreadFactory
Event: 17090.722 loading class java/util/concurrent/CompletableFuture$Delayer$DaemonThreadFactory done
Event: 17090.735 Thread 0x000001f7d09f5e50 Thread added: 0x000001f7d09f5e50
Event: 17090.860 Thread 0x000001f7d09f6360 Thread added: 0x000001f7d09f6360
Event: 17152.714 Thread 0x000001f7d09f6360 Thread exited: 0x000001f7d09f6360


Dynamic libraries:
0x00007ff6af520000 - 0x00007ff6af52e000 	c:\Users\Eskeal Obsa\.vscode\extensions\redhat.java-1.32.0-win32-x64\jre\17.0.11-win32-x86_64\bin\java.exe
0x00007ffec8cd0000 - 0x00007ffec8ec8000 	C:\WINDOWS\SYSTEM32\ntdll.dll
0x00007ffec7600000 - 0x00007ffec76bf000 	C:\WINDOWS\System32\KERNEL32.DLL
0x00007ffec65b0000 - 0x00007ffec6882000 	C:\WINDOWS\System32\KERNELBASE.dll
0x00007ffec6400000 - 0x00007ffec6500000 	C:\WINDOWS\System32\ucrtbase.dll
0x00007ffea2c90000 - 0x00007ffea2cab000 	c:\Users\Eskeal Obsa\.vscode\extensions\redhat.java-1.32.0-win32-x64\jre\17.0.11-win32-x86_64\bin\VCRUNTIME140.dll
0x00007ffead940000 - 0x00007ffead957000 	c:\Users\Eskeal Obsa\.vscode\extensions\redhat.java-1.32.0-win32-x64\jre\17.0.11-win32-x86_64\bin\jli.dll
0x00007ffec8a80000 - 0x00007ffec8c21000 	C:\WINDOWS\System32\USER32.dll
0x00007ffec6ca0000 - 0x00007ffec6cc2000 	C:\WINDOWS\System32\win32u.dll
0x00007ffea2150000 - 0x00007ffea23ea000 	C:\WINDOWS\WinSxS\amd64_microsoft.windows.common-controls_6595b64144ccf1df_6.0.19041.1110_none_60b5254171f9507e\COMCTL32.dll
0x00007ffec7990000 - 0x00007ffec79bb000 	C:\WINDOWS\System32\GDI32.dll
0x00007ffec8820000 - 0x00007ffec88be000 	C:\WINDOWS\System32\msvcrt.dll
0x00007ffec6930000 - 0x00007ffec6a3f000 	C:\WINDOWS\System32\gdi32full.dll
0x00007ffec6890000 - 0x00007ffec692d000 	C:\WINDOWS\System32\msvcp_win.dll
0x00007ffec8240000 - 0x00007ffec8270000 	C:\WINDOWS\System32\IMM32.DLL
0x00007ffebd2d0000 - 0x00007ffebd2dc000 	c:\Users\Eskeal Obsa\.vscode\extensions\redhat.java-1.32.0-win32-x64\jre\17.0.11-win32-x86_64\bin\vcruntime140_1.dll
0x00007ffe983f0000 - 0x00007ffe9847d000 	c:\Users\Eskeal Obsa\.vscode\extensions\redhat.java-1.32.0-win32-x64\jre\17.0.11-win32-x86_64\bin\msvcp140.dll
0x00007ffe72ef0000 - 0x00007ffe73b52000 	c:\Users\Eskeal Obsa\.vscode\extensions\redhat.java-1.32.0-win32-x64\jre\17.0.11-win32-x86_64\bin\server\jvm.dll
0x00007ffec7790000 - 0x00007ffec783e000 	C:\WINDOWS\System32\ADVAPI32.dll
0x00007ffec89e0000 - 0x00007ffec8a7c000 	C:\WINDOWS\System32\sechost.dll
0x00007ffec79c0000 - 0x00007ffec7ae4000 	C:\WINDOWS\System32\RPCRT4.dll
0x00007ffec6240000 - 0x00007ffec628b000 	C:\WINDOWS\SYSTEM32\POWRPROF.dll
0x00007ffeb38f0000 - 0x00007ffeb38f9000 	C:\WINDOWS\SYSTEM32\WSOCK32.dll
0x00007ffeae290000 - 0x00007ffeae2b7000 	C:\WINDOWS\SYSTEM32\WINMM.dll
0x00007ffec8970000 - 0x00007ffec89db000 	C:\WINDOWS\System32\WS2_32.dll
0x00007ffebecd0000 - 0x00007ffebecda000 	C:\WINDOWS\SYSTEM32\VERSION.dll
0x00007ffec6220000 - 0x00007ffec6232000 	C:\WINDOWS\SYSTEM32\UMPDC.dll
0x00007ffec4c20000 - 0x00007ffec4c32000 	C:\WINDOWS\SYSTEM32\kernel.appcore.dll
0x00007ffeb2e30000 - 0x00007ffeb2e3a000 	c:\Users\Eskeal Obsa\.vscode\extensions\redhat.java-1.32.0-win32-x64\jre\17.0.11-win32-x86_64\bin\jimage.dll
0x00007ffec4190000 - 0x00007ffec4374000 	C:\WINDOWS\SYSTEM32\DBGHELP.DLL
0x00007ffebd4e0000 - 0x00007ffebd515000 	C:\WINDOWS\SYSTEM32\dbgcore.DLL
0x00007ffec6a40000 - 0x00007ffec6ac2000 	C:\WINDOWS\System32\bcryptPrimitives.dll
0x00007ffe9cdc0000 - 0x00007ffe9cde5000 	c:\Users\Eskeal Obsa\.vscode\extensions\redhat.java-1.32.0-win32-x64\jre\17.0.11-win32-x86_64\bin\java.dll
0x00007ffea2080000 - 0x00007ffea2098000 	c:\Users\Eskeal Obsa\.vscode\extensions\redhat.java-1.32.0-win32-x64\jre\17.0.11-win32-x86_64\bin\zip.dll
0x00007ffec7af0000 - 0x00007ffec8235000 	C:\WINDOWS\System32\SHELL32.dll
0x00007ffec4470000 - 0x00007ffec4c02000 	C:\WINDOWS\SYSTEM32\windows.storage.dll
0x00007ffec82f0000 - 0x00007ffec8645000 	C:\WINDOWS\System32\combase.dll
0x00007ffec5d50000 - 0x00007ffec5d80000 	C:\WINDOWS\SYSTEM32\Wldp.dll
0x00007ffec6d20000 - 0x00007ffec6dcd000 	C:\WINDOWS\System32\SHCORE.dll
0x00007ffec8c30000 - 0x00007ffec8c85000 	C:\WINDOWS\System32\shlwapi.dll
0x00007ffec6310000 - 0x00007ffec632f000 	C:\WINDOWS\SYSTEM32\profapi.dll
0x00007ffe9f650000 - 0x00007ffe9f669000 	C:\Users\Eskeal Obsa\.vscode\extensions\redhat.java-1.32.0-win32-x64\jre\17.0.11-win32-x86_64\bin\net.dll
0x00007ffeb9990000 - 0x00007ffeb9a9a000 	C:\WINDOWS\SYSTEM32\WINHTTP.dll
0x00007ffec5ab0000 - 0x00007ffec5b1a000 	C:\WINDOWS\system32\mswsock.dll
0x00007ffe9f190000 - 0x00007ffe9f1a6000 	C:\Users\Eskeal Obsa\.vscode\extensions\redhat.java-1.32.0-win32-x64\jre\17.0.11-win32-x86_64\bin\nio.dll
0x00007ffeb1cf0000 - 0x00007ffeb1d00000 	c:\Users\Eskeal Obsa\.vscode\extensions\redhat.java-1.32.0-win32-x64\jre\17.0.11-win32-x86_64\bin\verify.dll
0x00007ffec5cb0000 - 0x00007ffec5cc8000 	C:\WINDOWS\SYSTEM32\CRYPTSP.dll
0x00007ffec53d0000 - 0x00007ffec5404000 	C:\WINDOWS\system32\rsaenh.dll
0x00007ffec63d0000 - 0x00007ffec63f7000 	C:\WINDOWS\System32\bcrypt.dll
0x00007ffec6290000 - 0x00007ffec62be000 	C:\WINDOWS\SYSTEM32\USERENV.dll
0x00007ffec5ca0000 - 0x00007ffec5cac000 	C:\WINDOWS\SYSTEM32\CRYPTBASE.dll
0x00007ffec57a0000 - 0x00007ffec57db000 	C:\WINDOWS\SYSTEM32\IPHLPAPI.DLL
0x00007ffec7840000 - 0x00007ffec7848000 	C:\WINDOWS\System32\NSI.dll
0x00007ffeb3f40000 - 0x00007ffeb3f57000 	C:\WINDOWS\SYSTEM32\dhcpcsvc6.DLL
0x00007ffebc4e0000 - 0x00007ffebc4fd000 	C:\WINDOWS\SYSTEM32\dhcpcsvc.DLL
0x00007ffec57e0000 - 0x00007ffec58ab000 	C:\WINDOWS\SYSTEM32\DNSAPI.dll
0x00007ffebf0f0000 - 0x00007ffebf0f9000 	C:\Users\Eskeal Obsa\.vscode\extensions\redhat.java-1.32.0-win32-x64\jre\17.0.11-win32-x86_64\bin\management.dll
0x00007ffebf0e0000 - 0x00007ffebf0eb000 	C:\Users\Eskeal Obsa\.vscode\extensions\redhat.java-1.32.0-win32-x64\jre\17.0.11-win32-x86_64\bin\management_ext.dll
0x00007ffec7850000 - 0x00007ffec7858000 	C:\WINDOWS\System32\PSAPI.DLL
0x00007ffebf0d0000 - 0x00007ffebf0de000 	C:\Users\Eskeal Obsa\.vscode\extensions\redhat.java-1.32.0-win32-x64\jre\17.0.11-win32-x86_64\bin\sunmscapi.dll
0x00007ffec6ad0000 - 0x00007ffec6c26000 	C:\WINDOWS\System32\CRYPT32.dll
0x00007ffec5dc0000 - 0x00007ffec5de7000 	C:\WINDOWS\SYSTEM32\ncrypt.dll
0x00007ffec5d80000 - 0x00007ffec5dbb000 	C:\WINDOWS\SYSTEM32\NTASN1.dll
0x00007ffebdac0000 - 0x00007ffebdaca000 	C:\Windows\System32\rasadhlp.dll
0x00007ffead3e0000 - 0x00007ffead460000 	C:\WINDOWS\System32\fwpuclnt.dll
0x00007ffebe870000 - 0x00007ffebe879000 	C:\Users\Eskeal Obsa\.vscode\extensions\redhat.java-1.32.0-win32-x64\jre\17.0.11-win32-x86_64\bin\extnet.dll

dbghelp: loaded successfully - version: 4.0.5 - missing functions: none
symbol engine: initialized successfully - sym options: 0x614 - pdb path: .;c:\Users\Eskeal Obsa\.vscode\extensions\redhat.java-1.32.0-win32-x64\jre\17.0.11-win32-x86_64\bin;C:\WINDOWS\SYSTEM32;C:\WINDOWS\WinSxS\amd64_microsoft.windows.common-controls_6595b64144ccf1df_6.0.19041.1110_none_60b5254171f9507e;c:\Users\Eskeal Obsa\.vscode\extensions\redhat.java-1.32.0-win32-x64\jre\17.0.11-win32-x86_64\bin\server

VM Arguments:
jvm_args: -Xmx1024m -Dsts.lsp.client=vscode -Dsts.log.file=/dev/null -XX:TieredStopAtLevel=1 -Xlog:jni+resolve=off -Dspring.config.location=file:c:\Users\Eskeal Obsa\.vscode\extensions\vmware.vscode-spring-boot-1.55.1\language-server\BOOT-INF\classes\application.properties 
java_command: org.springframework.ide.vscode.boot.app.BootLanguageServerBootApp
java_class_path (initial): c:\Users\Eskeal Obsa\.vscode\extensions\vmware.vscode-spring-boot-1.55.1\language-server\BOOT-INF\classes;c:\Users\Eskeal Obsa\.vscode\extensions\vmware.vscode-spring-boot-1.55.1\language-server\BOOT-INF\lib\annotations-24.1.0.jar;c:\Users\Eskeal Obsa\.vscode\extensions\vmware.vscode-spring-boot-1.55.1\language-server\BOOT-INF\lib\antlr4-runtime-4.13.1.jar;c:\Users\Eskeal Obsa\.vscode\extensions\vmware.vscode-spring-boot-1.55.1\language-server\BOOT-INF\lib\asm-9.7.jar;c:\Users\Eskeal Obsa\.vscode\extensions\vmware.vscode-spring-boot-1.55.1\language-server\BOOT-INF\lib\asm-analysis-9.7.jar;c:\Users\Eskeal Obsa\.vscode\extensions\vmware.vscode-spring-boot-1.55.1\language-server\BOOT-INF\lib\asm-tree-9.7.jar;c:\Users\Eskeal Obsa\.vscode\extensions\vmware.vscode-spring-boot-1.55.1\language-server\BOOT-INF\lib\asm-util-9.7.jar;c:\Users\Eskeal Obsa\.vscode\extensions\vmware.vscode-spring-boot-1.55.1\language-server\BOOT-INF\lib\caffeine-3.1.8.jar;c:\Users\Eskeal Obsa\.vscode\extensions\vmware.vscode-spring-boot-1.55.1\language-server\BOOT-INF\lib\checker-qual-3.12.0.jar;c:\Users\Eskeal Obsa\.vscode\extensions\vmware.vscode-spring-boot-1.55.1\language-server\BOOT-INF\lib\classgraph-4.8.149.jar;c:\Users\Eskeal Obsa\.vscode\extensions\vmware.vscode-spring-boot-1.55.1\language-server\BOOT-INF\lib\commons-codec-1.16.1.jar;c:\Users\Eskeal Obsa\.vscode\extensions\vmware.vscode-spring-boot-1.55.1\language-server\BOOT-INF\lib\commons-compress-1.26.1.jar;c:\Users\Eskeal Obsa\.vscode\extensions\vmware.vscode-spring-boot-1.55.1\language-server\BOOT-INF\lib\commons-io-2.16.1.jar;c:\Users\Eskeal Obsa\.vscode\extensions\vmware.vscode-spring-boot-1.55.1\language-server\BOOT-INF\lib\commons-java-1.55.1-SNAPSHOT.jar;c:\Users\Eskeal Obsa\.vscode\extensions\vmware.vscode-spring-boot-1.55.1\language-server\BOOT-INF\lib\commons-lang3-3.14.0.jar;c:\Users\Eskeal Obsa\.vscode\extensions\vmware.vscode-spring-boot-1.55.1\language-server\BOOT-INF\lib\commons-language-ser
Launcher Type: SUN_STANDARD

[Global flags]
     intx CICompilerCount                          = 4                                         {product} {ergonomic}
     uint ConcGCThreads                            = 2                                         {product} {ergonomic}
     uint G1ConcRefinementThreads                  = 8                                         {product} {ergonomic}
   size_t G1HeapRegionSize                         = 1048576                                   {product} {ergonomic}
    uintx GCDrainStackTargetSize                   = 64                                        {product} {ergonomic}
   size_t InitialHeapSize                          = 67108864                                  {product} {ergonomic}
   size_t MarkStackSize                            = 4194304                                   {product} {ergonomic}
   size_t MaxHeapSize                              = 1073741824                                {product} {command line}
   size_t MaxNewSize                               = 643825664                                 {product} {ergonomic}
   size_t MinHeapDeltaBytes                        = 1048576                                   {product} {ergonomic}
   size_t MinHeapSize                              = 8388608                                   {product} {ergonomic}
    uintx NonProfiledCodeHeapSize                  = 0                                      {pd product} {ergonomic}
     bool ProfileInterpreter                       = false                                  {pd product} {command line}
    uintx ProfiledCodeHeapSize                     = 0                                      {pd product} {ergonomic}
   size_t SoftMaxHeapSize                          = 1073741824                             {manageable} {ergonomic}
     intx TieredStopAtLevel                        = 1                                         {product} {command line}
     bool UseCompressedClassPointers               = true                           {product lp64_product} {ergonomic}
     bool UseCompressedOops                        = true                           {product lp64_product} {ergonomic}
     bool UseG1GC                                  = true                                      {product} {ergonomic}
     bool UseLargePagesIndividualAllocation        = false                                  {pd product} {ergonomic}

Logging:
Log output configuration:
 #0: stdout all=warning,jni+resolve=off uptime,level,tags
 #1: stderr all=off uptime,level,tags

Environment Variables:
JAVA_HOME=C:\Program Files\Java\jdk1.8.0_231
PATH=C:\Program Files\Java\jdk1.8.0_231\bin;C:\Program Files (x86)\Common Files\Oracle\Java\java8path;C:\Program Files (x86)\Common Files\Oracle\Java\javapath;C:\Program Files\Python312\Scripts\;C:\Program Files\Python312\;C:\WINDOWS\system32;C:\WINDOWS;C:\WINDOWS\System32\Wbem;C:\WINDOWS\System32\WindowsPowerShell\v1.0\;C:\WINDOWS\System32\OpenSSH\;C:\Program Files (x86)\Microsoft SQL Server\160\Tools\Binn\;C:\Program Files\Microsoft SQL Server\160\Tools\Binn\;C:\Program Files\Microsoft SQL Server\Client SDK\ODBC\170\Tools\Binn\;C:\Program Files\Microsoft SQL Server\160\DTS\Binn\;C:\Program Files (x86)\Microsoft SQL Server\160\DTS\Binn\;C:\Program Files\Java\jdk-21\bin;C:\Program Files\Git\cmd;C:\Program Files\HP\HP One Agent;C:\Program Files\nodejs\;C:\Users\Eskeal Obsa\AppData\Roaming\npm;C:\Users\Eskeal Obsa\Downloads\apache-maven-3.8.8-bin\apache-maven-3.8.8\bin;C:\Users\Eskeal Obsa\AppData\Local\Microsoft\WindowsApps;C:\Program Files\Azure Data Studio\bin;C:\Users\Eskeal Obsa\AppData\Local\Programs\Microsoft VS Code\bin;C:\Users\Eskeal Obsa\AppData\Roaming\npm;C:\Users\Eskeal Obsa\AppData\Local\GitHubDesktop\bin
USERNAME=Eskeal Obsa
OS=Windows_NT
PROCESSOR_IDENTIFIER=Intel64 Family 6 Model 142 Stepping 12, GenuineIntel
TMP=C:\Users\ESKEAL~1\AppData\Local\Temp
TEMP=C:\Users\ESKEAL~1\AppData\Local\Temp



Periodic native trim disabled


---------------  S Y S T E M  ---------------

OS:
 Windows 10 , 64 bit Build 19041 (10.0.19041.2546)
OS uptime: 10 days 1:15 hours

CPU: total 8 (initial active 8) (4 cores per cpu, 2 threads per core) family 6 model 142 stepping 12 microcode 0xea, cx8, cmov, fxsr, ht, mmx, 3dnowpref, sse, sse2, sse3, ssse3, sse4.1, sse4.2, popcnt, lzcnt, tsc, tscinvbit, avx, avx2, aes, erms, clmul, bmi1, bmi2, adx, fma, vzeroupper, clflush, clflushopt
Processor Information for all 8 processors :
  Max Mhz: 1800, Current Mhz: 1300, Mhz Limit: 1584

Memory: 4k page, system-wide physical 3982M (279M free)
TotalPageFile size 11880M (AvailPageFile size 5M)
current process WorkingSet (physical memory assigned to process): 45M, peak: 169M
current process commit charge ("private bytes"): 211M, peak: 225M

vm_info: OpenJDK 64-Bit Server VM (17.0.11+9) for windows-amd64 JRE (17.0.11+9), built on Apr 17 2024 06:07:48 by "admin" with MS VC++ 16.10 / 16.11 (VS2019)

END.
